Fold 0
Loading data
Number of tasks = 1
Splitting data with seed 0
Total size = 2,768 | train size = 2,214 | val size = 554 | test size = 1,187
Fitting scaler
Building model 0
MoleculeModel(
  (encoder): MPN(
    (encoder): MPNEncoder(
      (dropout_layer): Dropout(p=0.0, inplace=False)
      (act_func): ReLU()
      (W_i_atom): Linear(in_features=133, out_features=300, bias=False)
      (W_i_bond): Linear(in_features=147, out_features=300, bias=False)
      (W_h_atom): Linear(in_features=447, out_features=300, bias=False)
      (W_h_0): Linear(in_features=300, out_features=300, bias=False)
      (W_h_1): Linear(in_features=300, out_features=300, bias=False)
      (W_o): Linear(in_features=600, out_features=300, bias=True)
      (gru): BatchGRU(
        (gru): GRU(300, 300, batch_first=True, bidirectional=True)
      )
      (lr): Linear(in_features=900, out_features=300, bias=False)
    )
  )
  (ffn): Sequential(
    (0): Dropout(p=0.0, inplace=False)
    (1): Linear(in_features=300, out_features=300, bias=True)
    (2): ReLU()
    (3): Dropout(p=0.0, inplace=False)
    (4): Linear(in_features=300, out_features=1, bias=True)
  )
)
Number of parameters = 2,022,901
Moving model to cuda
Epoch 0
Validation r2 = 0.017943
Epoch 1
Validation r2 = -0.061046
Epoch 2
Validation r2 = -0.103218
Epoch 3
Validation r2 = 0.417971
Epoch 4
Validation r2 = 0.554771
Epoch 5
Validation r2 = 0.312650
Epoch 6
Validation r2 = 0.481151
Epoch 7
Validation r2 = 0.652813
Epoch 8
Validation r2 = 0.713865
Epoch 9
Validation r2 = 0.728183
Epoch 10
Validation r2 = 0.679330
Epoch 11
Validation r2 = 0.751984
Epoch 12
Validation r2 = 0.764196
Epoch 13
Validation r2 = 0.755332
Epoch 14
Validation r2 = 0.776439
Epoch 15
Validation r2 = 0.734240
Epoch 16
Validation r2 = 0.779170
Epoch 17
Validation r2 = 0.800096
Epoch 18
Validation r2 = 0.801125
Epoch 19
Validation r2 = 0.817232
Epoch 20
Validation r2 = 0.805565
Epoch 21
Validation r2 = 0.822757
Epoch 22
Validation r2 = 0.824928
Epoch 23
Validation r2 = 0.837844
Epoch 24
Validation r2 = 0.824752
Epoch 25
Validation r2 = 0.838924
Epoch 26
Validation r2 = 0.848542
Epoch 27
Validation r2 = 0.844769
Epoch 28
Validation r2 = 0.826152
Epoch 29
Validation r2 = 0.820975
Epoch 30
Validation r2 = 0.814603
Epoch 31
Validation r2 = 0.850977
Epoch 32
Validation r2 = 0.858799
Epoch 33
Validation r2 = 0.859042
Epoch 34
Validation r2 = 0.854742
Epoch 35
Validation r2 = 0.848375
Epoch 36
Validation r2 = 0.870060
Epoch 37
Validation r2 = 0.868875
Epoch 38
Validation r2 = 0.868696
Epoch 39
Validation r2 = 0.877234
Epoch 40
Validation r2 = 0.875374
Epoch 41
Validation r2 = 0.870512
Epoch 42
Validation r2 = 0.878747
Epoch 43
Validation r2 = 0.882525
Epoch 44
Validation r2 = 0.889206
Epoch 45
Validation r2 = 0.891825
Epoch 46
Validation r2 = 0.895216
Epoch 47
Validation r2 = 0.893595
Epoch 48
Validation r2 = 0.901085
Epoch 49
Validation r2 = 0.900358
Epoch 50
Validation r2 = 0.894824
Epoch 51
Validation r2 = 0.901422
Epoch 52
Validation r2 = 0.908545
Epoch 53
Validation r2 = 0.900829
Epoch 54
Validation r2 = 0.908635
Epoch 55
Validation r2 = 0.909515
Epoch 56
Validation r2 = 0.909939
Epoch 57
Validation r2 = 0.907973
Epoch 58
Validation r2 = 0.918475
Epoch 59
Validation r2 = 0.912939
Epoch 60
Validation r2 = 0.915531
Epoch 61
Validation r2 = 0.915706
Epoch 62
Validation r2 = 0.917922
Epoch 63
Validation r2 = 0.911375
Epoch 64
Validation r2 = 0.921986
Epoch 65
Validation r2 = 0.920067
Epoch 66
Validation r2 = 0.918696
Epoch 67
Validation r2 = 0.923928
Epoch 68
Validation r2 = 0.922662
Epoch 69
Validation r2 = 0.924716
Epoch 70
Validation r2 = 0.916809
Epoch 71
Validation r2 = 0.920085
Epoch 72
Validation r2 = 0.926184
Epoch 73
Validation r2 = 0.924598
Epoch 74
Validation r2 = 0.917058
Epoch 75
Validation r2 = 0.919993
Epoch 76
Validation r2 = 0.930500
Epoch 77
Validation r2 = 0.927003
Epoch 78
Validation r2 = 0.930952
Epoch 79
Validation r2 = 0.923214
Epoch 80
Validation r2 = 0.933751
Epoch 81
Validation r2 = 0.932608
Epoch 82
Validation r2 = 0.931707
Epoch 83
Validation r2 = 0.931754
Epoch 84
Validation r2 = 0.933291
Epoch 85
Validation r2 = 0.934174
Epoch 86
Validation r2 = 0.933569
Epoch 87
Validation r2 = 0.932654
Epoch 88
Validation r2 = 0.933840
Epoch 89
Validation r2 = 0.934000
Epoch 90
Validation r2 = 0.933243
Epoch 91
Validation r2 = 0.936223
Epoch 92
Validation r2 = 0.935070
Epoch 93
Validation r2 = 0.934482
Epoch 94
Validation r2 = 0.934510
Epoch 95
Validation r2 = 0.936468
Epoch 96
Validation r2 = 0.936400
Epoch 97
Validation r2 = 0.936925
Epoch 98
Validation r2 = 0.936576
Epoch 99
Validation r2 = 0.934343
Model 0 best validation r2 = 0.936925 on epoch 97
Moving model to cuda
Model 0 test mae = 0.178970
Model 0 test mse = 0.058194
Model 0 test r2 = 0.941567
Ensemble test mae = 0.178970
Ensemble test mse = 0.058194
Ensemble test r2 = 0.941567
1-fold cross validation
Seed 0 ==> test r2 = 0.941567
Overall test r2 = 0.941567 +/- 0.000000
