Fold 0
Loading data
Number of tasks = 1
Splitting data with seed 0
Total size = 601 | train size = 480 | val size = 121 | test size = 474
Fitting scaler
Building model 0
MoleculeModel(
  (encoder): MPN(
    (encoder): MPNEncoder(
      (dropout_layer): Dropout(p=0.0, inplace=False)
      (act_func): ReLU()
      (W_i_atom): Linear(in_features=133, out_features=300, bias=False)
      (W_i_bond): Linear(in_features=147, out_features=300, bias=False)
      (W_h_atom): Linear(in_features=447, out_features=300, bias=False)
      (W_h_0): Linear(in_features=300, out_features=300, bias=False)
      (W_h_1): Linear(in_features=300, out_features=300, bias=False)
      (W_o): Linear(in_features=600, out_features=300, bias=True)
      (gru): BatchGRU(
        (gru): GRU(300, 300, batch_first=True, bidirectional=True)
      )
      (lr): Linear(in_features=900, out_features=300, bias=False)
    )
  )
  (ffn): Sequential(
    (0): Dropout(p=0.0, inplace=False)
    (1): Linear(in_features=300, out_features=300, bias=True)
    (2): ReLU()
    (3): Dropout(p=0.0, inplace=False)
    (4): Linear(in_features=300, out_features=1, bias=True)
  )
)
Number of parameters = 2,022,901
Moving model to cuda
Epoch 0
Validation r2 = -0.202875
Epoch 1
Validation r2 = 0.112856
Epoch 2
Validation r2 = 0.088339
Epoch 3
Validation r2 = 0.192052
Epoch 4
Validation r2 = 0.192232
Epoch 5
Validation r2 = 0.190175
Epoch 6
Validation r2 = 0.200204
Epoch 7
Validation r2 = 0.186623
Epoch 8
Validation r2 = 0.222178
Epoch 9
Validation r2 = 0.236698
Epoch 10
Validation r2 = 0.271453
Epoch 11
Validation r2 = 0.260106
Epoch 12
Validation r2 = 0.305454
Epoch 13
Validation r2 = 0.276228
Epoch 14
Validation r2 = 0.264564
Epoch 15
Validation r2 = 0.394880
Epoch 16
Validation r2 = 0.336067
Epoch 17
Validation r2 = 0.511615
Epoch 18
Validation r2 = 0.549304
Epoch 19
Validation r2 = 0.560423
Epoch 20
Validation r2 = 0.574808
Epoch 21
Validation r2 = 0.616914
Epoch 22
Validation r2 = 0.649576
Epoch 23
Validation r2 = 0.661392
Epoch 24
Validation r2 = 0.687103
Epoch 25
Validation r2 = 0.730744
Epoch 26
Validation r2 = 0.635507
Epoch 27
Validation r2 = 0.559212
Epoch 28
Validation r2 = 0.739633
Epoch 29
Validation r2 = 0.690852
Epoch 30
Validation r2 = 0.770237
Epoch 31
Validation r2 = 0.746331
Epoch 32
Validation r2 = 0.805169
Epoch 33
Validation r2 = 0.819197
Epoch 34
Validation r2 = 0.812439
Epoch 35
Validation r2 = 0.809037
Epoch 36
Validation r2 = 0.803964
Epoch 37
Validation r2 = 0.834645
Epoch 38
Validation r2 = 0.820339
Epoch 39
Validation r2 = 0.810189
Epoch 40
Validation r2 = 0.809058
Epoch 41
Validation r2 = 0.839012
Epoch 42
Validation r2 = 0.831569
Epoch 43
Validation r2 = 0.828221
Epoch 44
Validation r2 = 0.850188
Epoch 45
Validation r2 = 0.846193
Epoch 46
Validation r2 = 0.859945
Epoch 47
Validation r2 = 0.826646
Epoch 48
Validation r2 = 0.849285
Epoch 49
Validation r2 = 0.855065
Epoch 50
Validation r2 = 0.861032
Epoch 51
Validation r2 = 0.852762
Epoch 52
Validation r2 = 0.861647
Epoch 53
Validation r2 = 0.868383
Epoch 54
Validation r2 = 0.856811
Epoch 55
Validation r2 = 0.858269
Epoch 56
Validation r2 = 0.841127
Epoch 57
Validation r2 = 0.866754
Epoch 58
Validation r2 = 0.859648
Epoch 59
Validation r2 = 0.870192
Epoch 60
Validation r2 = 0.867908
Epoch 61
Validation r2 = 0.856099
Epoch 62
Validation r2 = 0.840173
Epoch 63
Validation r2 = 0.853566
Epoch 64
Validation r2 = 0.868718
Epoch 65
Validation r2 = 0.868451
Epoch 66
Validation r2 = 0.857360
Epoch 67
Validation r2 = 0.867477
Epoch 68
Validation r2 = 0.867632
Epoch 69
Validation r2 = 0.871433
Epoch 70
Validation r2 = 0.856722
Epoch 71
Validation r2 = 0.864634
Epoch 72
Validation r2 = 0.856673
Epoch 73
Validation r2 = 0.864932
Epoch 74
Validation r2 = 0.861978
Epoch 75
Validation r2 = 0.872180
Epoch 76
Validation r2 = 0.864775
Epoch 77
Validation r2 = 0.872850
Epoch 78
Validation r2 = 0.873095
Epoch 79
Validation r2 = 0.872492
Epoch 80
Validation r2 = 0.872638
Epoch 81
Validation r2 = 0.874938
Epoch 82
Validation r2 = 0.872714
Epoch 83
Validation r2 = 0.876201
Epoch 84
Validation r2 = 0.873226
Epoch 85
Validation r2 = 0.874284
Epoch 86
Validation r2 = 0.874232
Epoch 87
Validation r2 = 0.876596
Epoch 88
Validation r2 = 0.876615
Epoch 89
Validation r2 = 0.875933
Epoch 90
Validation r2 = 0.874802
Epoch 91
Validation r2 = 0.877657
Epoch 92
Validation r2 = 0.876910
Epoch 93
Validation r2 = 0.877866
Epoch 94
Validation r2 = 0.876521
Epoch 95
Validation r2 = 0.876406
Epoch 96
Validation r2 = 0.876949
Epoch 97
Validation r2 = 0.877616
Epoch 98
Validation r2 = 0.877261
Epoch 99
Validation r2 = 0.878530
Model 0 best validation r2 = 0.878530 on epoch 99
Moving model to cuda
Model 0 test mae = 0.177668
Model 0 test mse = 0.062911
Model 0 test r2 = 0.873348
Ensemble test mae = 0.177668
Ensemble test mse = 0.062911
Ensemble test r2 = 0.873348
1-fold cross validation
Seed 0 ==> test r2 = 0.873348
Overall test r2 = 0.873348 +/- 0.000000
