Fold 0
Loading data
Number of tasks = 1
Splitting data with seed 0
Total size = 601 | train size = 480 | val size = 121 | test size = 474
Fitting scaler
Building model 0
MoleculeModel(
  (encoder): MPN(
    (encoder): MPNEncoder(
      (dropout_layer): Dropout(p=0.0, inplace=False)
      (act_func): ReLU()
      (W_i_atom): Linear(in_features=133, out_features=300, bias=False)
      (W_i_bond): Linear(in_features=147, out_features=300, bias=False)
      (W_h_atom): Linear(in_features=447, out_features=300, bias=False)
      (W_h_0): Linear(in_features=300, out_features=300, bias=False)
      (W_h_1): Linear(in_features=300, out_features=300, bias=False)
      (W_o): Linear(in_features=600, out_features=300, bias=True)
      (gru): BatchGRU(
        (gru): GRU(300, 300, batch_first=True, bidirectional=True)
      )
      (lr): Linear(in_features=900, out_features=300, bias=False)
    )
  )
  (ffn): Sequential(
    (0): Dropout(p=0.0, inplace=False)
    (1): Linear(in_features=300, out_features=300, bias=True)
    (2): ReLU()
    (3): Dropout(p=0.0, inplace=False)
    (4): Linear(in_features=300, out_features=1, bias=True)
  )
)
Number of parameters = 2,022,901
Moving model to cuda
Epoch 0
Fold 0
Loading data
Validation r2 = 0.054737
Epoch 1
Number of tasks = 1
Splitting data with seed 0
Fold 0
Loading data
Total size = 601 | train size = 480 | val size = 121 | test size = 474
Fitting scaler
Building model 0
MoleculeModel(
  (encoder): MPN(
    (encoder): MPNEncoder(
      (dropout_layer): Dropout(p=0.0, inplace=False)
      (act_func): ReLU()
      (W_i_atom): Linear(in_features=133, out_features=300, bias=False)
      (W_i_bond): Linear(in_features=147, out_features=300, bias=False)
      (W_h_atom): Linear(in_features=447, out_features=300, bias=False)
      (W_h_0): Linear(in_features=300, out_features=300, bias=False)
      (W_h_1): Linear(in_features=300, out_features=300, bias=False)
      (W_o): Linear(in_features=600, out_features=300, bias=True)
      (gru): BatchGRU(
        (gru): GRU(300, 300, batch_first=True, bidirectional=True)
      )
      (lr): Linear(in_features=900, out_features=300, bias=False)
    )
  )
  (ffn): Sequential(
    (0): Dropout(p=0.0, inplace=False)
    (1): Linear(in_features=300, out_features=300, bias=True)
    (2): ReLU()
    (3): Dropout(p=0.0, inplace=False)
    (4): Linear(in_features=300, out_features=1, bias=True)
  )
)
Number of parameters = 2,022,901
Moving model to cuda
Number of tasks = 1
Splitting data with seed 0
Total size = 601 | train size = 480 | val size = 121 | test size = 474
Fitting scaler
Building model 0
MoleculeModel(
  (encoder): MPN(
    (encoder): MPNEncoder(
      (dropout_layer): Dropout(p=0.0, inplace=False)
      (act_func): ReLU()
      (W_i_atom): Linear(in_features=133, out_features=300, bias=False)
      (W_i_bond): Linear(in_features=147, out_features=300, bias=False)
      (W_h_atom): Linear(in_features=447, out_features=300, bias=False)
      (W_h_0): Linear(in_features=300, out_features=300, bias=False)
      (W_h_1): Linear(in_features=300, out_features=300, bias=False)
      (W_o): Linear(in_features=600, out_features=300, bias=True)
      (gru): BatchGRU(
        (gru): GRU(300, 300, batch_first=True, bidirectional=True)
      )
      (lr): Linear(in_features=900, out_features=300, bias=False)
    )
  )
  (ffn): Sequential(
    (0): Dropout(p=0.0, inplace=False)
    (1): Linear(in_features=300, out_features=300, bias=True)
    (2): ReLU()
    (3): Dropout(p=0.0, inplace=False)
    (4): Linear(in_features=300, out_features=1, bias=True)
  )
)
Number of parameters = 2,022,901
Moving model to cuda
Validation r2 = -0.061915
Epoch 2
Validation r2 = 0.145345
Epoch 3
Validation r2 = 0.223630
Epoch 4
Epoch 0
Epoch 0
Validation r2 = 0.181474
Epoch 5
Validation r2 = 0.254195
Epoch 6
Validation r2 = 0.204032
Epoch 7
Validation r2 = 0.249366
Epoch 8
Validation r2 = 0.236892
Epoch 9
Validation r2 = 0.275845
Epoch 10
Validation r2 = 0.208445
Epoch 11
Validation r2 = 0.251630
Epoch 12
Validation r2 = 0.252384
Epoch 13
Validation r2 = 0.253511
Epoch 14
Validation r2 = 0.280068
Epoch 15
Validation r2 = 0.267142
Epoch 16
Validation r2 = 0.303635
Epoch 17
Validation r2 = 0.339742
Epoch 18
Validation r2 = 0.314355
Epoch 19
Validation r2 = 0.426063
Epoch 20
Validation r2 = 0.484918
Epoch 21
Validation r2 = 0.475580
Epoch 22
Validation r2 = 0.531771
Epoch 23
Validation r2 = 0.607256
Epoch 24
Validation r2 = 0.626396
Epoch 25
Validation r2 = 0.634428
Epoch 26
Validation r2 = 0.661770
Epoch 27
Validation r2 = 0.652790
Epoch 28
Validation r2 = 0.623506
Epoch 29
Validation r2 = 0.704433
Epoch 30
Validation r2 = 0.736642
Epoch 31
Validation r2 = 0.677964
Epoch 32
Validation r2 = 0.728673
Epoch 33
Validation r2 = 0.695023
Epoch 34
Validation r2 = 0.757853
Epoch 35
Validation r2 = 0.771913
Epoch 36
Validation r2 = 0.764966
Epoch 37
Validation r2 = 0.783476
Epoch 38
Validation r2 = 0.773299
Epoch 39
Validation r2 = 0.804864
Epoch 40
Validation r2 = 0.811125
Epoch 41
Validation r2 = 0.823235
Epoch 42
Validation r2 = 0.826318
Epoch 43
Validation r2 = 0.835418
Epoch 44
Validation r2 = 0.839512
Epoch 45
Validation r2 = 0.847988
Epoch 46
Validation r2 = 0.834583
Epoch 47
Validation r2 = 0.785651
Epoch 48
Validation r2 = 0.807380
Epoch 49
Validation r2 = 0.822339
Epoch 50
Validation r2 = 0.840669
Epoch 51
Validation r2 = 0.840043
Epoch 52
Validation r2 = 0.846965
Epoch 53
Validation r2 = 0.849229
Epoch 54
Validation r2 = 0.865475
Epoch 55
Validation r2 = 0.862540
Epoch 56
Validation r2 = 0.872093
Epoch 57
Validation r2 = 0.876153
Epoch 58
Validation r2 = 0.879317
Epoch 59
Validation r2 = 0.881540
Epoch 60
Validation r2 = 0.883682
Epoch 61
Validation r2 = 0.884285
Epoch 62
Validation r2 = 0.884901
Epoch 63
Validation r2 = 0.884243
Epoch 64
Validation r2 = 0.882416
Epoch 65
Validation r2 = 0.881955
Epoch 66
Validation r2 = 0.891317
Epoch 67
Validation r2 = 0.892758
Epoch 68
Validation r2 = 0.885710
Epoch 69
Validation r2 = 0.883768
Epoch 70
Validation r2 = 0.888182
Epoch 71
Validation r2 = 0.892190
Epoch 72
Validation r2 = 0.884823
Epoch 73
Validation r2 = 0.887658
Epoch 74
Validation r2 = 0.887767
Epoch 75
Validation r2 = 0.895499
Epoch 76
Validation r2 = 0.896088
Epoch 77
Validation r2 = 0.890258
Epoch 78
Validation r2 = 0.886795
Epoch 79
Validation r2 = 0.887039
Epoch 80
Validation r2 = 0.897041
Epoch 81
Validation r2 = 0.896610
Epoch 82
Validation r2 = 0.897913
Epoch 83
Validation r2 = 0.899562
Epoch 84
Validation r2 = 0.897847
Epoch 85
Validation r2 = 0.900181
Epoch 86
Validation r2 = 0.900599
Epoch 87
Validation r2 = 0.899703
Epoch 88
Validation r2 = 0.900939
Epoch 89
Validation r2 = 0.899938
Epoch 90
Validation r2 = 0.904181
Epoch 91
Validation r2 = 0.901656
Epoch 92
Validation r2 = 0.904470
Epoch 93
Validation r2 = 0.902552
Epoch 94
Validation r2 = 0.901775
Epoch 95
Validation r2 = 0.902908
Epoch 96
Validation r2 = 0.903339
Epoch 97
Validation r2 = 0.904543
Epoch 98
Validation r2 = 0.902345
Epoch 99
Validation r2 = 0.905210
Model 0 best validation r2 = 0.905210 on epoch 99
Moving model to cuda
Model 0 test mae = 0.156720
Model 0 test mse = 0.050304
Model 0 test r2 = 0.902346
Ensemble test mae = 0.156720
Ensemble test mse = 0.050304
Ensemble test r2 = 0.902346
1-fold cross validation
Seed 0 ==> test r2 = 0.902346
Overall test r2 = 0.902346 +/- 0.000000
