Fold 0
Loading data
Number of tasks = 1
Splitting data with seed 0
Total size = 601 | train size = 480 | val size = 121 | test size = 474
Fitting scaler
Building model 0
MoleculeModel(
  (encoder): MPN(
    (encoder): MPNEncoder(
      (dropout_layer): Dropout(p=0.0, inplace=False)
      (act_func): ReLU()
      (W_i_atom): Linear(in_features=133, out_features=300, bias=False)
      (W_i_bond): Linear(in_features=147, out_features=300, bias=False)
      (W_h_atom): Linear(in_features=447, out_features=300, bias=False)
      (W_h_0): Linear(in_features=300, out_features=300, bias=False)
      (W_h_1): Linear(in_features=300, out_features=300, bias=False)
      (W_o): Linear(in_features=600, out_features=300, bias=True)
      (gru): BatchGRU(
        (gru): GRU(300, 300, batch_first=True, bidirectional=True)
      )
      (lr): Linear(in_features=900, out_features=300, bias=False)
    )
  )
  (ffn): Sequential(
    (0): Dropout(p=0.0, inplace=False)
    (1): Linear(in_features=1200, out_features=300, bias=True)
    (2): ReLU()
    (3): Dropout(p=0.0, inplace=False)
    (4): Linear(in_features=300, out_features=1, bias=True)
  )
)
Number of parameters = 2,292,901
Moving model to cuda
Epoch 0
Validation r2 = -0.070400
Epoch 1
Validation r2 = 0.162977
Epoch 2
Validation r2 = 0.199486
Epoch 3
Validation r2 = 0.255258
Epoch 4
Validation r2 = 0.413551
Epoch 5
Validation r2 = 0.375451
Epoch 6
Validation r2 = 0.584840
Epoch 7
Validation r2 = 0.702192
Epoch 8
Validation r2 = 0.690743
Epoch 9
Validation r2 = 0.747190
Epoch 10
Validation r2 = 0.768199
Epoch 11
Validation r2 = 0.772848
Epoch 12
Validation r2 = 0.817624
Epoch 13
Validation r2 = 0.815312
Epoch 14
Validation r2 = 0.808867
Epoch 15
Validation r2 = 0.764411
Epoch 16
Validation r2 = 0.784888
Epoch 17
Validation r2 = 0.829266
Epoch 18
Validation r2 = 0.859236
Epoch 19
Validation r2 = 0.859454
Epoch 20
Validation r2 = 0.834298
Epoch 21
Validation r2 = 0.860399
Epoch 22
Validation r2 = 0.845903
Epoch 23
Validation r2 = 0.866931
Epoch 24
Validation r2 = 0.834079
Epoch 25
Validation r2 = 0.872322
Epoch 26
Validation r2 = 0.842427
Epoch 27
Validation r2 = 0.882204
Epoch 28
Validation r2 = 0.882856
Epoch 29
Validation r2 = 0.893082
Epoch 30
Validation r2 = 0.873282
Epoch 31
Validation r2 = 0.891903
Epoch 32
Validation r2 = 0.893279
Epoch 33
Validation r2 = 0.894994
Epoch 34
Validation r2 = 0.889008
Epoch 35
Validation r2 = 0.899866
Epoch 36
Validation r2 = 0.907085
Epoch 37
Validation r2 = 0.910103
Epoch 38
Validation r2 = 0.910765
Epoch 39
Validation r2 = 0.906753
Epoch 40
Validation r2 = 0.910077
Epoch 41
Validation r2 = 0.903467
Epoch 42
Validation r2 = 0.906646
Epoch 43
Validation r2 = 0.909308
Epoch 44
Validation r2 = 0.908324
Epoch 45
Validation r2 = 0.911874
Epoch 46
Validation r2 = 0.916886
Epoch 47
Validation r2 = 0.913372
Epoch 48
Validation r2 = 0.917639
Epoch 49
Validation r2 = 0.906164
Epoch 50
Validation r2 = 0.910787
Epoch 51
Validation r2 = 0.915730
Epoch 52
Validation r2 = 0.901360
Epoch 53
Validation r2 = 0.912379
Epoch 54
Validation r2 = 0.905271
Epoch 55
Validation r2 = 0.912933
Epoch 56
Validation r2 = 0.916204
Epoch 57
Validation r2 = 0.912898
Epoch 58
Validation r2 = 0.911252
Epoch 59
Validation r2 = 0.916400
Epoch 60
Validation r2 = 0.913345
Epoch 61
Validation r2 = 0.908145
Epoch 62
Validation r2 = 0.916919
Epoch 63
Validation r2 = 0.915492
Epoch 64
Validation r2 = 0.911827
Epoch 65
Validation r2 = 0.909201
Epoch 66
Validation r2 = 0.914244
Epoch 67
Validation r2 = 0.909283
Epoch 68
Validation r2 = 0.905352
Epoch 69
Validation r2 = 0.913638
Epoch 70
Validation r2 = 0.908188
Epoch 71
Validation r2 = 0.909513
Epoch 72
Validation r2 = 0.900625
Epoch 73
Validation r2 = 0.908614
Epoch 74
Validation r2 = 0.911975
Epoch 75
Validation r2 = 0.914781
Epoch 76
Validation r2 = 0.905231
Epoch 77
Validation r2 = 0.909541
Epoch 78
Validation r2 = 0.914269
Epoch 79
Validation r2 = 0.911268
Epoch 80
Validation r2 = 0.909399
Epoch 81
Validation r2 = 0.910810
Epoch 82
Validation r2 = 0.913071
Epoch 83
Validation r2 = 0.914486
Epoch 84
Validation r2 = 0.911080
Epoch 85
Validation r2 = 0.908509
Epoch 86
Validation r2 = 0.909177
Epoch 87
Validation r2 = 0.910594
Epoch 88
Validation r2 = 0.911627
Epoch 89
Validation r2 = 0.912399
Epoch 90
Validation r2 = 0.912114
Epoch 91
Validation r2 = 0.909671
Epoch 92
Validation r2 = 0.911659
Epoch 93
Validation r2 = 0.912631
Epoch 94
Validation r2 = 0.914279
Epoch 95
Validation r2 = 0.914941
Epoch 96
Validation r2 = 0.913544
Epoch 97
Validation r2 = 0.908816
Epoch 98
Validation r2 = 0.907051
Epoch 99
Validation r2 = 0.913245
Model 0 best validation r2 = 0.917639 on epoch 48
Moving model to cuda
Model 0 test mae = 0.160373
Model 0 test mse = 0.047725
Model 0 test r2 = 0.892854
Ensemble test mae = 0.160373
Ensemble test mse = 0.047725
Ensemble test r2 = 0.892854
1-fold cross validation
Seed 0 ==> test r2 = 0.892854
Overall test r2 = 0.892854 +/- 0.000000
