Fold 0
Loading data
Number of tasks = 1
Splitting data with seed 0
Total size = 601 | train size = 480 | val size = 121 | test size = 474
Fitting scaler
Building model 0
MoleculeModel(
  (encoder): MPN(
    (encoder): MPNEncoder(
      (dropout_layer): Dropout(p=0.0, inplace=False)
      (act_func): ReLU()
      (W_i_atom): Linear(in_features=133, out_features=300, bias=False)
      (W_i_bond): Linear(in_features=147, out_features=300, bias=False)
      (W_h_atom): Linear(in_features=447, out_features=300, bias=False)
      (W_h_0): Linear(in_features=300, out_features=300, bias=False)
      (W_h_1): Linear(in_features=300, out_features=300, bias=False)
      (W_o): Linear(in_features=600, out_features=300, bias=True)
      (gru): BatchGRU(
        (gru): GRU(300, 300, batch_first=True, bidirectional=True)
      )
      (lr): Linear(in_features=900, out_features=300, bias=False)
    )
  )
  (ffn): Sequential(
    (0): Dropout(p=0.0, inplace=False)
    (1): Linear(in_features=300, out_features=300, bias=True)
    (2): ReLU()
    (3): Dropout(p=0.0, inplace=False)
    (4): Linear(in_features=300, out_features=1, bias=True)
  )
)
Number of parameters = 2,022,901
Moving model to cuda
Epoch 0
Validation r2 = -0.266540
Epoch 1
Validation r2 = -0.428739
Epoch 2
Validation r2 = 0.062484
Epoch 3
Validation r2 = 0.033041
Epoch 4
Validation r2 = 0.042111
Epoch 5
Validation r2 = 0.144276
Epoch 6
Validation r2 = 0.027162
Epoch 7
Validation r2 = 0.151566
Epoch 8
Validation r2 = 0.106328
Epoch 9
Validation r2 = 0.167025
Epoch 10
Validation r2 = 0.143556
Epoch 11
Validation r2 = 0.131420
Epoch 12
Validation r2 = 0.203486
Epoch 13
Validation r2 = 0.139530
Epoch 14
Validation r2 = 0.189106
Epoch 15
Validation r2 = 0.237659
Epoch 16
Validation r2 = 0.311824
Epoch 17
Validation r2 = 0.115211
Epoch 18
Validation r2 = 0.360868
Epoch 19
Validation r2 = 0.410919
Epoch 20
Validation r2 = 0.514384
Epoch 21
Validation r2 = -0.079537
Epoch 22
Validation r2 = 0.225597
Epoch 23
Validation r2 = 0.446325
Epoch 24
Validation r2 = 0.440527
Epoch 25
Validation r2 = 0.597190
Epoch 26
Validation r2 = 0.548040
Epoch 27
Validation r2 = 0.664466
Epoch 28
Validation r2 = 0.679050
Epoch 29
Validation r2 = 0.640913
Epoch 30
Validation r2 = 0.698187
Epoch 31
Validation r2 = 0.643561
Epoch 32
Validation r2 = 0.721133
Epoch 33
Validation r2 = 0.723942
Epoch 34
Validation r2 = 0.781270
Epoch 35
Validation r2 = 0.779883
Epoch 36
Validation r2 = 0.791696
Epoch 37
Validation r2 = 0.806713
Epoch 38
Validation r2 = 0.809147
Epoch 39
Validation r2 = 0.814482
Epoch 40
Validation r2 = 0.795712
Epoch 41
Validation r2 = 0.833330
Epoch 42
Validation r2 = 0.834305
Epoch 43
Validation r2 = 0.828261
Epoch 44
Validation r2 = 0.845861
Epoch 45
Validation r2 = 0.831756
Epoch 46
Validation r2 = 0.858293
Epoch 47
Validation r2 = 0.845155
Epoch 48
Validation r2 = 0.862119
Epoch 49
Validation r2 = 0.815664
Epoch 50
Validation r2 = 0.840325
Epoch 51
Validation r2 = 0.844025
Epoch 52
Validation r2 = 0.876459
Epoch 53
Validation r2 = 0.880880
Epoch 54
Validation r2 = 0.847207
Epoch 55
Validation r2 = 0.865919
Epoch 56
Validation r2 = 0.865561
Epoch 57
Validation r2 = 0.885313
Epoch 58
Validation r2 = 0.878323
Epoch 59
Validation r2 = 0.884080
Epoch 60
Validation r2 = 0.881795
Epoch 61
Validation r2 = 0.894047
Epoch 62
Validation r2 = 0.864282
Epoch 63
Validation r2 = 0.872821
Epoch 64
Validation r2 = 0.855967
Epoch 65
Validation r2 = 0.888637
Epoch 66
Validation r2 = 0.888415
Epoch 67
Validation r2 = 0.899292
Epoch 68
Validation r2 = 0.896216
Epoch 69
Validation r2 = 0.900025
Epoch 70
Validation r2 = 0.901926
Epoch 71
Validation r2 = 0.894555
Epoch 72
Validation r2 = 0.893589
Epoch 73
Validation r2 = 0.872204
Epoch 74
Validation r2 = 0.893732
Epoch 75
Validation r2 = 0.888810
Epoch 76
Validation r2 = 0.903050
Epoch 77
Validation r2 = 0.896743
Epoch 78
Validation r2 = 0.890227
Epoch 79
Validation r2 = 0.904443
Epoch 80
Validation r2 = 0.903983
Epoch 81
Validation r2 = 0.900049
Epoch 82
Validation r2 = 0.902965
Epoch 83
Validation r2 = 0.902830
Epoch 84
Validation r2 = 0.905416
Epoch 85
Validation r2 = 0.905105
Epoch 86
Validation r2 = 0.907265
Epoch 87
Validation r2 = 0.900614
Epoch 88
Validation r2 = 0.906685
Epoch 89
Validation r2 = 0.907124
Epoch 90
Validation r2 = 0.906271
Epoch 91
Validation r2 = 0.907425
Epoch 92
Validation r2 = 0.904342
Epoch 93
Validation r2 = 0.907700
Epoch 94
Validation r2 = 0.908876
Epoch 95
Validation r2 = 0.908944
Epoch 96
Validation r2 = 0.910320
Epoch 97
Validation r2 = 0.909292
Epoch 98
Validation r2 = 0.900451
Epoch 99
Validation r2 = 0.906637
Model 0 best validation r2 = 0.910320 on epoch 96
Moving model to cuda
Model 0 test mae = 0.164091
Model 0 test mse = 0.048996
Model 0 test r2 = 0.889999
Ensemble test mae = 0.164091
Ensemble test mse = 0.048996
Ensemble test r2 = 0.889999
1-fold cross validation
Seed 0 ==> test r2 = 0.889999
Overall test r2 = 0.889999 +/- 0.000000
