Fold 0
Loading data
Number of tasks = 1
Splitting data with seed 0
Total size = 601 | train size = 480 | val size = 121 | test size = 474
Fitting scaler
Building model 0
MoleculeModel(
  (encoder): MPN(
    (encoder): MPNEncoder(
      (dropout_layer): Dropout(p=0.0, inplace=False)
      (act_func): ReLU()
      (W_i_atom): Linear(in_features=133, out_features=300, bias=False)
      (W_i_bond): Linear(in_features=147, out_features=300, bias=False)
      (W_h_atom): Linear(in_features=447, out_features=300, bias=False)
      (W_h_0): Linear(in_features=300, out_features=300, bias=False)
      (W_h_1): Linear(in_features=300, out_features=300, bias=False)
      (W_o): Linear(in_features=600, out_features=300, bias=True)
      (gru): BatchGRU(
        (gru): GRU(300, 300, batch_first=True, bidirectional=True)
      )
      (lr): Linear(in_features=900, out_features=300, bias=False)
    )
  )
  (ffn): Sequential(
    (0): Dropout(p=0.0, inplace=False)
    (1): Linear(in_features=1200, out_features=300, bias=True)
    (2): ReLU()
    (3): Dropout(p=0.0, inplace=False)
    (4): Linear(in_features=300, out_features=1, bias=True)
  )
)
Number of parameters = 2,292,901
Moving model to cuda
Epoch 0
Validation r2 = 0.113169
Epoch 1
Validation r2 = -0.063141
Epoch 2
Validation r2 = 0.006525
Epoch 3
Validation r2 = 0.195021
Epoch 4
Validation r2 = 0.219481
Epoch 5
Validation r2 = 0.274322
Epoch 6
Validation r2 = 0.338416
Epoch 7
Validation r2 = 0.367101
Epoch 8
Validation r2 = 0.456246
Epoch 9
Validation r2 = 0.583886
Epoch 10
Validation r2 = 0.649906
Epoch 11
Validation r2 = 0.665099
Epoch 12
Validation r2 = 0.703878
Epoch 13
Validation r2 = 0.750958
Epoch 14
Validation r2 = 0.777533
Epoch 15
Validation r2 = 0.776221
Epoch 16
Validation r2 = 0.803501
Epoch 17
Validation r2 = 0.767554
Epoch 18
Validation r2 = 0.816773
Epoch 19
Validation r2 = 0.802379
Epoch 20
Validation r2 = 0.805219
Epoch 21
Validation r2 = 0.816519
Epoch 22
Validation r2 = 0.800959
Epoch 23
Validation r2 = 0.840664
Epoch 24
Validation r2 = 0.820163
Epoch 25
Validation r2 = 0.851497
Epoch 26
Validation r2 = 0.846738
Epoch 27
Validation r2 = 0.853663
Epoch 28
Validation r2 = 0.862215
Epoch 29
Validation r2 = 0.867990
Epoch 30
Validation r2 = 0.844876
Epoch 31
Validation r2 = 0.861534
Epoch 32
Validation r2 = 0.862658
Epoch 33
Validation r2 = 0.871600
Epoch 34
Validation r2 = 0.870688
Epoch 35
Validation r2 = 0.857102
Epoch 36
Validation r2 = 0.875241
Epoch 37
Validation r2 = 0.863850
Epoch 38
Validation r2 = 0.875601
Epoch 39
Validation r2 = 0.871135
Epoch 40
Validation r2 = 0.884477
Epoch 41
Validation r2 = 0.878614
Epoch 42
Validation r2 = 0.879981
Epoch 43
Validation r2 = 0.882827
Epoch 44
Validation r2 = 0.878335
Epoch 45
Validation r2 = 0.883315
Epoch 46
Validation r2 = 0.887723
Epoch 47
Validation r2 = 0.876697
Epoch 48
Validation r2 = 0.888271
Epoch 49
Validation r2 = 0.880116
Epoch 50
Validation r2 = 0.887031
Epoch 51
Validation r2 = 0.888835
Epoch 52
Validation r2 = 0.875606
Epoch 53
Validation r2 = 0.888945
Epoch 54
Validation r2 = 0.890272
Epoch 55
Validation r2 = 0.890560
Epoch 56
Validation r2 = 0.879485
Epoch 57
Validation r2 = 0.889197
Epoch 58
Validation r2 = 0.886874
Epoch 59
Validation r2 = 0.881980
Epoch 60
Validation r2 = 0.890198
Epoch 61
Validation r2 = 0.887262
Epoch 62
Validation r2 = 0.887825
Epoch 63
Validation r2 = 0.894235
Epoch 64
Validation r2 = 0.881690
Epoch 65
Validation r2 = 0.891898
Epoch 66
Validation r2 = 0.887860
Epoch 67
Validation r2 = 0.887205
Epoch 68
Validation r2 = 0.894846
Epoch 69
Validation r2 = 0.885768
Epoch 70
Validation r2 = 0.887240
Epoch 71
Validation r2 = 0.892647
Epoch 72
Validation r2 = 0.889609
Epoch 73
Validation r2 = 0.894933
Epoch 74
Validation r2 = 0.894642
Epoch 75
Validation r2 = 0.887104
Epoch 76
Validation r2 = 0.896457
Epoch 77
Validation r2 = 0.896187
Epoch 78
Validation r2 = 0.883388
Epoch 79
Validation r2 = 0.891996
Epoch 80
Validation r2 = 0.894003
Epoch 81
Validation r2 = 0.892873
Epoch 82
Validation r2 = 0.892129
Epoch 83
Validation r2 = 0.893917
Epoch 84
Validation r2 = 0.894114
Epoch 85
Validation r2 = 0.894140
Epoch 86
Validation r2 = 0.894466
Epoch 87
Validation r2 = 0.894329
Epoch 88
Validation r2 = 0.895927
Epoch 89
Validation r2 = 0.892374
Epoch 90
Validation r2 = 0.894655
Epoch 91
Validation r2 = 0.894371
Epoch 92
Validation r2 = 0.892070
Epoch 93
Validation r2 = 0.897420
Epoch 94
Validation r2 = 0.895960
Epoch 95
Validation r2 = 0.890054
Epoch 96
Validation r2 = 0.896669
Epoch 97
Validation r2 = 0.895398
Epoch 98
Validation r2 = 0.894097
Epoch 99
Validation r2 = 0.896475
Model 0 best validation r2 = 0.897420 on epoch 93
Moving model to cuda
Model 0 test mae = 0.154991
Model 0 test mse = 0.051816
Model 0 test r2 = 0.885986
Ensemble test mae = 0.154991
Ensemble test mse = 0.051816
Ensemble test r2 = 0.885986
1-fold cross validation
Seed 0 ==> test r2 = 0.885986
Overall test r2 = 0.885986 +/- 0.000000
