Fold 0
Loading data
Number of tasks = 1
Splitting data with seed 0
Total size = 2,768 | train size = 2,214 | val size = 554 | test size = 1,187
Fitting scaler
Building model 0
MoleculeModel(
  (encoder): MPN(
    (encoder): MPNEncoder(
      (dropout_layer): Dropout(p=0.0, inplace=False)
      (act_func): ReLU()
      (W_i_atom): Linear(in_features=133, out_features=300, bias=False)
      (W_i_bond): Linear(in_features=147, out_features=300, bias=False)
      (W_h_atom): Linear(in_features=447, out_features=300, bias=False)
      (W_h_0): Linear(in_features=300, out_features=300, bias=False)
      (W_h_1): Linear(in_features=300, out_features=300, bias=False)
      (W_o): Linear(in_features=600, out_features=300, bias=True)
      (gru): BatchGRU(
        (gru): GRU(300, 300, batch_first=True, bidirectional=True)
      )
      (lr): Linear(in_features=900, out_features=300, bias=False)
    )
  )
  (ffn): Sequential(
    (0): Dropout(p=0.0, inplace=False)
    (1): Linear(in_features=300, out_features=300, bias=True)
    (2): ReLU()
    (3): Dropout(p=0.0, inplace=False)
    (4): Linear(in_features=300, out_features=1, bias=True)
  )
)
Number of parameters = 2,022,901
Moving model to cuda
Epoch 0
Validation r2 = 0.048483
Epoch 1
Validation r2 = 0.158054
Epoch 2
Validation r2 = 0.291220
Epoch 3
Validation r2 = 0.572156
Epoch 4
Validation r2 = 0.613953
Epoch 5
Validation r2 = 0.663532
Epoch 6
Validation r2 = 0.746058
Epoch 7
Validation r2 = 0.751773
Epoch 8
Validation r2 = 0.770091
Epoch 9
Validation r2 = 0.783142
Epoch 10
Validation r2 = 0.793985
Epoch 11
Validation r2 = 0.800846
Epoch 12
Validation r2 = 0.798672
Epoch 13
Validation r2 = 0.815122
Epoch 14
Validation r2 = 0.809207
Epoch 15
Validation r2 = 0.819054
Epoch 16
Validation r2 = 0.808548
Epoch 17
Validation r2 = 0.827437
Epoch 18
Validation r2 = 0.814289
Epoch 19
Validation r2 = 0.783638
Epoch 20
Validation r2 = 0.840154
Epoch 21
Validation r2 = 0.825729
Epoch 22
Validation r2 = 0.857932
Epoch 23
Validation r2 = 0.840252
Epoch 24
Validation r2 = 0.847941
Epoch 25
Validation r2 = 0.866604
Epoch 26
Validation r2 = 0.870950
Epoch 27
Validation r2 = 0.860766
Epoch 28
Validation r2 = 0.885373
Epoch 29
Validation r2 = 0.887733
Epoch 30
Validation r2 = 0.888774
Epoch 31
Validation r2 = 0.885414
Epoch 32
Validation r2 = 0.884769
Epoch 33
Validation r2 = 0.895664
Epoch 34
Validation r2 = 0.871267
Epoch 35
Validation r2 = 0.906374
Epoch 36
Validation r2 = 0.901835
Epoch 37
Validation r2 = 0.905373
Epoch 38
Validation r2 = 0.900003
Epoch 39
Validation r2 = 0.911121
Epoch 40
Validation r2 = 0.913364
Epoch 41
Validation r2 = 0.907794
Epoch 42
Validation r2 = 0.915639
Epoch 43
Validation r2 = 0.919593
Epoch 44
Validation r2 = 0.917382
Epoch 45
Validation r2 = 0.916270
Epoch 46
Validation r2 = 0.919284
Epoch 47
Validation r2 = 0.921212
Epoch 48
Validation r2 = 0.922882
Epoch 49
Validation r2 = 0.922048
Epoch 50
Validation r2 = 0.924448
Epoch 51
Validation r2 = 0.926842
Epoch 52
Validation r2 = 0.925046
Epoch 53
Validation r2 = 0.928711
Epoch 54
Validation r2 = 0.927647
Epoch 55
Validation r2 = 0.929089
Epoch 56
Validation r2 = 0.929694
Epoch 57
Validation r2 = 0.934273
Epoch 58
Validation r2 = 0.928896
Epoch 59
Validation r2 = 0.929024
Epoch 60
Validation r2 = 0.932072
Epoch 61
Validation r2 = 0.934980
Epoch 62
Validation r2 = 0.936196
Epoch 63
Validation r2 = 0.937478
Epoch 64
Validation r2 = 0.935736
Epoch 65
Validation r2 = 0.938483
Epoch 66
Validation r2 = 0.937519
Epoch 67
Validation r2 = 0.939041
Epoch 68
Validation r2 = 0.935356
Epoch 69
Validation r2 = 0.939232
Epoch 70
Validation r2 = 0.937464
Epoch 71
Validation r2 = 0.938568
Epoch 72
Validation r2 = 0.938438
Epoch 73
Validation r2 = 0.939744
Epoch 74
Validation r2 = 0.941424
Epoch 75
Validation r2 = 0.939511
Epoch 76
Validation r2 = 0.941967
Epoch 77
Validation r2 = 0.940428
Epoch 78
Validation r2 = 0.940330
Epoch 79
Validation r2 = 0.942847
Epoch 80
Validation r2 = 0.937742
Epoch 81
Validation r2 = 0.942639
Epoch 82
Validation r2 = 0.941520
Epoch 83
Validation r2 = 0.943198
Epoch 84
Validation r2 = 0.942303
Epoch 85
Validation r2 = 0.939246
Epoch 86
Validation r2 = 0.942148
Epoch 87
Validation r2 = 0.942584
Epoch 88
Validation r2 = 0.943729
Epoch 89
Validation r2 = 0.942448
Epoch 90
Validation r2 = 0.942327
Epoch 91
Validation r2 = 0.942193
Epoch 92
Validation r2 = 0.944015
Epoch 93
Validation r2 = 0.943117
Epoch 94
Validation r2 = 0.943301
Epoch 95
Validation r2 = 0.944121
Epoch 96
Validation r2 = 0.942140
Epoch 97
Validation r2 = 0.943203
Epoch 98
Validation r2 = 0.943925
Epoch 99
Validation r2 = 0.943140
Model 0 best validation r2 = 0.944121 on epoch 95
Moving model to cuda
Model 0 test mae = 0.163710
Model 0 test mse = 0.051223
Model 0 test r2 = 0.947565
Ensemble test mae = 0.163710
Ensemble test mse = 0.051223
Ensemble test r2 = 0.947565
1-fold cross validation
Seed 0 ==> test r2 = 0.947565
Overall test r2 = 0.947565 +/- 0.000000
