Fold 0
Loading data
Number of tasks = 1
Splitting data with seed 0
Total size = 601 | train size = 480 | val size = 121 | test size = 474
Fitting scaler
Building model 0
MoleculeModel(
  (encoder): MPN(
    (encoder): MPNEncoder(
      (dropout_layer): Dropout(p=0.0, inplace=False)
      (act_func): ReLU()
      (W_i_atom): Linear(in_features=133, out_features=300, bias=False)
      (W_i_bond): Linear(in_features=147, out_features=300, bias=False)
      (W_h_atom): Linear(in_features=447, out_features=300, bias=False)
      (W_h_0): Linear(in_features=300, out_features=300, bias=False)
      (W_h_1): Linear(in_features=300, out_features=300, bias=False)
      (W_o): Linear(in_features=600, out_features=300, bias=True)
      (gru): BatchGRU(
        (gru): GRU(300, 300, batch_first=True, bidirectional=True)
      )
      (lr): Linear(in_features=900, out_features=300, bias=False)
    )
  )
  (ffn): Sequential(
    (0): Dropout(p=0.0, inplace=False)
    (1): Linear(in_features=900, out_features=300, bias=True)
    (2): ReLU()
    (3): Dropout(p=0.0, inplace=False)
    (4): Linear(in_features=300, out_features=1, bias=True)
  )
)
Number of parameters = 2,202,901
Moving model to cuda
Epoch 0
Validation r2 = -0.090072
Epoch 1
Validation r2 = 0.269975
Epoch 2
Validation r2 = 0.279978
Epoch 3
Validation r2 = 0.392329
Epoch 4
Validation r2 = 0.274502
Epoch 5
Validation r2 = 0.522631
Epoch 6
Validation r2 = 0.448717
Epoch 7
Validation r2 = 0.507959
Epoch 8
Validation r2 = 0.589690
Epoch 9
Validation r2 = 0.563860
Epoch 10
Validation r2 = 0.709254
Epoch 11
Validation r2 = 0.694831
Epoch 12
Validation r2 = 0.744437
Epoch 13
Validation r2 = 0.788405
Epoch 14
Validation r2 = 0.742325
Epoch 15
Validation r2 = 0.781443
Epoch 16
Validation r2 = 0.687800
Epoch 17
Validation r2 = 0.800278
Epoch 18
Validation r2 = 0.803470
Epoch 19
Validation r2 = 0.824245
Epoch 20
Validation r2 = 0.809702
Epoch 21
Validation r2 = 0.859588
Epoch 22
Validation r2 = 0.860008
Epoch 23
Validation r2 = 0.828907
Epoch 24
Validation r2 = 0.873766
Epoch 25
Validation r2 = 0.882998
Epoch 26
Validation r2 = 0.872114
Epoch 27
Validation r2 = 0.895151
Epoch 28
Validation r2 = 0.896392
Epoch 29
Validation r2 = 0.878883
Epoch 30
Validation r2 = 0.881330
Epoch 31
Validation r2 = 0.880611
Epoch 32
Validation r2 = 0.778623
Epoch 33
Validation r2 = 0.791097
Epoch 34
Validation r2 = 0.829136
Epoch 35
Validation r2 = 0.856540
Epoch 36
Validation r2 = 0.856609
Epoch 37
Validation r2 = 0.883952
Epoch 38
Validation r2 = 0.897196
Epoch 39
Validation r2 = 0.882780
Epoch 40
Validation r2 = 0.893193
Epoch 41
Validation r2 = 0.895749
Epoch 42
Validation r2 = 0.891404
Epoch 43
Validation r2 = 0.892604
Epoch 44
Validation r2 = 0.889812
Epoch 45
Validation r2 = 0.877821
Epoch 46
Validation r2 = 0.864194
Epoch 47
Validation r2 = 0.897572
Epoch 48
Validation r2 = 0.894754
Epoch 49
Validation r2 = 0.895471
Epoch 50
Validation r2 = 0.892912
Epoch 51
Validation r2 = 0.895159
Epoch 52
Validation r2 = 0.898541
Epoch 53
Validation r2 = 0.892575
Epoch 54
Validation r2 = 0.900124
Epoch 55
Validation r2 = 0.902644
Epoch 56
Validation r2 = 0.901513
Epoch 57
Validation r2 = 0.899102
Epoch 58
Validation r2 = 0.899087
Epoch 59
Validation r2 = 0.898603
Epoch 60
Validation r2 = 0.899768
Epoch 61
Validation r2 = 0.897400
Epoch 62
Validation r2 = 0.902227
Epoch 63
Validation r2 = 0.898400
Epoch 64
Validation r2 = 0.890796
Epoch 65
Validation r2 = 0.883440
Epoch 66
Validation r2 = 0.889595
Epoch 67
Validation r2 = 0.894721
Epoch 68
Validation r2 = 0.896573
Epoch 69
Validation r2 = 0.897881
Epoch 70
Validation r2 = 0.895398
Epoch 71
Validation r2 = 0.901434
Epoch 72
Validation r2 = 0.901156
Epoch 73
Validation r2 = 0.898076
Epoch 74
Validation r2 = 0.898813
Epoch 75
Validation r2 = 0.902448
Epoch 76
Validation r2 = 0.903524
Epoch 77
Validation r2 = 0.895781
Epoch 78
Validation r2 = 0.898544
Epoch 79
Validation r2 = 0.899668
Epoch 80
Validation r2 = 0.899641
Epoch 81
Validation r2 = 0.900521
Epoch 82
Validation r2 = 0.899019
Epoch 83
Validation r2 = 0.902000
Epoch 84
Validation r2 = 0.902660
Epoch 85
Validation r2 = 0.901787
Epoch 86
Validation r2 = 0.900387
Epoch 87
Validation r2 = 0.904515
Epoch 88
Validation r2 = 0.901990
Epoch 89
Validation r2 = 0.902982
Epoch 90
Validation r2 = 0.903037
Epoch 91
Validation r2 = 0.903322
Epoch 92
Validation r2 = 0.903133
Epoch 93
Validation r2 = 0.900990
Epoch 94
Validation r2 = 0.899549
Epoch 95
Validation r2 = 0.901461
Epoch 96
Validation r2 = 0.903722
Epoch 97
Validation r2 = 0.903066
Epoch 98
Validation r2 = 0.901178
Epoch 99
Validation r2 = 0.899909
Model 0 best validation r2 = 0.904515 on epoch 87
Moving model to cuda
Model 0 test mae = 0.160830
Model 0 test mse = 0.050021
Model 0 test r2 = 0.898679
Ensemble test mae = 0.160830
Ensemble test mse = 0.050021
Ensemble test r2 = 0.898679
1-fold cross validation
Seed 0 ==> test r2 = 0.898679
Overall test r2 = 0.898679 +/- 0.000000
