Fold 0
Loading data
Number of tasks = 1
Splitting data with seed 0
Total size = 601 | train size = 480 | val size = 121 | test size = 474
Fitting scaler
Building model 0
MoleculeModel(
  (encoder): MPN(
    (encoder): MPNEncoder(
      (dropout_layer): Dropout(p=0.0, inplace=False)
      (act_func): ReLU()
      (W_i_atom): Linear(in_features=133, out_features=300, bias=False)
      (W_i_bond): Linear(in_features=147, out_features=300, bias=False)
      (W_h_atom): Linear(in_features=447, out_features=300, bias=False)
      (W_h_0): Linear(in_features=300, out_features=300, bias=False)
      (W_h_1): Linear(in_features=300, out_features=300, bias=False)
      (W_o): Linear(in_features=600, out_features=300, bias=True)
      (gru): BatchGRU(
        (gru): GRU(300, 300, batch_first=True, bidirectional=True)
      )
      (lr): Linear(in_features=900, out_features=300, bias=False)
    )
  )
  (ffn): Sequential(
    (0): Dropout(p=0.0, inplace=False)
    (1): Linear(in_features=300, out_features=300, bias=True)
    (2): ReLU()
    (3): Dropout(p=0.0, inplace=False)
    (4): Linear(in_features=300, out_features=1, bias=True)
  )
)
Number of parameters = 2,022,901
Moving model to cuda
Epoch 0
Validation r2 = -0.504535
Epoch 1
Validation r2 = 0.053636
Epoch 2
Validation r2 = 0.124075
Epoch 3
Validation r2 = 0.168591
Epoch 4
Validation r2 = 0.125732
Epoch 5
Validation r2 = 0.211625
Epoch 6
Validation r2 = 0.207273
Epoch 7
Validation r2 = 0.236743
Epoch 8
Validation r2 = 0.249965
Epoch 9
Validation r2 = 0.136658
Epoch 10
Validation r2 = 0.244840
Epoch 11
Validation r2 = 0.226114
Epoch 12
Validation r2 = 0.169552
Epoch 13
Validation r2 = 0.226372
Epoch 14
Validation r2 = 0.247982
Epoch 15
Validation r2 = 0.247866
Epoch 16
Validation r2 = 0.252466
Epoch 17
Validation r2 = 0.275364
Epoch 18
Validation r2 = 0.279520
Epoch 19
Validation r2 = 0.272461
Epoch 20
Validation r2 = 0.302998
Epoch 21
Validation r2 = 0.322179
Epoch 22
Validation r2 = 0.320155
Epoch 23
Validation r2 = 0.378141
Epoch 24
Validation r2 = 0.340593
Epoch 25
Validation r2 = 0.329040
Epoch 26
Validation r2 = 0.457234
Epoch 27
Validation r2 = 0.503532
Epoch 28
Validation r2 = 0.324809
Epoch 29
Validation r2 = 0.508820
Epoch 30
Validation r2 = 0.541380
Epoch 31
Validation r2 = 0.562188
Epoch 32
Validation r2 = 0.578016
Epoch 33
Validation r2 = 0.595353
Epoch 34
Validation r2 = 0.605513
Epoch 35
Validation r2 = 0.622664
Epoch 36
Validation r2 = 0.646767
Epoch 37
Validation r2 = 0.665689
Epoch 38
Validation r2 = 0.680254
Epoch 39
Validation r2 = 0.711839
Epoch 40
Validation r2 = 0.700087
Epoch 41
Validation r2 = 0.669759
Epoch 42
Validation r2 = 0.741707
Epoch 43
Validation r2 = 0.754631
Epoch 44
Validation r2 = 0.758412
Epoch 45
Validation r2 = 0.770955
Epoch 46
Validation r2 = 0.788401
Epoch 47
Validation r2 = 0.791210
Epoch 48
Validation r2 = 0.665512
Epoch 49
Validation r2 = 0.782883
Epoch 50
Validation r2 = 0.806357
Epoch 51
Validation r2 = 0.816145
Epoch 52
Validation r2 = 0.828264
Epoch 53
Validation r2 = 0.830877
Epoch 54
Validation r2 = 0.833358
Epoch 55
Validation r2 = 0.846887
Epoch 56
Validation r2 = 0.839513
Epoch 57
Validation r2 = 0.851829
Epoch 58
Validation r2 = 0.826790
Epoch 59
Validation r2 = 0.850496
Epoch 60
Validation r2 = 0.837334
Epoch 61
Validation r2 = 0.866012
Epoch 62
Validation r2 = 0.865219
Epoch 63
Validation r2 = 0.870065
Epoch 64
Validation r2 = 0.871471
Epoch 65
Validation r2 = 0.842839
Epoch 66
Validation r2 = 0.874411
Epoch 67
Validation r2 = 0.872017
Epoch 68
Validation r2 = 0.880282
Epoch 69
Validation r2 = 0.880685
Epoch 70
Validation r2 = 0.875271
Epoch 71
Validation r2 = 0.879585
Epoch 72
Validation r2 = 0.876410
Epoch 73
Validation r2 = 0.885252
Epoch 74
Validation r2 = 0.882808
Epoch 75
Validation r2 = 0.878056
Epoch 76
Validation r2 = 0.886669
Epoch 77
Validation r2 = 0.880142
Epoch 78
Validation r2 = 0.885060
Epoch 79
Validation r2 = 0.879897
Epoch 80
Validation r2 = 0.883150
Epoch 81
Validation r2 = 0.882145
Epoch 82
Validation r2 = 0.884513
Epoch 83
Validation r2 = 0.889513
Epoch 84
Validation r2 = 0.882502
Epoch 85
Validation r2 = 0.888011
Epoch 86
Validation r2 = 0.881003
Epoch 87
Validation r2 = 0.892360
Epoch 88
Validation r2 = 0.881857
Epoch 89
Validation r2 = 0.890842
Epoch 90
Validation r2 = 0.887792
Epoch 91
Validation r2 = 0.892303
Epoch 92
Validation r2 = 0.889240
Epoch 93
Validation r2 = 0.891147
Epoch 94
Validation r2 = 0.889607
Epoch 95
Validation r2 = 0.889348
Epoch 96
Validation r2 = 0.892152
Epoch 97
Validation r2 = 0.890693
Epoch 98
Validation r2 = 0.890586
Epoch 99
Validation r2 = 0.894009
Model 0 best validation r2 = 0.894009 on epoch 99
Moving model to cuda
Model 0 test mae = 0.171172
Model 0 test mse = 0.055227
Model 0 test r2 = 0.879339
Ensemble test mae = 0.171172
Ensemble test mse = 0.055227
Ensemble test r2 = 0.879339
1-fold cross validation
Seed 0 ==> test r2 = 0.879339
Overall test r2 = 0.879339 +/- 0.000000
