Fold 0
Loading data
Number of tasks = 1
Splitting data with seed 0
Total size = 601 | train size = 480 | val size = 121 | test size = 474
Fitting scaler
Building model 0
MoleculeModel(
  (encoder): MPN(
    (encoder): MPNEncoder(
      (dropout_layer): Dropout(p=0.0, inplace=False)
      (act_func): ReLU()
      (W_i_atom): Linear(in_features=133, out_features=300, bias=False)
      (W_i_bond): Linear(in_features=147, out_features=300, bias=False)
      (W_h_atom): Linear(in_features=447, out_features=300, bias=False)
      (W_h_0): Linear(in_features=300, out_features=300, bias=False)
      (W_h_1): Linear(in_features=300, out_features=300, bias=False)
      (W_o): Linear(in_features=600, out_features=300, bias=True)
      (gru): BatchGRU(
        (gru): GRU(300, 300, batch_first=True, bidirectional=True)
      )
      (lr): Linear(in_features=900, out_features=300, bias=False)
    )
  )
  (ffn): Sequential(
    (0): Dropout(p=0.0, inplace=False)
    (1): Linear(in_features=1200, out_features=300, bias=True)
    (2): ReLU()
    (3): Dropout(p=0.0, inplace=False)
    (4): Linear(in_features=300, out_features=1, bias=True)
  )
)
Number of parameters = 2,292,901
Moving model to cuda
Epoch 0
Validation r2 = 0.232390
Epoch 1
Validation r2 = -0.078256
Epoch 2
Validation r2 = 0.242234
Epoch 3
Validation r2 = 0.299054
Epoch 4
Validation r2 = 0.356981
Epoch 5
Validation r2 = 0.410765
Epoch 6
Validation r2 = 0.473957
Epoch 7
Validation r2 = 0.663466
Epoch 8
Validation r2 = 0.552462
Epoch 9
Validation r2 = 0.518559
Epoch 10
Validation r2 = 0.673836
Epoch 11
Validation r2 = 0.716667
Epoch 12
Validation r2 = 0.730288
Epoch 13
Validation r2 = 0.746134
Epoch 14
Validation r2 = 0.768793
Epoch 15
Validation r2 = 0.810412
Epoch 16
Validation r2 = 0.792413
Epoch 17
Validation r2 = 0.810469
Epoch 18
Validation r2 = 0.839591
Epoch 19
Validation r2 = 0.836625
Epoch 20
Validation r2 = 0.845061
Epoch 21
Validation r2 = 0.853481
Epoch 22
Validation r2 = 0.867550
Epoch 23
Validation r2 = 0.796068
Epoch 24
Validation r2 = 0.865601
Epoch 25
Validation r2 = 0.866696
Epoch 26
Validation r2 = 0.835821
Epoch 27
Validation r2 = 0.853711
Epoch 28
Validation r2 = 0.813167
Epoch 29
Validation r2 = 0.863862
Epoch 30
Validation r2 = 0.869103
Epoch 31
Validation r2 = 0.880041
Epoch 32
Validation r2 = 0.877387
Epoch 33
Validation r2 = 0.874097
Epoch 34
Validation r2 = 0.867071
Epoch 35
Validation r2 = 0.878576
Epoch 36
Validation r2 = 0.885627
Epoch 37
Validation r2 = 0.880690
Epoch 38
Validation r2 = 0.887795
Epoch 39
Validation r2 = 0.877938
Epoch 40
Validation r2 = 0.888724
Epoch 41
Validation r2 = 0.881813
Epoch 42
Validation r2 = 0.873065
Epoch 43
Validation r2 = 0.885261
Epoch 44
Validation r2 = 0.888092
Epoch 45
Validation r2 = 0.885417
Epoch 46
Validation r2 = 0.875521
Epoch 47
Validation r2 = 0.885792
Epoch 48
Validation r2 = 0.874940
Epoch 49
Validation r2 = 0.894481
Epoch 50
Validation r2 = 0.877395
Epoch 51
Validation r2 = 0.876694
Epoch 52
Validation r2 = 0.891918
Epoch 53
Validation r2 = 0.882802
Epoch 54
Validation r2 = 0.886229
Epoch 55
Validation r2 = 0.884099
Epoch 56
Validation r2 = 0.893448
Epoch 57
Validation r2 = 0.885296
Epoch 58
Validation r2 = 0.893314
Epoch 59
Validation r2 = 0.891235
Epoch 60
Validation r2 = 0.882509
Epoch 61
Validation r2 = 0.888220
Epoch 62
Validation r2 = 0.889409
Epoch 63
Validation r2 = 0.892604
Epoch 64
Validation r2 = 0.890920
Epoch 65
Validation r2 = 0.889699
Epoch 66
Validation r2 = 0.893556
Epoch 67
Validation r2 = 0.886533
Epoch 68
Validation r2 = 0.891515
Epoch 69
Validation r2 = 0.892211
Epoch 70
Validation r2 = 0.890042
Epoch 71
Validation r2 = 0.892397
Epoch 72
Validation r2 = 0.894683
Epoch 73
Validation r2 = 0.891346
Epoch 74
Validation r2 = 0.889415
Epoch 75
Validation r2 = 0.892936
Epoch 76
Validation r2 = 0.888398
Epoch 77
Validation r2 = 0.888208
Epoch 78
Validation r2 = 0.885314
Epoch 79
Validation r2 = 0.889934
Epoch 80
Validation r2 = 0.879909
Epoch 81
Validation r2 = 0.890292
Epoch 82
Validation r2 = 0.891143
Epoch 83
Validation r2 = 0.891459
Epoch 84
Validation r2 = 0.888982
Epoch 85
Validation r2 = 0.888000
Epoch 86
Validation r2 = 0.893484
Epoch 87
Validation r2 = 0.895730
Epoch 88
Validation r2 = 0.890197
Epoch 89
Validation r2 = 0.887489
Epoch 90
Validation r2 = 0.893240
Epoch 91
Validation r2 = 0.893653
Epoch 92
Validation r2 = 0.889268
Epoch 93
Validation r2 = 0.890784
Epoch 94
Validation r2 = 0.893327
Epoch 95
Validation r2 = 0.889898
Epoch 96
Validation r2 = 0.893873
Epoch 97
Validation r2 = 0.892271
Epoch 98
Validation r2 = 0.888972
Epoch 99
Validation r2 = 0.897477
Model 0 best validation r2 = 0.897477 on epoch 99
Moving model to cuda
Model 0 test mae = 0.158731
Model 0 test mse = 0.049247
Model 0 test r2 = 0.892404
Ensemble test mae = 0.158731
Ensemble test mse = 0.049247
Ensemble test r2 = 0.892404
1-fold cross validation
Seed 0 ==> test r2 = 0.892404
Overall test r2 = 0.892404 +/- 0.000000
