Fold 0
Loading data
Number of tasks = 1
Splitting data with seed 0
Total size = 601 | train size = 480 | val size = 121 | test size = 474
Fitting scaler
Building model 0
MoleculeModel(
  (encoder): MPN(
    (encoder): MPNEncoder(
      (dropout_layer): Dropout(p=0.0, inplace=False)
      (act_func): ReLU()
      (W_i_atom): Linear(in_features=133, out_features=300, bias=False)
      (W_i_bond): Linear(in_features=147, out_features=300, bias=False)
      (W_h_atom): Linear(in_features=447, out_features=300, bias=False)
      (W_h_0): Linear(in_features=300, out_features=300, bias=False)
      (W_h_1): Linear(in_features=300, out_features=300, bias=False)
      (W_o): Linear(in_features=600, out_features=300, bias=True)
      (gru): BatchGRU(
        (gru): GRU(300, 300, batch_first=True, bidirectional=True)
      )
      (lr): Linear(in_features=900, out_features=300, bias=False)
    )
  )
  (ffn): Sequential(
    (0): Dropout(p=0.0, inplace=False)
    (1): Linear(in_features=300, out_features=300, bias=True)
    (2): ReLU()
    (3): Dropout(p=0.0, inplace=False)
    (4): Linear(in_features=300, out_features=1, bias=True)
  )
)
Number of parameters = 2,022,901
Moving model to cuda
Epoch 0
Validation r2 = -0.328886
Epoch 1
Validation r2 = 0.135136
Epoch 2
Validation r2 = 0.239683
Epoch 3
Validation r2 = 0.311356
Epoch 4
Validation r2 = 0.314475
Epoch 5
Validation r2 = 0.333064
Epoch 6
Validation r2 = 0.197107
Epoch 7
Validation r2 = 0.353200
Epoch 8
Validation r2 = 0.351056
Epoch 9
Validation r2 = 0.369997
Epoch 10
Validation r2 = 0.388903
Epoch 11
Validation r2 = 0.410231
Epoch 12
Validation r2 = 0.383890
Epoch 13
Validation r2 = 0.503486
Epoch 14
Validation r2 = 0.482430
Epoch 15
Validation r2 = 0.530452
Epoch 16
Validation r2 = 0.156151
Epoch 17
Validation r2 = 0.379835
Epoch 18
Validation r2 = 0.442838
Epoch 19
Validation r2 = 0.524832
Epoch 20
Validation r2 = 0.404125
Epoch 21
Validation r2 = 0.620989
Epoch 22
Validation r2 = 0.627810
Epoch 23
Validation r2 = 0.493259
Epoch 24
Validation r2 = 0.648214
Epoch 25
Validation r2 = 0.676113
Epoch 26
Validation r2 = 0.702849
Epoch 27
Validation r2 = 0.652060
Epoch 28
Validation r2 = 0.589013
Epoch 29
Validation r2 = 0.736307
Epoch 30
Validation r2 = 0.456567
Epoch 31
Validation r2 = 0.730121
Epoch 32
Validation r2 = 0.646694
Epoch 33
Validation r2 = 0.749223
Epoch 34
Validation r2 = 0.752761
Epoch 35
Validation r2 = 0.671507
Epoch 36
Validation r2 = 0.777311
Epoch 37
Validation r2 = 0.771305
Epoch 38
Validation r2 = 0.801997
Epoch 39
Validation r2 = 0.699203
Epoch 40
Validation r2 = 0.700985
Epoch 41
Validation r2 = 0.756422
Epoch 42
Validation r2 = 0.829157
Epoch 43
Validation r2 = 0.822045
Epoch 44
Validation r2 = 0.826001
Epoch 45
Validation r2 = 0.841993
Epoch 46
Validation r2 = 0.835988
Epoch 47
Validation r2 = 0.829605
Epoch 48
Validation r2 = 0.854672
Epoch 49
Validation r2 = 0.853735
Epoch 50
Validation r2 = 0.845851
Epoch 51
Validation r2 = 0.868449
Epoch 52
Validation r2 = 0.874454
Epoch 53
Validation r2 = 0.851635
Epoch 54
Validation r2 = 0.854459
Epoch 55
Validation r2 = 0.886818
Epoch 56
Validation r2 = 0.868374
Epoch 57
Validation r2 = 0.881301
Epoch 58
Validation r2 = 0.879099
Epoch 59
Validation r2 = 0.881661
Epoch 60
Validation r2 = 0.888838
Epoch 61
Validation r2 = 0.884856
Epoch 62
Validation r2 = 0.880788
Epoch 63
Validation r2 = 0.885847
Epoch 64
Validation r2 = 0.884344
Epoch 65
Validation r2 = 0.889149
Epoch 66
Validation r2 = 0.892955
Epoch 67
Validation r2 = 0.892437
Epoch 68
Validation r2 = 0.887415
Epoch 69
Validation r2 = 0.870438
Epoch 70
Validation r2 = 0.860446
Epoch 71
Validation r2 = 0.842052
Epoch 72
Validation r2 = 0.877926
Epoch 73
Validation r2 = 0.889583
Epoch 74
Validation r2 = 0.892992
Epoch 75
Validation r2 = 0.879011
Epoch 76
Validation r2 = 0.878560
Epoch 77
Validation r2 = 0.886099
Epoch 78
Validation r2 = 0.893606
Epoch 79
Validation r2 = 0.889505
Epoch 80
Validation r2 = 0.896214
Epoch 81
Validation r2 = 0.896797
Epoch 82
Validation r2 = 0.897707
Epoch 83
Validation r2 = 0.891837
Epoch 84
Validation r2 = 0.889702
Epoch 85
Validation r2 = 0.889935
Epoch 86
Validation r2 = 0.899443
Epoch 87
Validation r2 = 0.899073
Epoch 88
Validation r2 = 0.899290
Epoch 89
Validation r2 = 0.899699
Epoch 90
Validation r2 = 0.901048
Epoch 91
Validation r2 = 0.899625
Epoch 92
Validation r2 = 0.899429
Epoch 93
Validation r2 = 0.898444
Epoch 94
Validation r2 = 0.898125
Epoch 95
Validation r2 = 0.900943
Epoch 96
Validation r2 = 0.902005
Epoch 97
Validation r2 = 0.894082
Epoch 98
Validation r2 = 0.894329
Epoch 99
Validation r2 = 0.893904
Model 0 best validation r2 = 0.902005 on epoch 96
Moving model to cuda
Model 0 test mae = 0.171052
Model 0 test mse = 0.053624
Model 0 test r2 = 0.891382
Ensemble test mae = 0.171052
Ensemble test mse = 0.053624
Ensemble test r2 = 0.891382
1-fold cross validation
Seed 0 ==> test r2 = 0.891382
Overall test r2 = 0.891382 +/- 0.000000
