Fold 0
Loading data
Number of tasks = 1
Splitting data with seed 0
Total size = 4,032 | train size = 3,225 | val size = 807 | test size = 1,728
Fitting scaler
Building model 0
MoleculeModel(
  (encoder): MPN(
    (encoder): MPNEncoder(
      (dropout_layer): Dropout(p=0.0, inplace=False)
      (act_func): ReLU()
      (W_i_atom): Linear(in_features=133, out_features=300, bias=False)
      (W_i_bond): Linear(in_features=147, out_features=300, bias=False)
      (W_h_atom): Linear(in_features=447, out_features=300, bias=False)
      (W_h_0): Linear(in_features=300, out_features=300, bias=False)
      (W_h_1): Linear(in_features=300, out_features=300, bias=False)
      (W_o): Linear(in_features=600, out_features=300, bias=True)
      (gru): BatchGRU(
        (gru): GRU(300, 300, batch_first=True, bidirectional=True)
      )
      (lr): Linear(in_features=900, out_features=300, bias=False)
    )
  )
  (ffn): Sequential(
    (0): Dropout(p=0.0, inplace=False)
    (1): Linear(in_features=2100, out_features=300, bias=True)
    (2): ReLU()
    (3): Dropout(p=0.0, inplace=False)
    (4): Linear(in_features=300, out_features=1, bias=True)
  )
)
Number of parameters = 2,562,901
Moving model to cuda
Epoch 0
Validation r2 = 0.270457
Epoch 1
Validation r2 = 0.310464
Epoch 2
Validation r2 = 0.587171
Epoch 3
Validation r2 = 0.598344
Epoch 4
Validation r2 = 0.605281
Epoch 5
Validation r2 = 0.651714
Epoch 6
Validation r2 = 0.639327
Epoch 7
Validation r2 = 0.682577
Epoch 8
Validation r2 = 0.695708
Epoch 9
Validation r2 = 0.724658
Epoch 10
Validation r2 = 0.736147
Epoch 11
Validation r2 = 0.743420
Epoch 12
Validation r2 = 0.735059
Epoch 13
Validation r2 = 0.774704
Epoch 14
Validation r2 = 0.789165
Epoch 15
Validation r2 = 0.796608
Epoch 16
Validation r2 = 0.799810
Epoch 17
Validation r2 = 0.808595
Epoch 18
Validation r2 = 0.807527
Epoch 19
Validation r2 = 0.829246
Epoch 20
Validation r2 = 0.812504
Epoch 21
Validation r2 = 0.836281
Epoch 22
Validation r2 = 0.837805
Epoch 23
Validation r2 = 0.840360
Epoch 24
Validation r2 = 0.840167
Epoch 25
Validation r2 = 0.845241
Epoch 26
Validation r2 = 0.846771
Epoch 27
Validation r2 = 0.848092
Epoch 28
Validation r2 = 0.844707
Epoch 29
Validation r2 = 0.851448
Epoch 30
Validation r2 = 0.847466
Epoch 31
Validation r2 = 0.851989
Epoch 32
Validation r2 = 0.856942
Epoch 33
Validation r2 = 0.855143
Epoch 34
Validation r2 = 0.855883
Epoch 35
Validation r2 = 0.860343
Epoch 36
Validation r2 = 0.859174
Epoch 37
Validation r2 = 0.845441
Epoch 38
Validation r2 = 0.855337
Epoch 39
Validation r2 = 0.857650
Epoch 40
Validation r2 = 0.848882
Epoch 41
Validation r2 = 0.851781
Epoch 42
Validation r2 = 0.850092
Epoch 43
Validation r2 = 0.855672
Epoch 44
Validation r2 = 0.848595
Epoch 45
Validation r2 = 0.844789
Epoch 46
Validation r2 = 0.851565
Epoch 47
Validation r2 = 0.849060
Epoch 48
Validation r2 = 0.852043
Epoch 49
Validation r2 = 0.846695
Epoch 50
Validation r2 = 0.853734
Epoch 51
Validation r2 = 0.853792
Epoch 52
Validation r2 = 0.843007
Epoch 53
Validation r2 = 0.845976
Epoch 54
Validation r2 = 0.846117
Epoch 55
Validation r2 = 0.849090
Epoch 56
Validation r2 = 0.849240
Epoch 57
Validation r2 = 0.849505
Epoch 58
Validation r2 = 0.843676
Epoch 59
Validation r2 = 0.839126
Epoch 60
Validation r2 = 0.843647
Epoch 61
Validation r2 = 0.840049
Epoch 62
Validation r2 = 0.844613
Epoch 63
Validation r2 = 0.843464
Epoch 64
Validation r2 = 0.841184
Epoch 65
Validation r2 = 0.843627
Epoch 66
Validation r2 = 0.841520
Epoch 67
Validation r2 = 0.842219
Epoch 68
Validation r2 = 0.841893
Epoch 69
Validation r2 = 0.837960
Epoch 70
Validation r2 = 0.837899
Epoch 71
Validation r2 = 0.840131
Epoch 72
Validation r2 = 0.834794
Epoch 73
Validation r2 = 0.837872
Epoch 74
Validation r2 = 0.835691
Epoch 75
Validation r2 = 0.838001
Epoch 76
Validation r2 = 0.838753
Epoch 77
Validation r2 = 0.838972
Epoch 78
Validation r2 = 0.834701
Epoch 79
Validation r2 = 0.834627
Epoch 80
Validation r2 = 0.837122
Epoch 81
Validation r2 = 0.835072
Epoch 82
Validation r2 = 0.835985
Epoch 83
Validation r2 = 0.835722
Epoch 84
Validation r2 = 0.834466
Epoch 85
Validation r2 = 0.832398
Epoch 86
Validation r2 = 0.835857
Epoch 87
Validation r2 = 0.835531
Epoch 88
Validation r2 = 0.833150
Epoch 89
Validation r2 = 0.833089
Epoch 90
Validation r2 = 0.832391
Epoch 91
Validation r2 = 0.833624
Epoch 92
Validation r2 = 0.833078
Epoch 93
Validation r2 = 0.830408
Epoch 94
Validation r2 = 0.831364
Epoch 95
Validation r2 = 0.830272
Epoch 96
Validation r2 = 0.830419
Epoch 97
Validation r2 = 0.831299
Epoch 98
Validation r2 = 0.831060
Epoch 99
Validation r2 = 0.830333
Model 0 best validation r2 = 0.860343 on epoch 35
Moving model to cuda
Model 0 test mae = 0.283238
Model 0 test mse = 0.149666
Model 0 test r2 = 0.847278
Ensemble test mae = 0.283238
Ensemble test mse = 0.149666
Ensemble test r2 = 0.847278
1-fold cross validation
Seed 0 ==> test r2 = 0.847278
Overall test r2 = 0.847278 +/- 0.000000
