Fold 0
Loading data
Number of tasks = 1
Splitting data with seed 0
Total size = 601 | train size = 480 | val size = 121 | test size = 474
Fitting scaler
Building model 0
MoleculeModel(
  (encoder): MPN(
    (encoder): MPNEncoder(
      (dropout_layer): Dropout(p=0.0, inplace=False)
      (act_func): ReLU()
      (W_i_atom): Linear(in_features=133, out_features=300, bias=False)
      (W_i_bond): Linear(in_features=147, out_features=300, bias=False)
      (W_h_atom): Linear(in_features=447, out_features=300, bias=False)
      (W_h_0): Linear(in_features=300, out_features=300, bias=False)
      (W_h_1): Linear(in_features=300, out_features=300, bias=False)
      (W_o): Linear(in_features=600, out_features=300, bias=True)
      (gru): BatchGRU(
        (gru): GRU(300, 300, batch_first=True, bidirectional=True)
      )
      (lr): Linear(in_features=900, out_features=300, bias=False)
    )
  )
  (ffn): Sequential(
    (0): Dropout(p=0.0, inplace=False)
    (1): Linear(in_features=300, out_features=300, bias=True)
    (2): ReLU()
    (3): Dropout(p=0.0, inplace=False)
    (4): Linear(in_features=300, out_features=1, bias=True)
  )
)
Number of parameters = 2,022,901
Moving model to cuda
Epoch 0
Validation r2 = -0.588382
Epoch 1
Validation r2 = 0.029978
Epoch 2
Validation r2 = 0.082883
Epoch 3
Validation r2 = 0.084801
Epoch 4
Validation r2 = 0.059766
Epoch 5
Validation r2 = 0.073759
Epoch 6
Validation r2 = 0.084972
Epoch 7
Validation r2 = 0.074738
Epoch 8
Validation r2 = 0.096885
Epoch 9
Validation r2 = 0.105605
Epoch 10
Validation r2 = 0.095522
Epoch 11
Validation r2 = 0.107037
Epoch 12
Validation r2 = 0.108973
Epoch 13
Validation r2 = 0.120107
Epoch 14
Validation r2 = 0.197253
Epoch 15
Validation r2 = 0.207246
Epoch 16
Validation r2 = 0.215841
Epoch 17
Validation r2 = 0.296309
Epoch 18
Validation r2 = 0.343496
Epoch 19
Validation r2 = 0.367681
Epoch 20
Validation r2 = 0.407827
Epoch 21
Validation r2 = 0.428471
Epoch 22
Validation r2 = 0.457709
Epoch 23
Validation r2 = 0.470979
Epoch 24
Validation r2 = 0.497279
Epoch 25
Validation r2 = 0.542941
Epoch 26
Validation r2 = 0.560778
Epoch 27
Validation r2 = 0.569826
Epoch 28
Validation r2 = 0.586170
Epoch 29
Validation r2 = 0.613029
Epoch 30
Validation r2 = 0.643294
Epoch 31
Validation r2 = 0.667583
Epoch 32
Validation r2 = 0.678550
Epoch 33
Validation r2 = 0.698620
Epoch 34
Validation r2 = 0.725194
Epoch 35
Validation r2 = 0.732947
Epoch 36
Validation r2 = 0.735284
Epoch 37
Validation r2 = 0.724984
Epoch 38
Validation r2 = 0.701366
Epoch 39
Validation r2 = 0.694712
Epoch 40
Validation r2 = 0.729965
Epoch 41
Validation r2 = 0.704884
Epoch 42
Validation r2 = 0.780210
Epoch 43
Validation r2 = 0.788201
Epoch 44
Validation r2 = 0.786768
Epoch 45
Validation r2 = 0.808775
Epoch 46
Validation r2 = 0.759531
Epoch 47
Validation r2 = 0.822185
Epoch 48
Validation r2 = 0.789303
Epoch 49
Validation r2 = 0.811087
Epoch 50
Validation r2 = 0.826572
Epoch 51
Validation r2 = 0.709335
Epoch 52
Validation r2 = 0.805229
Epoch 53
Validation r2 = 0.752914
Epoch 54
Validation r2 = 0.829527
Epoch 55
Validation r2 = 0.784652
Epoch 56
Validation r2 = 0.845551
Epoch 57
Validation r2 = 0.803572
Epoch 58
Validation r2 = 0.859039
Epoch 59
Validation r2 = 0.831828
Epoch 60
Validation r2 = 0.866205
Epoch 61
Validation r2 = 0.824685
Epoch 62
Validation r2 = 0.866075
Epoch 63
Validation r2 = 0.821221
Epoch 64
Validation r2 = 0.868424
Epoch 65
Validation r2 = 0.862613
Epoch 66
Validation r2 = 0.855369
Epoch 67
Validation r2 = 0.874482
Epoch 68
Validation r2 = 0.856686
Epoch 69
Validation r2 = 0.875249
Epoch 70
Validation r2 = 0.873457
Epoch 71
Validation r2 = 0.872373
Epoch 72
Validation r2 = 0.877491
Epoch 73
Validation r2 = 0.864885
Epoch 74
Validation r2 = 0.872981
Epoch 75
Validation r2 = 0.871108
Epoch 76
Validation r2 = 0.879514
Epoch 77
Validation r2 = 0.873918
Epoch 78
Validation r2 = 0.876293
Epoch 79
Validation r2 = 0.876052
Epoch 80
Validation r2 = 0.860828
Epoch 81
Validation r2 = 0.877515
Epoch 82
Validation r2 = 0.869173
Epoch 83
Validation r2 = 0.877545
Epoch 84
Validation r2 = 0.877122
Epoch 85
Validation r2 = 0.874246
Epoch 86
Validation r2 = 0.882139
Epoch 87
Validation r2 = 0.870074
Epoch 88
Validation r2 = 0.879949
Epoch 89
Validation r2 = 0.875588
Epoch 90
Validation r2 = 0.874718
Epoch 91
Validation r2 = 0.879114
Epoch 92
Validation r2 = 0.882234
Epoch 93
Validation r2 = 0.875147
Epoch 94
Validation r2 = 0.878815
Epoch 95
Validation r2 = 0.871485
Epoch 96
Validation r2 = 0.875753
Epoch 97
Validation r2 = 0.886308
Epoch 98
Validation r2 = 0.859286
Epoch 99
Validation r2 = 0.885364
Model 0 best validation r2 = 0.886308 on epoch 97
Moving model to cuda
Model 0 test mae = 0.190276
Model 0 test mse = 0.067454
Model 0 test r2 = 0.882115
Ensemble test mae = 0.190276
Ensemble test mse = 0.067454
Ensemble test r2 = 0.882115
1-fold cross validation
Seed 0 ==> test r2 = 0.882115
Overall test r2 = 0.882115 +/- 0.000000
