Fold 0
Loading data
Number of tasks = 1
Splitting data with seed 0
Total size = 4,032 | train size = 3,225 | val size = 807 | test size = 1,728
Fitting scaler
Building model 0
MoleculeModel(
  (encoder): MPN(
    (encoder): MPNEncoder(
      (dropout_layer): Dropout(p=0.0, inplace=False)
      (act_func): ReLU()
      (W_i_atom): Linear(in_features=133, out_features=300, bias=False)
      (W_i_bond): Linear(in_features=147, out_features=300, bias=False)
      (W_h_atom): Linear(in_features=447, out_features=300, bias=False)
      (W_h_0): Linear(in_features=300, out_features=300, bias=False)
      (W_h_1): Linear(in_features=300, out_features=300, bias=False)
      (W_o): Linear(in_features=600, out_features=300, bias=True)
      (gru): BatchGRU(
        (gru): GRU(300, 300, batch_first=True, bidirectional=True)
      )
      (lr): Linear(in_features=900, out_features=300, bias=False)
    )
  )
  (ffn): Sequential(
    (0): Dropout(p=0.0, inplace=False)
    (1): Linear(in_features=300, out_features=300, bias=True)
    (2): ReLU()
    (3): Dropout(p=0.0, inplace=False)
    (4): Linear(in_features=300, out_features=1, bias=True)
  )
)
Number of parameters = 2,022,901
Moving model to cuda
Epoch 0
Validation r2 = -0.025668
Epoch 1
Validation r2 = 0.104275
Epoch 2
Validation r2 = 0.145007
Epoch 3
Validation r2 = 0.354143
Epoch 4
Validation r2 = 0.528875
Epoch 5
Validation r2 = 0.562225
Epoch 6
Validation r2 = 0.580717
Epoch 7
Validation r2 = 0.561820
Epoch 8
Validation r2 = 0.596898
Epoch 9
Validation r2 = 0.593579
Epoch 10
Validation r2 = 0.641181
Epoch 11
Validation r2 = 0.659864
Epoch 12
Validation r2 = 0.646611
Epoch 13
Validation r2 = 0.678874
Epoch 14
Validation r2 = 0.701791
Epoch 15
Validation r2 = 0.690688
Epoch 16
Validation r2 = 0.724601
Epoch 17
Validation r2 = 0.744718
Epoch 18
Validation r2 = 0.755287
Epoch 19
Validation r2 = 0.764638
Epoch 20
Validation r2 = 0.778965
Epoch 21
Validation r2 = 0.752109
Epoch 22
Validation r2 = 0.733041
Epoch 23
Validation r2 = 0.776899
Epoch 24
Validation r2 = 0.787894
Epoch 25
Validation r2 = 0.781099
Epoch 26
Validation r2 = 0.782314
Epoch 27
Validation r2 = 0.796348
Epoch 28
Validation r2 = 0.797325
Epoch 29
Validation r2 = 0.804806
Epoch 30
Validation r2 = 0.800605
Epoch 31
Validation r2 = 0.799454
Epoch 32
Validation r2 = 0.790579
Epoch 33
Validation r2 = 0.802812
Epoch 34
Validation r2 = 0.811323
Epoch 35
Validation r2 = 0.812365
Epoch 36
Validation r2 = 0.823065
Epoch 37
Validation r2 = 0.815479
Epoch 38
Validation r2 = 0.806998
Epoch 39
Validation r2 = 0.818818
Epoch 40
Validation r2 = 0.812431
Epoch 41
Validation r2 = 0.817529
Epoch 42
Validation r2 = 0.814334
Epoch 43
Validation r2 = 0.811194
Epoch 44
Validation r2 = 0.823776
Epoch 45
Validation r2 = 0.821553
Epoch 46
Validation r2 = 0.821226
Epoch 47
Validation r2 = 0.822524
Epoch 48
Validation r2 = 0.829128
Epoch 49
Validation r2 = 0.825355
Epoch 50
Validation r2 = 0.831813
Epoch 51
Validation r2 = 0.823212
Epoch 52
Validation r2 = 0.827144
Epoch 53
Validation r2 = 0.815464
Epoch 54
Validation r2 = 0.820033
Epoch 55
Validation r2 = 0.815124
Epoch 56
Validation r2 = 0.825445
Epoch 57
Validation r2 = 0.821430
Epoch 58
Validation r2 = 0.823460
Epoch 59
Validation r2 = 0.831782
Epoch 60
Validation r2 = 0.819974
Epoch 61
Validation r2 = 0.816853
Epoch 62
Validation r2 = 0.826718
Epoch 63
Validation r2 = 0.831671
Epoch 64
Validation r2 = 0.825060
Epoch 65
Validation r2 = 0.825098
Epoch 66
Validation r2 = 0.830734
Epoch 67
Validation r2 = 0.815360
Epoch 68
Validation r2 = 0.828707
Epoch 69
Validation r2 = 0.829904
Epoch 70
Validation r2 = 0.829888
Epoch 71
Validation r2 = 0.824915
Epoch 72
Validation r2 = 0.826994
Epoch 73
Validation r2 = 0.824847
Epoch 74
Validation r2 = 0.829106
Epoch 75
Validation r2 = 0.823114
Epoch 76
Validation r2 = 0.823376
Epoch 77
Validation r2 = 0.827734
Epoch 78
Validation r2 = 0.824153
Epoch 79
Validation r2 = 0.829945
Epoch 80
Validation r2 = 0.825362
Epoch 81
Validation r2 = 0.830625
Epoch 82
Validation r2 = 0.821319
Epoch 83
Validation r2 = 0.824791
Epoch 84
Validation r2 = 0.820186
Epoch 85
Validation r2 = 0.826416
Epoch 86
Validation r2 = 0.825118
Epoch 87
Validation r2 = 0.827055
Epoch 88
Validation r2 = 0.829220
Epoch 89
Validation r2 = 0.831837
Epoch 90
Validation r2 = 0.827660
Epoch 91
Validation r2 = 0.820284
Epoch 92
Validation r2 = 0.825558
Epoch 93
Validation r2 = 0.825332
Epoch 94
Validation r2 = 0.821561
Epoch 95
Validation r2 = 0.826155
Epoch 96
Validation r2 = 0.826425
Epoch 97
Validation r2 = 0.823237
Epoch 98
Validation r2 = 0.825571
Epoch 99
Validation r2 = 0.827205
Model 0 best validation r2 = 0.831837 on epoch 89
Moving model to cuda
Model 0 test mae = 0.286197
Model 0 test mse = 0.159883
Model 0 test r2 = 0.837066
Ensemble test mae = 0.286197
Ensemble test mse = 0.159883
Ensemble test r2 = 0.837066
1-fold cross validation
Seed 0 ==> test r2 = 0.837066
Overall test r2 = 0.837066 +/- 0.000000
