Fold 0
Loading data
Number of tasks = 1
Splitting data with seed 0
Total size = 601 | train size = 480 | val size = 121 | test size = 474
Fitting scaler
Building model 0
MoleculeModel(
  (encoder): MPN(
    (encoder): MPNEncoder(
      (dropout_layer): Dropout(p=0.0, inplace=False)
      (act_func): ReLU()
      (W_i_atom): Linear(in_features=133, out_features=300, bias=False)
      (W_i_bond): Linear(in_features=147, out_features=300, bias=False)
      (W_h_atom): Linear(in_features=447, out_features=300, bias=False)
      (W_h_0): Linear(in_features=300, out_features=300, bias=False)
      (W_h_1): Linear(in_features=300, out_features=300, bias=False)
      (W_o): Linear(in_features=600, out_features=300, bias=True)
      (gru): BatchGRU(
        (gru): GRU(300, 300, batch_first=True, bidirectional=True)
      )
      (lr): Linear(in_features=900, out_features=300, bias=False)
    )
  )
  (ffn): Sequential(
    (0): Dropout(p=0.0, inplace=False)
    (1): Linear(in_features=1200, out_features=300, bias=True)
    (2): ReLU()
    (3): Dropout(p=0.0, inplace=False)
    (4): Linear(in_features=300, out_features=1, bias=True)
  )
)
Number of parameters = 2,292,901
Moving model to cuda
Fold 0
Loading data
Number of tasks = 1
Splitting data with seed 0
Total size = 601 | train size = 480 | val size = 121 | test size = 474
Fitting scaler
Building model 0
MoleculeModel(
  (encoder): MPN(
    (encoder): MPNEncoder(
      (dropout_layer): Dropout(p=0.0, inplace=False)
      (act_func): ReLU()
      (W_i_atom): Linear(in_features=133, out_features=300, bias=False)
      (W_i_bond): Linear(in_features=147, out_features=300, bias=False)
      (W_h_atom): Linear(in_features=447, out_features=300, bias=False)
      (W_h_0): Linear(in_features=300, out_features=300, bias=False)
      (W_h_1): Linear(in_features=300, out_features=300, bias=False)
      (W_o): Linear(in_features=600, out_features=300, bias=True)
      (gru): BatchGRU(
        (gru): GRU(300, 300, batch_first=True, bidirectional=True)
      )
      (lr): Linear(in_features=900, out_features=300, bias=False)
    )
  )
  (ffn): Sequential(
    (0): Dropout(p=0.0, inplace=False)
    (1): Linear(in_features=1200, out_features=300, bias=True)
    (2): ReLU()
    (3): Dropout(p=0.0, inplace=False)
    (4): Linear(in_features=300, out_features=1, bias=True)
  )
)
Number of parameters = 2,292,901
Moving model to cuda
Epoch 0
Validation r2 = -0.051953
Epoch 1
Validation r2 = 0.223383
Epoch 2
Validation r2 = 0.216331
Epoch 3
Validation r2 = 0.208707
Epoch 4
Validation r2 = 0.312062
Epoch 5
Validation r2 = 0.365070
Epoch 6
Validation r2 = 0.452322
Epoch 7
Validation r2 = 0.462209
Epoch 8
Validation r2 = 0.492463
Epoch 9
Validation r2 = 0.581919
Epoch 10
Validation r2 = 0.618226
Epoch 11
Validation r2 = 0.716547
Epoch 12
Validation r2 = 0.683780
Epoch 13
Validation r2 = 0.681318
Epoch 14
Validation r2 = 0.719502
Epoch 15
Validation r2 = 0.739951
Epoch 16
Validation r2 = 0.743712
Epoch 17
Validation r2 = 0.754470
Epoch 18
Validation r2 = 0.736681
Epoch 19
Validation r2 = 0.739453
Epoch 20
Validation r2 = 0.756338
Epoch 21
Validation r2 = 0.766748
Epoch 22
Validation r2 = 0.766560
Epoch 23
Validation r2 = 0.787491
Epoch 24
Validation r2 = 0.803711
Epoch 25
Validation r2 = 0.812626
Epoch 26
Validation r2 = 0.811685
Epoch 27
Validation r2 = 0.817787
Epoch 28
Validation r2 = 0.810597
Epoch 29
Validation r2 = 0.821929
Epoch 30
Validation r2 = 0.829632
Epoch 31
Validation r2 = 0.825960
Epoch 32
Validation r2 = 0.824945
Epoch 33
Validation r2 = 0.833839
Epoch 34
Validation r2 = 0.842658
Epoch 35
Validation r2 = 0.844912
Epoch 36
Validation r2 = 0.850619
Epoch 37
Validation r2 = 0.826849
Epoch 38
Validation r2 = 0.852137
Epoch 39
Validation r2 = 0.844697
Epoch 40
Validation r2 = 0.854373
Epoch 41
Validation r2 = 0.855597
Epoch 42
Validation r2 = 0.856631
Epoch 43
Validation r2 = 0.847952
Epoch 44
Validation r2 = 0.852135
Epoch 45
Validation r2 = 0.864328
Epoch 46
Validation r2 = 0.848341
Epoch 47
Validation r2 = 0.859196
Epoch 48
Validation r2 = 0.855285
Epoch 49
Validation r2 = 0.860204
Epoch 50
Validation r2 = 0.863755
Epoch 51
Validation r2 = 0.852816
Epoch 52
Validation r2 = 0.860788
Epoch 53
Validation r2 = 0.851977
Epoch 54
Validation r2 = 0.869659
Epoch 55
Validation r2 = 0.865208
Epoch 56
Validation r2 = 0.864249
Epoch 57
Validation r2 = 0.868476
Epoch 58
Validation r2 = 0.858706
Epoch 59
Validation r2 = 0.870507
Epoch 60
Validation r2 = 0.863558
Epoch 61
Validation r2 = 0.868527
Epoch 62
Validation r2 = 0.861595
Epoch 63
Validation r2 = 0.869503
Epoch 64
Validation r2 = 0.869676
Epoch 65
Validation r2 = 0.863626
Epoch 66
Validation r2 = 0.865504
Epoch 67
Validation r2 = 0.873298
Epoch 68
Validation r2 = 0.862135
Epoch 69
Validation r2 = 0.871662
Epoch 70
Validation r2 = 0.877572
Epoch 71
Validation r2 = 0.871284
Epoch 72
Validation r2 = 0.862287
Epoch 73
Validation r2 = 0.868762
Epoch 74
Validation r2 = 0.869386
Epoch 75
Validation r2 = 0.876229
Epoch 76
Validation r2 = 0.878528
Epoch 77
Validation r2 = 0.873614
Epoch 78
Validation r2 = 0.867280
Epoch 79
Validation r2 = 0.860360
Epoch 80
Validation r2 = 0.878727
Epoch 81
Validation r2 = 0.877256
Epoch 82
Validation r2 = 0.865675
Epoch 83
Validation r2 = 0.874635
Epoch 84
Validation r2 = 0.877946
Epoch 85
Validation r2 = 0.878817
Epoch 86
Validation r2 = 0.878152
Epoch 87
Validation r2 = 0.876768
Epoch 88
Validation r2 = 0.876722
Epoch 89
Validation r2 = 0.878585
Epoch 90
Validation r2 = 0.881533
Epoch 91
Validation r2 = 0.871881
Epoch 92
Validation r2 = 0.873888
Epoch 93
Validation r2 = 0.874700
Epoch 94
Validation r2 = 0.868239
Epoch 95
Validation r2 = 0.874617
Epoch 96
Validation r2 = 0.882360
Epoch 97
Validation r2 = 0.882273
Epoch 98
Validation r2 = 0.875562
Epoch 99
Validation r2 = 0.879298
Model 0 best validation r2 = 0.882360 on epoch 96
Moving model to cuda
Model 0 test mae = 0.162730
Model 0 test mse = 0.051829
Model 0 test r2 = 0.898185
Ensemble test mae = 0.162730
Ensemble test mse = 0.051829
Ensemble test r2 = 0.898185
1-fold cross validation
Seed 0 ==> test r2 = 0.898185
Overall test r2 = 0.898185 +/- 0.000000
