Fold 0
Loading data
Number of tasks = 1
Splitting data with seed 0
Total size = 2,768 | train size = 2,214 | val size = 554 | test size = 1,187
Fitting scaler
Building model 0
MoleculeModel(
  (encoder): MPN(
    (encoder): MPNEncoder(
      (dropout_layer): Dropout(p=0.0, inplace=False)
      (act_func): ReLU()
      (W_i_atom): Linear(in_features=133, out_features=300, bias=False)
      (W_i_bond): Linear(in_features=147, out_features=300, bias=False)
      (W_h_atom): Linear(in_features=447, out_features=300, bias=False)
      (W_h_0): Linear(in_features=300, out_features=300, bias=False)
      (W_h_1): Linear(in_features=300, out_features=300, bias=False)
      (W_o): Linear(in_features=600, out_features=300, bias=True)
      (gru): BatchGRU(
        (gru): GRU(300, 300, batch_first=True, bidirectional=True)
      )
      (lr): Linear(in_features=900, out_features=300, bias=False)
    )
  )
  (ffn): Sequential(
    (0): Dropout(p=0.0, inplace=False)
    (1): Linear(in_features=300, out_features=300, bias=True)
    (2): ReLU()
    (3): Dropout(p=0.0, inplace=False)
    (4): Linear(in_features=300, out_features=1, bias=True)
  )
)
Number of parameters = 2,022,901
Moving model to cuda
Epoch 0
Validation r2 = 0.078467
Epoch 1
Validation r2 = 0.122536
Epoch 2
Validation r2 = 0.298224
Epoch 3
Validation r2 = 0.449932
Epoch 4
Validation r2 = 0.310381
Epoch 5
Validation r2 = 0.598647
Epoch 6
Validation r2 = 0.581619
Epoch 7
Validation r2 = 0.677556
Epoch 8
Validation r2 = 0.747088
Epoch 9
Validation r2 = 0.717493
Epoch 10
Validation r2 = 0.745226
Epoch 11
Validation r2 = 0.799769
Epoch 12
Validation r2 = 0.793280
Epoch 13
Validation r2 = 0.782535
Epoch 14
Validation r2 = 0.810137
Epoch 15
Validation r2 = 0.825149
Epoch 16
Validation r2 = 0.828241
Epoch 17
Validation r2 = 0.838697
Epoch 18
Validation r2 = 0.841368
Epoch 19
Validation r2 = 0.842723
Epoch 20
Validation r2 = 0.821680
Epoch 21
Validation r2 = 0.821664
Epoch 22
Validation r2 = 0.860703
Epoch 23
Validation r2 = 0.874033
Epoch 24
Validation r2 = 0.848053
Epoch 25
Validation r2 = 0.873836
Epoch 26
Validation r2 = 0.870829
Epoch 27
Validation r2 = 0.877230
Epoch 28
Validation r2 = 0.877924
Epoch 29
Validation r2 = 0.865835
Epoch 30
Validation r2 = 0.882461
Epoch 31
Validation r2 = 0.885678
Epoch 32
Validation r2 = 0.885515
Epoch 33
Validation r2 = 0.893772
Epoch 34
Validation r2 = 0.900210
Epoch 35
Validation r2 = 0.893787
Epoch 36
Validation r2 = 0.900697
Epoch 37
Validation r2 = 0.899732
Epoch 38
Validation r2 = 0.905008
Epoch 39
Validation r2 = 0.904416
Epoch 40
Validation r2 = 0.904115
Epoch 41
Validation r2 = 0.903525
Epoch 42
Validation r2 = 0.908449
Epoch 43
Validation r2 = 0.907825
Epoch 44
Validation r2 = 0.911775
Epoch 45
Validation r2 = 0.908992
Epoch 46
Validation r2 = 0.911081
Epoch 47
Validation r2 = 0.913555
Epoch 48
Validation r2 = 0.911951
Epoch 49
Validation r2 = 0.915616
Epoch 50
Validation r2 = 0.916864
Epoch 51
Validation r2 = 0.916097
Epoch 52
Validation r2 = 0.920451
Epoch 53
Validation r2 = 0.924580
Epoch 54
Validation r2 = 0.924390
Epoch 55
Validation r2 = 0.916350
Epoch 56
Validation r2 = 0.918167
Epoch 57
Validation r2 = 0.917981
Epoch 58
Validation r2 = 0.921304
Epoch 59
Validation r2 = 0.925661
Epoch 60
Validation r2 = 0.922870
Epoch 61
Validation r2 = 0.927544
Epoch 62
Validation r2 = 0.930867
Epoch 63
Validation r2 = 0.928721
Epoch 64
Validation r2 = 0.932950
Epoch 65
Validation r2 = 0.933610
Epoch 66
Validation r2 = 0.928379
Epoch 67
Validation r2 = 0.933738
Epoch 68
Validation r2 = 0.935275
Epoch 69
Validation r2 = 0.936789
Epoch 70
Validation r2 = 0.934331
Epoch 71
Validation r2 = 0.930967
Epoch 72
Validation r2 = 0.933737
Epoch 73
Validation r2 = 0.937842
Epoch 74
Validation r2 = 0.938156
Epoch 75
Validation r2 = 0.940244
Epoch 76
Validation r2 = 0.933336
Epoch 77
Validation r2 = 0.936351
Epoch 78
Validation r2 = 0.940979
Epoch 79
Validation r2 = 0.940264
Epoch 80
Validation r2 = 0.935331
Epoch 81
Validation r2 = 0.940687
Epoch 82
Validation r2 = 0.942364
Epoch 83
Validation r2 = 0.939643
Epoch 84
Validation r2 = 0.937329
Epoch 85
Validation r2 = 0.938171
Epoch 86
Validation r2 = 0.941479
Epoch 87
Validation r2 = 0.941703
Epoch 88
Validation r2 = 0.939557
Epoch 89
Validation r2 = 0.942519
Epoch 90
Validation r2 = 0.943044
Epoch 91
Validation r2 = 0.939807
Epoch 92
Validation r2 = 0.943281
Epoch 93
Validation r2 = 0.940186
Epoch 94
Validation r2 = 0.942364
Epoch 95
Validation r2 = 0.943930
Epoch 96
Validation r2 = 0.945503
Epoch 97
Validation r2 = 0.945106
Epoch 98
Validation r2 = 0.945588
Epoch 99
Validation r2 = 0.945152
Model 0 best validation r2 = 0.945588 on epoch 98
Moving model to cuda
Model 0 test mae = 0.182233
Model 0 test mse = 0.062765
Model 0 test r2 = 0.939297
Ensemble test mae = 0.182233
Ensemble test mse = 0.062765
Ensemble test r2 = 0.939297
1-fold cross validation
Seed 0 ==> test r2 = 0.939297
Overall test r2 = 0.939297 +/- 0.000000
