Fold 0
Loading data
Number of tasks = 1
Splitting data with seed 0
Total size = 601 | train size = 480 | val size = 121 | test size = 474
Fitting scaler
Building model 0
MoleculeModel(
  (encoder): MPN(
    (encoder): MPNEncoder(
      (dropout_layer): Dropout(p=0.0, inplace=False)
      (act_func): ReLU()
      (W_i_atom): Linear(in_features=133, out_features=300, bias=False)
      (W_i_bond): Linear(in_features=147, out_features=300, bias=False)
      (W_h_atom): Linear(in_features=447, out_features=300, bias=False)
      (W_h_0): Linear(in_features=300, out_features=300, bias=False)
      (W_h_1): Linear(in_features=300, out_features=300, bias=False)
      (W_o): Linear(in_features=600, out_features=300, bias=True)
      (gru): BatchGRU(
        (gru): GRU(300, 300, batch_first=True, bidirectional=True)
      )
      (lr): Linear(in_features=900, out_features=300, bias=False)
    )
  )
  (ffn): Sequential(
    (0): Dropout(p=0.0, inplace=False)
    (1): Linear(in_features=1200, out_features=300, bias=True)
    (2): ReLU()
    (3): Dropout(p=0.0, inplace=False)
    (4): Linear(in_features=300, out_features=1, bias=True)
  )
)
Number of parameters = 2,292,901
Moving model to cuda
Epoch 0
Validation r2 = 0.216164
Epoch 1
Validation r2 = 0.269651
Epoch 2
Validation r2 = 0.185302
Epoch 3
Validation r2 = 0.302404
Epoch 4
Validation r2 = 0.478577
Epoch 5
Validation r2 = 0.473170
Epoch 6
Validation r2 = 0.534979
Epoch 7
Validation r2 = 0.669340
Epoch 8
Validation r2 = 0.717544
Epoch 9
Validation r2 = 0.709397
Epoch 10
Validation r2 = 0.704139
Epoch 11
Validation r2 = 0.752643
Epoch 12
Validation r2 = 0.735720
Epoch 13
Validation r2 = 0.778480
Epoch 14
Validation r2 = 0.782736
Epoch 15
Validation r2 = 0.801058
Epoch 16
Validation r2 = 0.822039
Epoch 17
Validation r2 = 0.833136
Epoch 18
Validation r2 = 0.833687
Epoch 19
Validation r2 = 0.845211
Epoch 20
Validation r2 = 0.848186
Epoch 21
Validation r2 = 0.857840
Epoch 22
Validation r2 = 0.861108
Epoch 23
Validation r2 = 0.861783
Epoch 24
Validation r2 = 0.859931
Epoch 25
Validation r2 = 0.872635
Epoch 26
Validation r2 = 0.873013
Epoch 27
Validation r2 = 0.847402
Epoch 28
Validation r2 = 0.874823
Epoch 29
Validation r2 = 0.858509
Epoch 30
Validation r2 = 0.862075
Epoch 31
Validation r2 = 0.872870
Epoch 32
Validation r2 = 0.874085
Epoch 33
Validation r2 = 0.874501
Epoch 34
Validation r2 = 0.874663
Epoch 35
Validation r2 = 0.873875
Epoch 36
Validation r2 = 0.872902
Epoch 37
Validation r2 = 0.873156
Epoch 38
Validation r2 = 0.883012
Epoch 39
Validation r2 = 0.882021
Epoch 40
Validation r2 = 0.879038
Epoch 41
Validation r2 = 0.884739
Epoch 42
Validation r2 = 0.886075
Epoch 43
Validation r2 = 0.880556
Epoch 44
Validation r2 = 0.885324
Epoch 45
Validation r2 = 0.888787
Epoch 46
Validation r2 = 0.889003
Epoch 47
Validation r2 = 0.887652
Epoch 48
Validation r2 = 0.883951
Epoch 49
Validation r2 = 0.890505
Epoch 50
Validation r2 = 0.884026
Epoch 51
Validation r2 = 0.889687
Epoch 52
Validation r2 = 0.892941
Epoch 53
Validation r2 = 0.888491
Epoch 54
Validation r2 = 0.893060
Epoch 55
Validation r2 = 0.891557
Epoch 56
Validation r2 = 0.890038
Epoch 57
Validation r2 = 0.891390
Epoch 58
Validation r2 = 0.888324
Epoch 59
Validation r2 = 0.893946
Epoch 60
Validation r2 = 0.892390
Epoch 61
Validation r2 = 0.893665
Epoch 62
Validation r2 = 0.886914
Epoch 63
Validation r2 = 0.895694
Epoch 64
Validation r2 = 0.894959
Epoch 65
Validation r2 = 0.888821
Epoch 66
Validation r2 = 0.892712
Epoch 67
Validation r2 = 0.892935
Epoch 68
Validation r2 = 0.885662
Epoch 69
Validation r2 = 0.889670
Epoch 70
Validation r2 = 0.880436
Epoch 71
Validation r2 = 0.893534
Epoch 72
Validation r2 = 0.890158
Epoch 73
Validation r2 = 0.882049
Epoch 74
Validation r2 = 0.893581
Epoch 75
Validation r2 = 0.894326
Epoch 76
Validation r2 = 0.893490
Epoch 77
Validation r2 = 0.889537
Epoch 78
Validation r2 = 0.894237
Epoch 79
Validation r2 = 0.895270
Epoch 80
Validation r2 = 0.894611
Epoch 81
Validation r2 = 0.894193
Epoch 82
Validation r2 = 0.892519
Epoch 83
Validation r2 = 0.893063
Epoch 84
Validation r2 = 0.893751
Epoch 85
Validation r2 = 0.891754
Epoch 86
Validation r2 = 0.892796
Epoch 87
Validation r2 = 0.892312
Epoch 88
Validation r2 = 0.889409
Epoch 89
Validation r2 = 0.895073
Epoch 90
Validation r2 = 0.896330
Epoch 91
Validation r2 = 0.891088
Epoch 92
Validation r2 = 0.893224
Epoch 93
Validation r2 = 0.894509
Epoch 94
Validation r2 = 0.897202
Epoch 95
Validation r2 = 0.896534
Epoch 96
Validation r2 = 0.892124
Epoch 97
Validation r2 = 0.892423
Epoch 98
Validation r2 = 0.894858
Epoch 99
Validation r2 = 0.894386
Model 0 best validation r2 = 0.897202 on epoch 94
Moving model to cuda
Model 0 test mae = 0.162232
Model 0 test mse = 0.054251
Model 0 test r2 = 0.881126
Ensemble test mae = 0.162232
Ensemble test mse = 0.054251
Ensemble test r2 = 0.881126
1-fold cross validation
Seed 0 ==> test r2 = 0.881126
Overall test r2 = 0.881126 +/- 0.000000
