Fold 0
Loading data
Number of tasks = 1
Splitting data with seed 0
Total size = 2,768 | train size = 2,214 | val size = 554 | test size = 1,187
Fitting scaler
Building model 0
MoleculeModel(
  (encoder): MPN(
    (encoder): MPNEncoder(
      (dropout_layer): Dropout(p=0.0, inplace=False)
      (act_func): ReLU()
      (W_i_atom): Linear(in_features=133, out_features=300, bias=False)
      (W_i_bond): Linear(in_features=147, out_features=300, bias=False)
      (W_h_atom): Linear(in_features=447, out_features=300, bias=False)
      (W_h_0): Linear(in_features=300, out_features=300, bias=False)
      (W_h_1): Linear(in_features=300, out_features=300, bias=False)
      (W_o): Linear(in_features=600, out_features=300, bias=True)
      (gru): BatchGRU(
        (gru): GRU(300, 300, batch_first=True, bidirectional=True)
      )
      (lr): Linear(in_features=900, out_features=300, bias=False)
    )
  )
  (ffn): Sequential(
    (0): Dropout(p=0.0, inplace=False)
    (1): Linear(in_features=2100, out_features=300, bias=True)
    (2): ReLU()
    (3): Dropout(p=0.0, inplace=False)
    (4): Linear(in_features=300, out_features=1, bias=True)
  )
)
Number of parameters = 2,562,901
Moving model to cuda
Epoch 0
Validation r2 = 0.223476
Epoch 1
Validation r2 = 0.603319
Epoch 2
Validation r2 = 0.721045
Epoch 3
Validation r2 = 0.719517
Epoch 4
Validation r2 = 0.753890
Epoch 5
Validation r2 = 0.773138
Epoch 6
Validation r2 = 0.772137
Epoch 7
Validation r2 = 0.799603
Epoch 8
Validation r2 = 0.807682
Epoch 9
Validation r2 = 0.817300
Epoch 10
Validation r2 = 0.815942
Epoch 11
Validation r2 = 0.839861
Epoch 12
Validation r2 = 0.834466
Epoch 13
Validation r2 = 0.855358
Epoch 14
Validation r2 = 0.858606
Epoch 15
Validation r2 = 0.864103
Epoch 16
Validation r2 = 0.868010
Epoch 17
Validation r2 = 0.857388
Epoch 18
Validation r2 = 0.865820
Epoch 19
Validation r2 = 0.869047
Epoch 20
Validation r2 = 0.882553
Epoch 21
Validation r2 = 0.887613
Epoch 22
Validation r2 = 0.888960
Epoch 23
Validation r2 = 0.886965
Epoch 24
Validation r2 = 0.905286
Epoch 25
Validation r2 = 0.898902
Epoch 26
Validation r2 = 0.896456
Epoch 27
Validation r2 = 0.899368
Epoch 28
Validation r2 = 0.909567
Epoch 29
Validation r2 = 0.911342
Epoch 30
Validation r2 = 0.914142
Epoch 31
Validation r2 = 0.918354
Epoch 32
Validation r2 = 0.916077
Epoch 33
Validation r2 = 0.914763
Epoch 34
Validation r2 = 0.909106
Epoch 35
Validation r2 = 0.926221
Epoch 36
Validation r2 = 0.923124
Epoch 37
Validation r2 = 0.926104
Epoch 38
Validation r2 = 0.929374
Epoch 39
Validation r2 = 0.930108
Epoch 40
Validation r2 = 0.934399
Epoch 41
Validation r2 = 0.931241
Epoch 42
Validation r2 = 0.932328
Epoch 43
Validation r2 = 0.932149
Epoch 44
Validation r2 = 0.937045
Epoch 45
Validation r2 = 0.936314
Epoch 46
Validation r2 = 0.938340
Epoch 47
Validation r2 = 0.936108
Epoch 48
Validation r2 = 0.938732
Epoch 49
Validation r2 = 0.937715
Epoch 50
Validation r2 = 0.941079
Epoch 51
Validation r2 = 0.935657
Epoch 52
Validation r2 = 0.943055
Epoch 53
Validation r2 = 0.942585
Epoch 54
Validation r2 = 0.940814
Epoch 55
Validation r2 = 0.942088
Epoch 56
Validation r2 = 0.939913
Epoch 57
Validation r2 = 0.942240
Epoch 58
Validation r2 = 0.940102
Epoch 59
Validation r2 = 0.943829
Epoch 60
Validation r2 = 0.943295
Epoch 61
Validation r2 = 0.941962
Epoch 62
Validation r2 = 0.944490
Epoch 63
Validation r2 = 0.944706
Epoch 64
Validation r2 = 0.943946
Epoch 65
Validation r2 = 0.943651
Epoch 66
Validation r2 = 0.944282
Epoch 67
Validation r2 = 0.946172
Epoch 68
Validation r2 = 0.944044
Epoch 69
Validation r2 = 0.945514
Epoch 70
Validation r2 = 0.943784
Epoch 71
Validation r2 = 0.942982
Epoch 72
Validation r2 = 0.944600
Epoch 73
Validation r2 = 0.945878
Epoch 74
Validation r2 = 0.945814
Epoch 75
Validation r2 = 0.945411
Epoch 76
Validation r2 = 0.945837
Epoch 77
Validation r2 = 0.945548
Epoch 78
Validation r2 = 0.945987
Epoch 79
Validation r2 = 0.944707
Epoch 80
Validation r2 = 0.946180
Epoch 81
Validation r2 = 0.946540
Epoch 82
Validation r2 = 0.946840
Epoch 83
Validation r2 = 0.945519
Epoch 84
Validation r2 = 0.946060
Epoch 85
Validation r2 = 0.944647
Epoch 86
Validation r2 = 0.946400
Epoch 87
Validation r2 = 0.944601
Epoch 88
Validation r2 = 0.946482
Epoch 89
Validation r2 = 0.946058
Epoch 90
Validation r2 = 0.946717
Epoch 91
Validation r2 = 0.944634
Epoch 92
Validation r2 = 0.945190
Epoch 93
Validation r2 = 0.945829
Epoch 94
Validation r2 = 0.945835
Epoch 95
Validation r2 = 0.946611
Epoch 96
Validation r2 = 0.945144
Epoch 97
Validation r2 = 0.945737
Epoch 98
Validation r2 = 0.946418
Epoch 99
Validation r2 = 0.946341
Model 0 best validation r2 = 0.946840 on epoch 82
Moving model to cuda
Model 0 test mae = 0.158064
Model 0 test mse = 0.048526
Model 0 test r2 = 0.950325
Ensemble test mae = 0.158064
Ensemble test mse = 0.048526
Ensemble test r2 = 0.950325
1-fold cross validation
Seed 0 ==> test r2 = 0.950325
Overall test r2 = 0.950325 +/- 0.000000
