Fold 0
Loading data
Number of tasks = 1
Splitting data with seed 0
Total size = 601 | train size = 480 | val size = 121 | test size = 474
Fitting scaler
Building model 0
MoleculeModel(
  (encoder): MPN(
    (encoder): MPNEncoder(
      (dropout_layer): Dropout(p=0.0, inplace=False)
      (act_func): ReLU()
      (W_i_atom): Linear(in_features=133, out_features=300, bias=False)
      (W_i_bond): Linear(in_features=147, out_features=300, bias=False)
      (W_h_atom): Linear(in_features=447, out_features=300, bias=False)
      (W_h_0): Linear(in_features=300, out_features=300, bias=False)
      (W_h_1): Linear(in_features=300, out_features=300, bias=False)
      (W_o): Linear(in_features=600, out_features=300, bias=True)
      (gru): BatchGRU(
        (gru): GRU(300, 300, batch_first=True, bidirectional=True)
      )
      (lr): Linear(in_features=900, out_features=300, bias=False)
    )
  )
  (ffn): Sequential(
    (0): Dropout(p=0.0, inplace=False)
    (1): Linear(in_features=900, out_features=300, bias=True)
    (2): ReLU()
    (3): Dropout(p=0.0, inplace=False)
    (4): Linear(in_features=300, out_features=1, bias=True)
  )
)
Number of parameters = 2,202,901
Moving model to cuda
Epoch 0
Validation r2 = 0.171470
Epoch 1
Validation r2 = 0.144240
Epoch 2
Validation r2 = 0.365691
Epoch 3
Validation r2 = 0.309875
Epoch 4
Validation r2 = 0.274200
Epoch 5
Validation r2 = 0.460692
Epoch 6
Validation r2 = 0.499932
Epoch 7
Validation r2 = 0.570965
Epoch 8
Validation r2 = 0.545721
Epoch 9
Validation r2 = 0.560060
Epoch 10
Validation r2 = 0.646305
Epoch 11
Validation r2 = 0.710692
Epoch 12
Validation r2 = 0.718117
Epoch 13
Validation r2 = 0.659718
Epoch 14
Validation r2 = 0.442888
Epoch 15
Validation r2 = 0.659959
Epoch 16
Validation r2 = 0.749307
Epoch 17
Validation r2 = 0.780269
Epoch 18
Validation r2 = 0.816254
Epoch 19
Validation r2 = 0.829219
Epoch 20
Validation r2 = 0.821328
Epoch 21
Validation r2 = 0.826158
Epoch 22
Validation r2 = 0.829679
Epoch 23
Validation r2 = 0.800847
Epoch 24
Validation r2 = 0.830180
Epoch 25
Validation r2 = 0.821603
Epoch 26
Validation r2 = 0.782667
Epoch 27
Validation r2 = 0.831729
Epoch 28
Validation r2 = 0.866194
Epoch 29
Validation r2 = 0.829289
Epoch 30
Validation r2 = 0.864118
Epoch 31
Validation r2 = 0.870535
Epoch 32
Validation r2 = 0.830651
Epoch 33
Validation r2 = 0.859925
Epoch 34
Validation r2 = 0.872782
Epoch 35
Validation r2 = 0.846433
Epoch 36
Validation r2 = 0.862175
Epoch 37
Validation r2 = 0.877542
Epoch 38
Validation r2 = 0.869528
Epoch 39
Validation r2 = 0.853074
Epoch 40
Validation r2 = 0.878203
Epoch 41
Validation r2 = 0.881676
Epoch 42
Validation r2 = 0.846004
Epoch 43
Validation r2 = 0.859211
Epoch 44
Validation r2 = 0.854382
Epoch 45
Validation r2 = 0.837664
Epoch 46
Validation r2 = 0.874889
Epoch 47
Validation r2 = 0.874143
Epoch 48
Validation r2 = 0.869132
Epoch 49
Validation r2 = 0.870407
Epoch 50
Validation r2 = 0.885411
Epoch 51
Validation r2 = 0.882993
Epoch 52
Validation r2 = 0.873093
Epoch 53
Validation r2 = 0.878563
Epoch 54
Validation r2 = 0.891386
Epoch 55
Validation r2 = 0.895112
Epoch 56
Validation r2 = 0.893998
Epoch 57
Validation r2 = 0.890104
Epoch 58
Validation r2 = 0.894832
Epoch 59
Validation r2 = 0.895546
Epoch 60
Validation r2 = 0.892181
Epoch 61
Validation r2 = 0.887785
Epoch 62
Validation r2 = 0.891426
Epoch 63
Validation r2 = 0.886961
Epoch 64
Validation r2 = 0.885196
Epoch 65
Validation r2 = 0.875214
Epoch 66
Validation r2 = 0.887341
Epoch 67
Validation r2 = 0.890092
Epoch 68
Validation r2 = 0.883855
Epoch 69
Validation r2 = 0.893071
Epoch 70
Validation r2 = 0.889403
Epoch 71
Validation r2 = 0.892118
Epoch 72
Validation r2 = 0.893076
Epoch 73
Validation r2 = 0.891559
Epoch 74
Validation r2 = 0.894775
Epoch 75
Validation r2 = 0.895815
Epoch 76
Validation r2 = 0.893297
Epoch 77
Validation r2 = 0.894361
Epoch 78
Validation r2 = 0.895844
Epoch 79
Validation r2 = 0.890543
Epoch 80
Validation r2 = 0.893171
Epoch 81
Validation r2 = 0.894067
Epoch 82
Validation r2 = 0.894567
Epoch 83
Validation r2 = 0.895428
Epoch 84
Validation r2 = 0.895592
Epoch 85
Validation r2 = 0.895205
Epoch 86
Validation r2 = 0.893052
Epoch 87
Validation r2 = 0.896356
Epoch 88
Validation r2 = 0.895232
Epoch 89
Validation r2 = 0.896435
Epoch 90
Validation r2 = 0.894390
Epoch 91
Validation r2 = 0.895599
Epoch 92
Validation r2 = 0.896464
Epoch 93
Validation r2 = 0.894299
Epoch 94
Validation r2 = 0.892552
Epoch 95
Validation r2 = 0.893510
Epoch 96
Validation r2 = 0.898363
Epoch 97
Validation r2 = 0.895133
Epoch 98
Validation r2 = 0.894707
Epoch 99
Validation r2 = 0.891561
Model 0 best validation r2 = 0.898363 on epoch 96
Moving model to cuda
Model 0 test mae = 0.161672
Model 0 test mse = 0.051563
Model 0 test r2 = 0.895557
Ensemble test mae = 0.161672
Ensemble test mse = 0.051563
Ensemble test r2 = 0.895557
1-fold cross validation
Seed 0 ==> test r2 = 0.895557
Overall test r2 = 0.895557 +/- 0.000000
