Fold 0
Loading data
Number of tasks = 1
Splitting data with seed 0
Total size = 601 | train size = 480 | val size = 121 | test size = 474
Fitting scaler
Building model 0
MoleculeModel(
  (encoder): MPN(
    (encoder): MPNEncoder(
      (dropout_layer): Dropout(p=0.0, inplace=False)
      (act_func): ReLU()
      (W_i_atom): Linear(in_features=133, out_features=300, bias=False)
      (W_i_bond): Linear(in_features=147, out_features=300, bias=False)
      (W_h_atom): Linear(in_features=447, out_features=300, bias=False)
      (W_h_0): Linear(in_features=300, out_features=300, bias=False)
      (W_h_1): Linear(in_features=300, out_features=300, bias=False)
      (W_o): Linear(in_features=600, out_features=300, bias=True)
      (gru): BatchGRU(
        (gru): GRU(300, 300, batch_first=True, bidirectional=True)
      )
      (lr): Linear(in_features=900, out_features=300, bias=False)
    )
  )
  (ffn): Sequential(
    (0): Dropout(p=0.0, inplace=False)
    (1): Linear(in_features=300, out_features=300, bias=True)
    (2): ReLU()
    (3): Dropout(p=0.0, inplace=False)
    (4): Linear(in_features=300, out_features=1, bias=True)
  )
)
Number of parameters = 2,022,901
Moving model to cuda
Epoch 0
Validation r2 = -0.222197
Epoch 1
Validation r2 = 0.097231
Epoch 2
Validation r2 = 0.151571
Epoch 3
Validation r2 = 0.257796
Epoch 4
Validation r2 = 0.239368
Epoch 5
Validation r2 = 0.241714
Epoch 6
Validation r2 = 0.259343
Epoch 7
Validation r2 = 0.259259
Epoch 8
Validation r2 = 0.257053
Epoch 9
Validation r2 = 0.257301
Epoch 10
Validation r2 = 0.280211
Epoch 11
Validation r2 = 0.278078
Epoch 12
Validation r2 = 0.270535
Epoch 13
Validation r2 = 0.294175
Epoch 14
Validation r2 = 0.293725
Epoch 15
Validation r2 = 0.320926
Epoch 16
Validation r2 = 0.344988
Epoch 17
Validation r2 = 0.372602
Epoch 18
Validation r2 = 0.390729
Epoch 19
Validation r2 = 0.356816
Epoch 20
Validation r2 = 0.514399
Epoch 21
Validation r2 = 0.503904
Epoch 22
Validation r2 = 0.502138
Epoch 23
Validation r2 = 0.640873
Epoch 24
Validation r2 = 0.611521
Epoch 25
Validation r2 = 0.654119
Epoch 26
Validation r2 = 0.726125
Epoch 27
Validation r2 = 0.764661
Epoch 28
Validation r2 = 0.770646
Epoch 29
Validation r2 = 0.739635
Epoch 30
Validation r2 = 0.777718
Epoch 31
Validation r2 = 0.734746
Epoch 32
Validation r2 = 0.787810
Epoch 33
Validation r2 = 0.785058
Epoch 34
Validation r2 = 0.793801
Epoch 35
Validation r2 = 0.809067
Epoch 36
Validation r2 = 0.813330
Epoch 37
Validation r2 = 0.809578
Epoch 38
Validation r2 = 0.820860
Epoch 39
Validation r2 = 0.823957
Epoch 40
Validation r2 = 0.831531
Epoch 41
Validation r2 = 0.834755
Epoch 42
Validation r2 = 0.780160
Epoch 43
Validation r2 = 0.828284
Epoch 44
Validation r2 = 0.803283
Epoch 45
Validation r2 = 0.832889
Epoch 46
Validation r2 = 0.835123
Epoch 47
Validation r2 = 0.815167
Epoch 48
Validation r2 = 0.831468
Epoch 49
Validation r2 = 0.792388
Epoch 50
Validation r2 = 0.842622
Epoch 51
Validation r2 = 0.840856
Epoch 52
Validation r2 = 0.828858
Epoch 53
Validation r2 = 0.826165
Epoch 54
Validation r2 = 0.840915
Epoch 55
Validation r2 = 0.843588
Epoch 56
Validation r2 = 0.845938
Epoch 57
Validation r2 = 0.837514
Epoch 58
Validation r2 = 0.832857
Epoch 59
Validation r2 = 0.831015
Epoch 60
Validation r2 = 0.846993
Epoch 61
Validation r2 = 0.847885
Epoch 62
Validation r2 = 0.845826
Epoch 63
Validation r2 = 0.850232
Epoch 64
Validation r2 = 0.850500
Epoch 65
Validation r2 = 0.848220
Epoch 66
Validation r2 = 0.852463
Epoch 67
Validation r2 = 0.851679
Epoch 68
Validation r2 = 0.843552
Epoch 69
Validation r2 = 0.852575
Epoch 70
Validation r2 = 0.850092
Epoch 71
Validation r2 = 0.840293
Epoch 72
Validation r2 = 0.851607
Epoch 73
Validation r2 = 0.847511
Epoch 74
Validation r2 = 0.848786
Epoch 75
Validation r2 = 0.840845
Epoch 76
Validation r2 = 0.843960
Epoch 77
Validation r2 = 0.839724
Epoch 78
Validation r2 = 0.848715
Epoch 79
Validation r2 = 0.855171
Epoch 80
Validation r2 = 0.852848
Epoch 81
Validation r2 = 0.855866
Epoch 82
Validation r2 = 0.854126
Epoch 83
Validation r2 = 0.854988
Epoch 84
Validation r2 = 0.853989
Epoch 85
Validation r2 = 0.854966
Epoch 86
Validation r2 = 0.854288
Epoch 87
Validation r2 = 0.854149
Epoch 88
Validation r2 = 0.855612
Epoch 89
Validation r2 = 0.853679
Epoch 90
Validation r2 = 0.854118
Epoch 91
Validation r2 = 0.852232
Epoch 92
Validation r2 = 0.855456
Epoch 93
Validation r2 = 0.853674
Epoch 94
Validation r2 = 0.857305
Epoch 95
Validation r2 = 0.854619
Epoch 96
Validation r2 = 0.855497
Epoch 97
Validation r2 = 0.856806
Epoch 98
Validation r2 = 0.855093
Epoch 99
Validation r2 = 0.856568
Model 0 best validation r2 = 0.857305 on epoch 94
Moving model to cuda
Model 0 test mae = 0.169759
Model 0 test mse = 0.052310
Model 0 test r2 = 0.891423
Ensemble test mae = 0.169759
Ensemble test mse = 0.052310
Ensemble test r2 = 0.891423
1-fold cross validation
Seed 0 ==> test r2 = 0.891423
Overall test r2 = 0.891423 +/- 0.000000
