Fold 0
Loading data
Number of tasks = 1
Splitting data with seed 0
Total size = 601 | train size = 480 | val size = 121 | test size = 474
Fitting scaler
Building model 0
MoleculeModel(
  (encoder): MPN(
    (encoder): MPNEncoder(
      (dropout_layer): Dropout(p=0.0, inplace=False)
      (act_func): ReLU()
      (W_i_atom): Linear(in_features=133, out_features=300, bias=False)
      (W_i_bond): Linear(in_features=147, out_features=300, bias=False)
      (W_h_atom): Linear(in_features=447, out_features=300, bias=False)
      (W_h_0): Linear(in_features=300, out_features=300, bias=False)
      (W_h_1): Linear(in_features=300, out_features=300, bias=False)
      (W_o): Linear(in_features=600, out_features=300, bias=True)
      (gru): BatchGRU(
        (gru): GRU(300, 300, batch_first=True, bidirectional=True)
      )
      (lr): Linear(in_features=900, out_features=300, bias=False)
    )
  )
  (ffn): Sequential(
    (0): Dropout(p=0.0, inplace=False)
    (1): Linear(in_features=300, out_features=300, bias=True)
    (2): ReLU()
    (3): Dropout(p=0.0, inplace=False)
    (4): Linear(in_features=300, out_features=1, bias=True)
  )
)
Number of parameters = 2,022,901
Moving model to cuda
Epoch 0
Validation r2 = -0.215352
Epoch 1
Validation r2 = 0.123643
Epoch 2
Validation r2 = 0.216354
Epoch 3
Validation r2 = 0.264795
Epoch 4
Validation r2 = 0.247194
Epoch 5
Validation r2 = 0.267689
Epoch 6
Validation r2 = 0.251714
Epoch 7
Validation r2 = 0.259858
Epoch 8
Validation r2 = 0.279052
Epoch 9
Validation r2 = 0.306903
Epoch 10
Validation r2 = 0.320141
Epoch 11
Validation r2 = 0.339000
Epoch 12
Validation r2 = 0.321289
Epoch 13
Validation r2 = 0.399615
Epoch 14
Validation r2 = 0.460610
Epoch 15
Validation r2 = 0.496448
Epoch 16
Validation r2 = 0.518638
Epoch 17
Validation r2 = 0.405091
Epoch 18
Validation r2 = 0.481185
Epoch 19
Validation r2 = 0.481348
Epoch 20
Validation r2 = 0.591330
Epoch 21
Validation r2 = 0.616910
Epoch 22
Validation r2 = 0.657945
Epoch 23
Validation r2 = 0.653306
Epoch 24
Validation r2 = 0.614308
Epoch 25
Validation r2 = 0.686241
Epoch 26
Validation r2 = 0.696838
Epoch 27
Validation r2 = 0.740940
Epoch 28
Validation r2 = 0.741133
Epoch 29
Validation r2 = 0.700829
Epoch 30
Validation r2 = 0.761652
Epoch 31
Validation r2 = 0.764310
Epoch 32
Validation r2 = 0.741643
Epoch 33
Validation r2 = 0.783391
Epoch 34
Validation r2 = 0.760146
Epoch 35
Validation r2 = 0.801785
Epoch 36
Validation r2 = 0.806471
Epoch 37
Validation r2 = 0.807750
Epoch 38
Validation r2 = 0.811364
Epoch 39
Validation r2 = 0.816487
Epoch 40
Validation r2 = 0.818736
Epoch 41
Validation r2 = 0.828413
Epoch 42
Validation r2 = 0.776662
Epoch 43
Validation r2 = 0.812137
Epoch 44
Validation r2 = 0.791521
Epoch 45
Validation r2 = 0.831225
Epoch 46
Validation r2 = 0.807670
Epoch 47
Validation r2 = 0.798936
Epoch 48
Validation r2 = 0.822637
Epoch 49
Validation r2 = 0.802568
Epoch 50
Validation r2 = 0.837797
Epoch 51
Validation r2 = 0.839466
Epoch 52
Validation r2 = 0.833066
Epoch 53
Validation r2 = 0.830120
Epoch 54
Validation r2 = 0.836904
Epoch 55
Validation r2 = 0.836907
Epoch 56
Validation r2 = 0.834244
Epoch 57
Validation r2 = 0.841734
Epoch 58
Validation r2 = 0.839177
Epoch 59
Validation r2 = 0.837569
Epoch 60
Validation r2 = 0.841691
Epoch 61
Validation r2 = 0.843540
Epoch 62
Validation r2 = 0.843124
Epoch 63
Validation r2 = 0.843769
Epoch 64
Validation r2 = 0.845533
Epoch 65
Validation r2 = 0.844796
Epoch 66
Validation r2 = 0.848486
Epoch 67
Validation r2 = 0.845519
Epoch 68
Validation r2 = 0.844457
Epoch 69
Validation r2 = 0.849681
Epoch 70
Validation r2 = 0.845817
Epoch 71
Validation r2 = 0.842945
Epoch 72
Validation r2 = 0.849566
Epoch 73
Validation r2 = 0.849014
Epoch 74
Validation r2 = 0.848861
Epoch 75
Validation r2 = 0.842458
Epoch 76
Validation r2 = 0.848076
Epoch 77
Validation r2 = 0.848291
Epoch 78
Validation r2 = 0.851571
Epoch 79
Validation r2 = 0.850905
Epoch 80
Validation r2 = 0.842918
Epoch 81
Validation r2 = 0.850568
Epoch 82
Validation r2 = 0.846963
Epoch 83
Validation r2 = 0.851232
Epoch 84
Validation r2 = 0.850094
Epoch 85
Validation r2 = 0.851844
Epoch 86
Validation r2 = 0.851859
Epoch 87
Validation r2 = 0.849728
Epoch 88
Validation r2 = 0.847858
Epoch 89
Validation r2 = 0.839608
Epoch 90
Validation r2 = 0.847781
Epoch 91
Validation r2 = 0.852353
Epoch 92
Validation r2 = 0.853407
Epoch 93
Validation r2 = 0.854167
Epoch 94
Validation r2 = 0.852589
Epoch 95
Validation r2 = 0.853538
Epoch 96
Validation r2 = 0.854814
Epoch 97
Validation r2 = 0.855350
Epoch 98
Validation r2 = 0.853325
Epoch 99
Validation r2 = 0.853056
Model 0 best validation r2 = 0.855350 on epoch 97
Moving model to cuda
Model 0 test mae = 0.170988
Model 0 test mse = 0.054374
Model 0 test r2 = 0.887139
Ensemble test mae = 0.170988
Ensemble test mse = 0.054374
Ensemble test r2 = 0.887139
1-fold cross validation
Seed 0 ==> test r2 = 0.887139
Overall test r2 = 0.887139 +/- 0.000000
