Fold 0
Loading data
Number of tasks = 1
Splitting data with seed 0
Total size = 4,032 | train size = 3,225 | val size = 807 | test size = 1,728
Fitting scaler
Building model 0
MoleculeModel(
  (encoder): MPN(
    (encoder): MPNEncoder(
      (dropout_layer): Dropout(p=0.0, inplace=False)
      (act_func): ReLU()
      (W_i_atom): Linear(in_features=133, out_features=300, bias=False)
      (W_i_bond): Linear(in_features=147, out_features=300, bias=False)
      (W_h_atom): Linear(in_features=447, out_features=300, bias=False)
      (W_h_0): Linear(in_features=300, out_features=300, bias=False)
      (W_h_1): Linear(in_features=300, out_features=300, bias=False)
      (W_o): Linear(in_features=600, out_features=300, bias=True)
      (gru): BatchGRU(
        (gru): GRU(300, 300, batch_first=True, bidirectional=True)
      )
      (lr): Linear(in_features=900, out_features=300, bias=False)
    )
  )
  (ffn): Sequential(
    (0): Dropout(p=0.0, inplace=False)
    (1): Linear(in_features=2100, out_features=300, bias=True)
    (2): ReLU()
    (3): Dropout(p=0.0, inplace=False)
    (4): Linear(in_features=300, out_features=1, bias=True)
  )
)
Number of parameters = 2,562,901
Moving model to cuda
Epoch 0
Validation r2 = 0.261289
Epoch 1
Validation r2 = 0.440997
Epoch 2
Validation r2 = 0.573681
Epoch 3
Validation r2 = 0.602843
Epoch 4
Validation r2 = 0.625364
Epoch 5
Validation r2 = 0.615271
Epoch 6
Validation r2 = 0.665267
Epoch 7
Validation r2 = 0.655488
Epoch 8
Validation r2 = 0.677808
Epoch 9
Validation r2 = 0.703478
Epoch 10
Validation r2 = 0.688052
Epoch 11
Validation r2 = 0.736859
Epoch 12
Validation r2 = 0.709556
Epoch 13
Validation r2 = 0.746133
Epoch 14
Validation r2 = 0.762002
Epoch 15
Validation r2 = 0.782793
Epoch 16
Validation r2 = 0.776652
Epoch 17
Validation r2 = 0.791158
Epoch 18
Validation r2 = 0.791334
Epoch 19
Validation r2 = 0.796440
Epoch 20
Validation r2 = 0.813326
Epoch 21
Validation r2 = 0.815911
Epoch 22
Validation r2 = 0.812431
Epoch 23
Validation r2 = 0.819760
Epoch 24
Validation r2 = 0.826298
Epoch 25
Validation r2 = 0.797693
Epoch 26
Validation r2 = 0.825682
Epoch 27
Validation r2 = 0.838125
Epoch 28
Validation r2 = 0.834859
Epoch 29
Validation r2 = 0.823401
Epoch 30
Validation r2 = 0.838035
Epoch 31
Validation r2 = 0.825120
Epoch 32
Validation r2 = 0.837744
Epoch 33
Validation r2 = 0.834497
Epoch 34
Validation r2 = 0.846717
Epoch 35
Validation r2 = 0.832582
Epoch 36
Validation r2 = 0.838028
Epoch 37
Validation r2 = 0.841953
Epoch 38
Validation r2 = 0.841212
Epoch 39
Validation r2 = 0.844795
Epoch 40
Validation r2 = 0.839607
Epoch 41
Validation r2 = 0.839716
Epoch 42
Validation r2 = 0.834461
Epoch 43
Validation r2 = 0.832879
Epoch 44
Validation r2 = 0.843366
Epoch 45
Validation r2 = 0.836378
Epoch 46
Validation r2 = 0.836827
Epoch 47
Validation r2 = 0.841095
Epoch 48
Validation r2 = 0.834023
Epoch 49
Validation r2 = 0.832421
Epoch 50
Validation r2 = 0.834018
Epoch 51
Validation r2 = 0.839061
Epoch 52
Validation r2 = 0.837474
Epoch 53
Validation r2 = 0.837723
Epoch 54
Validation r2 = 0.828911
Epoch 55
Validation r2 = 0.834692
Epoch 56
Validation r2 = 0.831014
Epoch 57
Validation r2 = 0.833904
Epoch 58
Validation r2 = 0.831254
Epoch 59
Validation r2 = 0.830201
Epoch 60
Validation r2 = 0.830949
Epoch 61
Validation r2 = 0.828768
Epoch 62
Validation r2 = 0.831074
Epoch 63
Validation r2 = 0.831545
Epoch 64
Validation r2 = 0.825546
Epoch 65
Validation r2 = 0.826997
Epoch 66
Validation r2 = 0.830141
Epoch 67
Validation r2 = 0.827768
Epoch 68
Validation r2 = 0.829677
Epoch 69
Validation r2 = 0.827559
Epoch 70
Validation r2 = 0.828014
Epoch 71
Validation r2 = 0.824042
Epoch 72
Validation r2 = 0.824600
Epoch 73
Validation r2 = 0.824571
Epoch 74
Validation r2 = 0.825430
Epoch 75
Validation r2 = 0.824562
Epoch 76
Validation r2 = 0.825151
Epoch 77
Validation r2 = 0.821529
Epoch 78
Validation r2 = 0.825017
Epoch 79
Validation r2 = 0.822566
Epoch 80
Validation r2 = 0.822102
Epoch 81
Validation r2 = 0.822729
Epoch 82
Validation r2 = 0.822668
Epoch 83
Validation r2 = 0.824606
Epoch 84
Validation r2 = 0.821326
Epoch 85
Validation r2 = 0.821283
Epoch 86
Validation r2 = 0.819887
Epoch 87
Validation r2 = 0.819037
Epoch 88
Validation r2 = 0.820414
Epoch 89
Validation r2 = 0.820285
Epoch 90
Validation r2 = 0.819849
Epoch 91
Validation r2 = 0.818676
Epoch 92
Validation r2 = 0.820018
Epoch 93
Validation r2 = 0.819169
Epoch 94
Validation r2 = 0.818675
Epoch 95
Validation r2 = 0.819443
Epoch 96
Validation r2 = 0.819846
Epoch 97
Validation r2 = 0.818518
Epoch 98
Validation r2 = 0.816542
Epoch 99
Validation r2 = 0.817607
Model 0 best validation r2 = 0.846717 on epoch 34
Moving model to cuda
Model 0 test mae = 0.291060
Model 0 test mse = 0.169357
Model 0 test r2 = 0.833884
Ensemble test mae = 0.291060
Ensemble test mse = 0.169357
Ensemble test r2 = 0.833884
1-fold cross validation
Seed 0 ==> test r2 = 0.833884
Overall test r2 = 0.833884 +/- 0.000000
