Fold 0
Loading data
Number of tasks = 1
Splitting data with seed 0
Total size = 2,768 | train size = 2,214 | val size = 554 | test size = 1,187
Fitting scaler
Building model 0
MoleculeModel(
  (encoder): MPN(
    (encoder): MPNEncoder(
      (dropout_layer): Dropout(p=0.0, inplace=False)
      (act_func): ReLU()
      (W_i_atom): Linear(in_features=133, out_features=300, bias=False)
      (W_i_bond): Linear(in_features=147, out_features=300, bias=False)
      (W_h_atom): Linear(in_features=447, out_features=300, bias=False)
      (W_h_0): Linear(in_features=300, out_features=300, bias=False)
      (W_h_1): Linear(in_features=300, out_features=300, bias=False)
      (W_o): Linear(in_features=600, out_features=300, bias=True)
      (gru): BatchGRU(
        (gru): GRU(300, 300, batch_first=True, bidirectional=True)
      )
      (lr): Linear(in_features=900, out_features=300, bias=False)
    )
  )
  (ffn): Sequential(
    (0): Dropout(p=0.0, inplace=False)
    (1): Linear(in_features=300, out_features=300, bias=True)
    (2): ReLU()
    (3): Dropout(p=0.0, inplace=False)
    (4): Linear(in_features=300, out_features=1, bias=True)
  )
)
Number of parameters = 2,022,901
Moving model to cuda
Epoch 0
Fold 0
Loading data
Number of tasks = 1
Splitting data with seed 0
Total size = 2,768 | train size = 2,214 | val size = 554 | test size = 1,187
Fitting scaler
Building model 0
MoleculeModel(
  (encoder): MPN(
    (encoder): MPNEncoder(
      (dropout_layer): Dropout(p=0.0, inplace=False)
      (act_func): ReLU()
      (W_i_atom): Linear(in_features=133, out_features=300, bias=False)
      (W_i_bond): Linear(in_features=147, out_features=300, bias=False)
      (W_h_atom): Linear(in_features=447, out_features=300, bias=False)
      (W_h_0): Linear(in_features=300, out_features=300, bias=False)
      (W_h_1): Linear(in_features=300, out_features=300, bias=False)
      (W_o): Linear(in_features=600, out_features=300, bias=True)
      (gru): BatchGRU(
        (gru): GRU(300, 300, batch_first=True, bidirectional=True)
      )
      (lr): Linear(in_features=900, out_features=300, bias=False)
    )
  )
  (ffn): Sequential(
    (0): Dropout(p=0.0, inplace=False)
    (1): Linear(in_features=300, out_features=300, bias=True)
    (2): ReLU()
    (3): Dropout(p=0.0, inplace=False)
    (4): Linear(in_features=300, out_features=1, bias=True)
  )
)
Number of parameters = 2,022,901
Moving model to cuda
Epoch 0
Validation r2 = 0.078131
Epoch 1
Validation r2 = 0.097401
Epoch 2
Validation r2 = 0.272299
Epoch 3
Validation r2 = 0.510436
Epoch 4
Validation r2 = 0.554632
Epoch 5
Validation r2 = 0.635834
Epoch 6
Validation r2 = 0.708093
Epoch 7
Validation r2 = 0.677961
Epoch 8
Validation r2 = 0.738670
Epoch 9
Validation r2 = 0.766412
Epoch 10
Validation r2 = 0.767987
Epoch 11
Validation r2 = 0.773189
Epoch 12
Validation r2 = 0.788649
Epoch 13
Validation r2 = 0.781458
Epoch 14
Validation r2 = 0.795174
Epoch 15
Validation r2 = 0.804766
Epoch 16
Validation r2 = 0.793171
Epoch 17
Validation r2 = 0.809218
Epoch 18
Validation r2 = 0.821779
Epoch 19
Validation r2 = 0.824734
Epoch 20
Validation r2 = 0.832152
Epoch 21
Validation r2 = 0.835222
Epoch 22
Validation r2 = 0.847596
Epoch 23
Validation r2 = 0.812354
Epoch 24
Validation r2 = 0.814569
Epoch 25
Validation r2 = 0.851163
Epoch 26
Validation r2 = 0.844532
Epoch 27
Validation r2 = 0.853310
Epoch 28
Validation r2 = 0.859174
Epoch 29
Validation r2 = 0.872495
Epoch 30
Validation r2 = 0.839216
Epoch 31
Validation r2 = 0.873788
Epoch 32
Validation r2 = 0.854420
Epoch 33
Validation r2 = 0.843171
Epoch 34
Validation r2 = 0.874414
Epoch 35
Validation r2 = 0.882440
Epoch 36
Validation r2 = 0.881372
Epoch 37
Validation r2 = 0.878036
Epoch 38
Validation r2 = 0.873731
Epoch 39
Validation r2 = 0.879750
Epoch 40
Validation r2 = 0.876743
Epoch 41
Validation r2 = 0.895663
Epoch 42
Validation r2 = 0.889796
Epoch 43
Validation r2 = 0.892292
Epoch 44
Validation r2 = 0.890462
Epoch 45
Validation r2 = 0.890685
Epoch 46
Validation r2 = 0.881810
Epoch 47
Validation r2 = 0.903227
Epoch 48
Validation r2 = 0.901911
Epoch 49
Validation r2 = 0.890632
Epoch 50
Validation r2 = 0.898596
Epoch 51
Validation r2 = 0.905014
Epoch 52
Validation r2 = 0.899863
Epoch 53
Validation r2 = 0.909437
Epoch 54
Validation r2 = 0.911425
Epoch 55
Validation r2 = 0.901335
Epoch 56
Validation r2 = 0.900657
Epoch 57
Validation r2 = 0.908620
Epoch 58
Validation r2 = 0.901277
Epoch 59
Validation r2 = 0.917589
Epoch 60
Validation r2 = 0.895474
Epoch 61
Validation r2 = 0.916301
Epoch 62
Validation r2 = 0.917869
Epoch 63
Validation r2 = 0.911218
Epoch 64
Validation r2 = 0.922793
Epoch 65
Validation r2 = 0.915743
Epoch 66
Validation r2 = 0.922804
Epoch 67
Validation r2 = 0.921817
Epoch 68
Validation r2 = 0.916808
Epoch 69
Validation r2 = 0.918181
Epoch 70
Validation r2 = 0.922192
Epoch 71
Validation r2 = 0.926625
Epoch 72
Validation r2 = 0.922504
Epoch 73
Validation r2 = 0.922839
Epoch 74
Validation r2 = 0.922246
Epoch 75
Validation r2 = 0.924044
Epoch 76
Validation r2 = 0.915349
Epoch 77
Validation r2 = 0.924153
Epoch 78
Validation r2 = 0.923660
Epoch 79
Validation r2 = 0.920294
Epoch 80
Validation r2 = 0.928018
Epoch 81
Validation r2 = 0.926295
Epoch 82
Validation r2 = 0.929061
Epoch 83
Validation r2 = 0.929023
Epoch 84
Validation r2 = 0.924687
Epoch 85
Validation r2 = 0.928515
Epoch 86
Validation r2 = 0.928728
Epoch 87
Validation r2 = 0.929201
Epoch 88
Validation r2 = 0.927143
Epoch 89
Validation r2 = 0.927567
Epoch 90
Validation r2 = 0.929567
Epoch 91
Validation r2 = 0.929018
Epoch 92
Validation r2 = 0.930451
Epoch 93
Validation r2 = 0.931387
Epoch 94
Validation r2 = 0.926596
Epoch 95
Validation r2 = 0.931620
Epoch 96
Validation r2 = 0.932297
Epoch 97
Validation r2 = 0.927426
Epoch 98
Validation r2 = 0.931491
Epoch 99
Validation r2 = 0.932853
Model 0 best validation r2 = 0.932853 on epoch 99
Moving model to cuda
Model 0 test mae = 0.180079
Model 0 test mse = 0.065465
Model 0 test r2 = 0.931862
Ensemble test mae = 0.180079
Ensemble test mse = 0.065465
Ensemble test r2 = 0.931862
1-fold cross validation
Seed 0 ==> test r2 = 0.931862
Overall test r2 = 0.931862 +/- 0.000000
