Fold 0
Loading data
Number of tasks = 1
Splitting data with seed 0
Total size = 2,768 | train size = 2,214 | val size = 554 | test size = 1,187
Fitting scaler
Building model 0
MoleculeModel(
  (encoder): MPN(
    (encoder): MPNEncoder(
      (dropout_layer): Dropout(p=0.0, inplace=False)
      (act_func): ReLU()
      (W_i_atom): Linear(in_features=133, out_features=300, bias=False)
      (W_i_bond): Linear(in_features=147, out_features=300, bias=False)
      (W_h_atom): Linear(in_features=447, out_features=300, bias=False)
      (W_h_0): Linear(in_features=300, out_features=300, bias=False)
      (W_h_1): Linear(in_features=300, out_features=300, bias=False)
      (W_o): Linear(in_features=600, out_features=300, bias=True)
      (gru): BatchGRU(
        (gru): GRU(300, 300, batch_first=True, bidirectional=True)
      )
      (lr): Linear(in_features=900, out_features=300, bias=False)
    )
  )
  (ffn): Sequential(
    (0): Dropout(p=0.0, inplace=False)
    (1): Linear(in_features=300, out_features=300, bias=True)
    (2): ReLU()
    (3): Dropout(p=0.0, inplace=False)
    (4): Linear(in_features=300, out_features=1, bias=True)
  )
)
Number of parameters = 2,022,901
Moving model to cuda
Epoch 0
Validation r2 = 0.055545
Epoch 1
Validation r2 = 0.033009
Epoch 2
Validation r2 = 0.085336
Epoch 3
Validation r2 = 0.474902
Epoch 4
Validation r2 = 0.572525
Epoch 5
Validation r2 = 0.606517
Epoch 6
Validation r2 = 0.724617
Epoch 7
Validation r2 = 0.669265
Epoch 8
Validation r2 = 0.764665
Epoch 9
Validation r2 = 0.771531
Epoch 10
Validation r2 = 0.764074
Epoch 11
Validation r2 = 0.780125
Epoch 12
Validation r2 = 0.786695
Epoch 13
Validation r2 = 0.800777
Epoch 14
Validation r2 = 0.798643
Epoch 15
Validation r2 = 0.813188
Epoch 16
Validation r2 = 0.819117
Epoch 17
Validation r2 = 0.822953
Epoch 18
Validation r2 = 0.816703
Epoch 19
Validation r2 = 0.843299
Epoch 20
Validation r2 = 0.846312
Epoch 21
Validation r2 = 0.849699
Epoch 22
Validation r2 = 0.859323
Epoch 23
Validation r2 = 0.863567
Epoch 24
Validation r2 = 0.872044
Epoch 25
Validation r2 = 0.873452
Epoch 26
Validation r2 = 0.881701
Epoch 27
Validation r2 = 0.884560
Epoch 28
Validation r2 = 0.865674
Epoch 29
Validation r2 = 0.856884
Epoch 30
Validation r2 = 0.882156
Epoch 31
Validation r2 = 0.887089
Epoch 32
Validation r2 = 0.890566
Epoch 33
Validation r2 = 0.895240
Epoch 34
Validation r2 = 0.897077
Epoch 35
Validation r2 = 0.899337
Epoch 36
Validation r2 = 0.886874
Epoch 37
Validation r2 = 0.894935
Epoch 38
Validation r2 = 0.898531
Epoch 39
Validation r2 = 0.897359
Epoch 40
Validation r2 = 0.900463
Epoch 41
Validation r2 = 0.894040
Epoch 42
Validation r2 = 0.906019
Epoch 43
Validation r2 = 0.907674
Epoch 44
Validation r2 = 0.906845
Epoch 45
Validation r2 = 0.903144
Epoch 46
Validation r2 = 0.907890
Epoch 47
Validation r2 = 0.914367
Epoch 48
Validation r2 = 0.910808
Epoch 49
Validation r2 = 0.907652
Epoch 50
Validation r2 = 0.909370
Epoch 51
Validation r2 = 0.907159
Epoch 52
Validation r2 = 0.908858
Epoch 53
Validation r2 = 0.904743
Epoch 54
Validation r2 = 0.918867
Epoch 55
Validation r2 = 0.917363
Epoch 56
Validation r2 = 0.912024
Epoch 57
Validation r2 = 0.907265
Epoch 58
Validation r2 = 0.917799
Epoch 59
Validation r2 = 0.916002
Epoch 60
Validation r2 = 0.914425
Epoch 61
Validation r2 = 0.913395
Epoch 62
Validation r2 = 0.910032
Epoch 63
Validation r2 = 0.920007
Epoch 64
Validation r2 = 0.916456
Epoch 65
Validation r2 = 0.916749
Epoch 66
Validation r2 = 0.916175
Epoch 67
Validation r2 = 0.919259
Epoch 68
Validation r2 = 0.919652
Epoch 69
Validation r2 = 0.920689
Epoch 70
Validation r2 = 0.917978
Epoch 71
Validation r2 = 0.920179
Epoch 72
Validation r2 = 0.917066
Epoch 73
Validation r2 = 0.919748
Epoch 74
Validation r2 = 0.915508
Epoch 75
Validation r2 = 0.917367
Epoch 76
Validation r2 = 0.923166
Epoch 77
Validation r2 = 0.917214
Epoch 78
Validation r2 = 0.922268
Epoch 79
Validation r2 = 0.925020
Epoch 80
Validation r2 = 0.924262
Epoch 81
Validation r2 = 0.922431
Epoch 82
Validation r2 = 0.921649
Epoch 83
Validation r2 = 0.923260
Epoch 84
Validation r2 = 0.925455
Epoch 85
Validation r2 = 0.923441
Epoch 86
Validation r2 = 0.928599
Epoch 87
Validation r2 = 0.926237
Epoch 88
Validation r2 = 0.927815
Epoch 89
Validation r2 = 0.915673
Epoch 90
Validation r2 = 0.927771
Epoch 91
Validation r2 = 0.926614
Epoch 92
Validation r2 = 0.926739
Epoch 93
Validation r2 = 0.926328
Epoch 94
Validation r2 = 0.928829
Epoch 95
Validation r2 = 0.928713
Epoch 96
Validation r2 = 0.929260
Epoch 97
Validation r2 = 0.920048
Epoch 98
Validation r2 = 0.930908
Epoch 99
Validation r2 = 0.928912
Model 0 best validation r2 = 0.930908 on epoch 98
Moving model to cuda
Model 0 test mae = 0.183528
Model 0 test mse = 0.065789
Model 0 test r2 = 0.933490
Ensemble test mae = 0.183528
Ensemble test mse = 0.065789
Ensemble test r2 = 0.933490
1-fold cross validation
Seed 0 ==> test r2 = 0.933490
Overall test r2 = 0.933490 +/- 0.000000
