Fold 0
Loading data
Number of tasks = 1
Splitting data with seed 0
Total size = 601 | train size = 480 | val size = 121 | test size = 474
Fitting scaler
Building model 0
MoleculeModel(
  (encoder): MPN(
    (encoder): MPNEncoder(
      (dropout_layer): Dropout(p=0.0, inplace=False)
      (act_func): ReLU()
      (W_i_atom): Linear(in_features=133, out_features=300, bias=False)
      (W_i_bond): Linear(in_features=147, out_features=300, bias=False)
      (W_h_atom): Linear(in_features=447, out_features=300, bias=False)
      (W_h_0): Linear(in_features=300, out_features=300, bias=False)
      (W_h_1): Linear(in_features=300, out_features=300, bias=False)
      (W_o): Linear(in_features=600, out_features=300, bias=True)
      (gru): BatchGRU(
        (gru): GRU(300, 300, batch_first=True, bidirectional=True)
      )
      (lr): Linear(in_features=900, out_features=300, bias=False)
    )
  )
  (ffn): Sequential(
    (0): Dropout(p=0.0, inplace=False)
    (1): Linear(in_features=900, out_features=300, bias=True)
    (2): ReLU()
    (3): Dropout(p=0.0, inplace=False)
    (4): Linear(in_features=300, out_features=1, bias=True)
  )
)
Number of parameters = 2,202,901
Moving model to cuda
Epoch 0
Validation r2 = -0.157405
Epoch 1
Validation r2 = 0.254449
Epoch 2
Validation r2 = 0.274156
Epoch 3
Validation r2 = 0.308419
Epoch 4
Validation r2 = 0.311015
Epoch 5
Validation r2 = 0.343038
Epoch 6
Validation r2 = 0.433888
Epoch 7
Validation r2 = 0.514397
Epoch 8
Validation r2 = 0.643001
Epoch 9
Validation r2 = 0.142321
Epoch 10
Validation r2 = 0.442062
Epoch 11
Validation r2 = 0.562078
Epoch 12
Validation r2 = 0.617867
Epoch 13
Validation r2 = 0.581812
Epoch 14
Validation r2 = 0.712968
Epoch 15
Validation r2 = 0.728720
Epoch 16
Validation r2 = 0.724478
Epoch 17
Validation r2 = 0.770973
Epoch 18
Validation r2 = 0.775788
Epoch 19
Validation r2 = 0.783008
Epoch 20
Validation r2 = 0.790582
Epoch 21
Validation r2 = 0.802714
Epoch 22
Validation r2 = 0.796548
Epoch 23
Validation r2 = 0.801006
Epoch 24
Validation r2 = 0.808077
Epoch 25
Validation r2 = 0.816660
Epoch 26
Validation r2 = 0.825474
Epoch 27
Validation r2 = 0.815286
Epoch 28
Validation r2 = 0.830194
Epoch 29
Validation r2 = 0.830844
Epoch 30
Validation r2 = 0.809437
Epoch 31
Validation r2 = 0.835667
Epoch 32
Validation r2 = 0.822564
Epoch 33
Validation r2 = 0.835723
Epoch 34
Validation r2 = 0.783076
Epoch 35
Validation r2 = 0.804797
Epoch 36
Validation r2 = 0.801241
Epoch 37
Validation r2 = 0.832910
Epoch 38
Validation r2 = 0.836121
Epoch 39
Validation r2 = 0.835748
Epoch 40
Validation r2 = 0.842329
Epoch 41
Validation r2 = 0.832834
Epoch 42
Validation r2 = 0.839200
Epoch 43
Validation r2 = 0.837483
Epoch 44
Validation r2 = 0.841221
Epoch 45
Validation r2 = 0.831979
Epoch 46
Validation r2 = 0.842400
Epoch 47
Validation r2 = 0.838746
Epoch 48
Validation r2 = 0.844351
Epoch 49
Validation r2 = 0.847728
Epoch 50
Validation r2 = 0.826417
Epoch 51
Validation r2 = 0.828407
Epoch 52
Validation r2 = 0.825946
Epoch 53
Validation r2 = 0.847286
Epoch 54
Validation r2 = 0.851004
Epoch 55
Validation r2 = 0.844841
Epoch 56
Validation r2 = 0.845614
Epoch 57
Validation r2 = 0.836075
Epoch 58
Validation r2 = 0.851332
Epoch 59
Validation r2 = 0.852494
Epoch 60
Validation r2 = 0.837952
Epoch 61
Validation r2 = 0.851095
Epoch 62
Validation r2 = 0.849290
Epoch 63
Validation r2 = 0.850342
Epoch 64
Validation r2 = 0.853595
Epoch 65
Validation r2 = 0.853290
Epoch 66
Validation r2 = 0.854136
Epoch 67
Validation r2 = 0.853483
Epoch 68
Validation r2 = 0.854657
Epoch 69
Validation r2 = 0.854651
Epoch 70
Validation r2 = 0.854161
Epoch 71
Validation r2 = 0.852016
Epoch 72
Validation r2 = 0.852539
Epoch 73
Validation r2 = 0.857188
Epoch 74
Validation r2 = 0.856056
Epoch 75
Validation r2 = 0.855074
Epoch 76
Validation r2 = 0.858342
Epoch 77
Validation r2 = 0.859843
Epoch 78
Validation r2 = 0.857711
Epoch 79
Validation r2 = 0.857602
Epoch 80
Validation r2 = 0.857607
Epoch 81
Validation r2 = 0.853114
Epoch 82
Validation r2 = 0.858248
Epoch 83
Validation r2 = 0.859422
Epoch 84
Validation r2 = 0.856697
Epoch 85
Validation r2 = 0.858146
Epoch 86
Validation r2 = 0.857319
Epoch 87
Validation r2 = 0.856967
Epoch 88
Validation r2 = 0.860319
Epoch 89
Validation r2 = 0.857868
Epoch 90
Validation r2 = 0.858791
Epoch 91
Validation r2 = 0.860871
Epoch 92
Validation r2 = 0.861465
Epoch 93
Validation r2 = 0.858445
Epoch 94
Validation r2 = 0.860552
Epoch 95
Validation r2 = 0.859219
Epoch 96
Validation r2 = 0.860396
Epoch 97
Validation r2 = 0.861080
Epoch 98
Validation r2 = 0.860461
Epoch 99
Validation r2 = 0.856775
Model 0 best validation r2 = 0.861465 on epoch 92
Moving model to cuda
Model 0 test mae = 0.167315
Model 0 test mse = 0.051805
Model 0 test r2 = 0.892470
Ensemble test mae = 0.167315
Ensemble test mse = 0.051805
Ensemble test r2 = 0.892470
1-fold cross validation
Seed 0 ==> test r2 = 0.892470
Overall test r2 = 0.892470 +/- 0.000000
