Fold 0
Loading data
Number of tasks = 1
Splitting data with seed 0
Total size = 601 | train size = 480 | val size = 121 | test size = 474
Fitting scaler
Building model 0
MoleculeModel(
  (encoder): MPN(
    (encoder): MPNEncoder(
      (dropout_layer): Dropout(p=0.0, inplace=False)
      (act_func): ReLU()
      (W_i_atom): Linear(in_features=133, out_features=300, bias=False)
      (W_i_bond): Linear(in_features=147, out_features=300, bias=False)
      (W_h_atom): Linear(in_features=447, out_features=300, bias=False)
      (W_h_0): Linear(in_features=300, out_features=300, bias=False)
      (W_h_1): Linear(in_features=300, out_features=300, bias=False)
      (W_o): Linear(in_features=600, out_features=300, bias=True)
      (gru): BatchGRU(
        (gru): GRU(300, 300, batch_first=True, bidirectional=True)
      )
      (lr): Linear(in_features=900, out_features=300, bias=False)
    )
  )
  (ffn): Sequential(
    (0): Dropout(p=0.0, inplace=False)
    (1): Linear(in_features=900, out_features=300, bias=True)
    (2): ReLU()
    (3): Dropout(p=0.0, inplace=False)
    (4): Linear(in_features=300, out_features=1, bias=True)
  )
)
Number of parameters = 2,202,901
Moving model to cuda
Epoch 0
Validation r2 = -0.211109
Epoch 1
Validation r2 = 0.243716
Epoch 2
Validation r2 = 0.276677
Epoch 3
Validation r2 = 0.338300
Epoch 4
Validation r2 = 0.301898
Epoch 5
Validation r2 = 0.433721
Epoch 6
Validation r2 = 0.509488
Epoch 7
Validation r2 = 0.631998
Epoch 8
Validation r2 = 0.661265
Epoch 9
Validation r2 = 0.382376
Epoch 10
Validation r2 = 0.673073
Epoch 11
Validation r2 = 0.668387
Epoch 12
Validation r2 = 0.698217
Epoch 13
Validation r2 = 0.724112
Epoch 14
Validation r2 = 0.741340
Epoch 15
Validation r2 = 0.778423
Epoch 16
Validation r2 = 0.802333
Epoch 17
Validation r2 = 0.812993
Epoch 18
Validation r2 = 0.818819
Epoch 19
Validation r2 = 0.831659
Epoch 20
Validation r2 = 0.848453
Epoch 21
Validation r2 = 0.846475
Epoch 22
Validation r2 = 0.856192
Epoch 23
Validation r2 = 0.814529
Epoch 24
Validation r2 = 0.836354
Epoch 25
Validation r2 = 0.854800
Epoch 26
Validation r2 = 0.857640
Epoch 27
Validation r2 = 0.857579
Epoch 28
Validation r2 = 0.870197
Epoch 29
Validation r2 = 0.875100
Epoch 30
Validation r2 = 0.871164
Epoch 31
Validation r2 = 0.877349
Epoch 32
Validation r2 = 0.878656
Epoch 33
Validation r2 = 0.870447
Epoch 34
Validation r2 = 0.870931
Epoch 35
Validation r2 = 0.871354
Epoch 36
Validation r2 = 0.870433
Epoch 37
Validation r2 = 0.878768
Epoch 38
Validation r2 = 0.882288
Epoch 39
Validation r2 = 0.875045
Epoch 40
Validation r2 = 0.869911
Epoch 41
Validation r2 = 0.876492
Epoch 42
Validation r2 = 0.869409
Epoch 43
Validation r2 = 0.866800
Epoch 44
Validation r2 = 0.869685
Epoch 45
Validation r2 = 0.880367
Epoch 46
Validation r2 = 0.882316
Epoch 47
Validation r2 = 0.883881
Epoch 48
Validation r2 = 0.882608
Epoch 49
Validation r2 = 0.885484
Epoch 50
Validation r2 = 0.885993
Epoch 51
Validation r2 = 0.885060
Epoch 52
Validation r2 = 0.887703
Epoch 53
Validation r2 = 0.883087
Epoch 54
Validation r2 = 0.890733
Epoch 55
Validation r2 = 0.890526
Epoch 56
Validation r2 = 0.882791
Epoch 57
Validation r2 = 0.883161
Epoch 58
Validation r2 = 0.878575
Epoch 59
Validation r2 = 0.890717
Epoch 60
Validation r2 = 0.890232
Epoch 61
Validation r2 = 0.889114
Epoch 62
Validation r2 = 0.889144
Epoch 63
Validation r2 = 0.889954
Epoch 64
Validation r2 = 0.892416
Epoch 65
Validation r2 = 0.885744
Epoch 66
Validation r2 = 0.891512
Epoch 67
Validation r2 = 0.889733
Epoch 68
Validation r2 = 0.876667
Epoch 69
Validation r2 = 0.888262
Epoch 70
Validation r2 = 0.887641
Epoch 71
Validation r2 = 0.886974
Epoch 72
Validation r2 = 0.883270
Epoch 73
Validation r2 = 0.881029
Epoch 74
Validation r2 = 0.889119
Epoch 75
Validation r2 = 0.891186
Epoch 76
Validation r2 = 0.891068
Epoch 77
Validation r2 = 0.887237
Epoch 78
Validation r2 = 0.892865
Epoch 79
Validation r2 = 0.892942
Epoch 80
Validation r2 = 0.893221
Epoch 81
Validation r2 = 0.892467
Epoch 82
Validation r2 = 0.888775
Epoch 83
Validation r2 = 0.890089
Epoch 84
Validation r2 = 0.890570
Epoch 85
Validation r2 = 0.889235
Epoch 86
Validation r2 = 0.889266
Epoch 87
Validation r2 = 0.889947
Epoch 88
Validation r2 = 0.888854
Epoch 89
Validation r2 = 0.891893
Epoch 90
Validation r2 = 0.893713
Epoch 91
Validation r2 = 0.889054
Epoch 92
Validation r2 = 0.891299
Epoch 93
Validation r2 = 0.893797
Epoch 94
Validation r2 = 0.894076
Epoch 95
Validation r2 = 0.893813
Epoch 96
Validation r2 = 0.890299
Epoch 97
Validation r2 = 0.889739
Epoch 98
Validation r2 = 0.892752
Epoch 99
Validation r2 = 0.892156
Model 0 best validation r2 = 0.894076 on epoch 94
Moving model to cuda
Model 0 test mae = 0.165810
Model 0 test mse = 0.055491
Model 0 test r2 = 0.878409
Ensemble test mae = 0.165810
Ensemble test mse = 0.055491
Ensemble test r2 = 0.878409
1-fold cross validation
Seed 0 ==> test r2 = 0.878409
Overall test r2 = 0.878409 +/- 0.000000
