Fold 0
Loading data
Number of tasks = 1
Splitting data with seed 0
Total size = 2,768 | train size = 2,214 | val size = 554 | test size = 1,187
Fitting scaler
Building model 0
MoleculeModel(
  (encoder): MPN(
    (encoder): MPNEncoder(
      (dropout_layer): Dropout(p=0.0, inplace=False)
      (act_func): ReLU()
      (W_i_atom): Linear(in_features=133, out_features=300, bias=False)
      (W_i_bond): Linear(in_features=147, out_features=300, bias=False)
      (W_h_atom): Linear(in_features=447, out_features=300, bias=False)
      (W_h_0): Linear(in_features=300, out_features=300, bias=False)
      (W_h_1): Linear(in_features=300, out_features=300, bias=False)
      (W_o): Linear(in_features=600, out_features=300, bias=True)
      (gru): BatchGRU(
        (gru): GRU(300, 300, batch_first=True, bidirectional=True)
      )
      (lr): Linear(in_features=900, out_features=300, bias=False)
    )
  )
  (ffn): Sequential(
    (0): Dropout(p=0.0, inplace=False)
    (1): Linear(in_features=2100, out_features=300, bias=True)
    (2): ReLU()
    (3): Dropout(p=0.0, inplace=False)
    (4): Linear(in_features=300, out_features=1, bias=True)
  )
)
Number of parameters = 2,562,901
Moving model to cuda
Epoch 0
Validation r2 = 0.235494
Epoch 1
Validation r2 = 0.570670
Epoch 2
Validation r2 = 0.708374
Epoch 3
Validation r2 = 0.756677
Epoch 4
Validation r2 = 0.778787
Epoch 5
Validation r2 = 0.802066
Epoch 6
Validation r2 = 0.806130
Epoch 7
Validation r2 = 0.815857
Epoch 8
Validation r2 = 0.818549
Epoch 9
Validation r2 = 0.818216
Epoch 10
Validation r2 = 0.832340
Epoch 11
Validation r2 = 0.841800
Epoch 12
Validation r2 = 0.852412
Epoch 13
Validation r2 = 0.851836
Epoch 14
Validation r2 = 0.877788
Epoch 15
Validation r2 = 0.884288
Epoch 16
Validation r2 = 0.872601
Epoch 17
Validation r2 = 0.888490
Epoch 18
Validation r2 = 0.899017
Epoch 19
Validation r2 = 0.902295
Epoch 20
Validation r2 = 0.917107
Epoch 21
Validation r2 = 0.912074
Epoch 22
Validation r2 = 0.920434
Epoch 23
Validation r2 = 0.919751
Epoch 24
Validation r2 = 0.929743
Epoch 25
Validation r2 = 0.921135
Epoch 26
Validation r2 = 0.924570
Epoch 27
Validation r2 = 0.931427
Epoch 28
Validation r2 = 0.935991
Epoch 29
Validation r2 = 0.937633
Epoch 30
Validation r2 = 0.942358
Epoch 31
Validation r2 = 0.940670
Epoch 32
Validation r2 = 0.938936
Epoch 33
Validation r2 = 0.938859
Epoch 34
Validation r2 = 0.949569
Epoch 35
Validation r2 = 0.947420
Epoch 36
Validation r2 = 0.952377
Epoch 37
Validation r2 = 0.948356
Epoch 38
Validation r2 = 0.952231
Epoch 39
Validation r2 = 0.948062
Epoch 40
Validation r2 = 0.950677
Epoch 41
Validation r2 = 0.953994
Epoch 42
Validation r2 = 0.950226
Epoch 43
Validation r2 = 0.952598
Epoch 44
Validation r2 = 0.954218
Epoch 45
Validation r2 = 0.957985
Epoch 46
Validation r2 = 0.957234
Epoch 47
Validation r2 = 0.956754
Epoch 48
Validation r2 = 0.952688
Epoch 49
Validation r2 = 0.958756
Epoch 50
Validation r2 = 0.957862
Epoch 51
Validation r2 = 0.957897
Epoch 52
Validation r2 = 0.959558
Epoch 53
Validation r2 = 0.959199
Epoch 54
Validation r2 = 0.960924
Epoch 55
Validation r2 = 0.958808
Epoch 56
Validation r2 = 0.960592
Epoch 57
Validation r2 = 0.958334
Epoch 58
Validation r2 = 0.959441
Epoch 59
Validation r2 = 0.959635
Epoch 60
Validation r2 = 0.957021
Epoch 61
Validation r2 = 0.958217
Epoch 62
Validation r2 = 0.958226
Epoch 63
Validation r2 = 0.960250
Epoch 64
Validation r2 = 0.958701
Epoch 65
Validation r2 = 0.959826
Epoch 66
Validation r2 = 0.959724
Epoch 67
Validation r2 = 0.959149
Epoch 68
Validation r2 = 0.958996
Epoch 69
Validation r2 = 0.960206
Epoch 70
Validation r2 = 0.961191
Epoch 71
Validation r2 = 0.960711
Epoch 72
Validation r2 = 0.959564
Epoch 73
Validation r2 = 0.960406
Epoch 74
Validation r2 = 0.959598
Epoch 75
Validation r2 = 0.958929
Epoch 76
Validation r2 = 0.959765
Epoch 77
Validation r2 = 0.959186
Epoch 78
Validation r2 = 0.960682
Epoch 79
Validation r2 = 0.960385
Epoch 80
Validation r2 = 0.960167
Epoch 81
Validation r2 = 0.959852
Epoch 82
Validation r2 = 0.960050
Epoch 83
Validation r2 = 0.960530
Epoch 84
Validation r2 = 0.959858
Epoch 85
Validation r2 = 0.959926
Epoch 86
Validation r2 = 0.960496
Epoch 87
Validation r2 = 0.960303
Epoch 88
Validation r2 = 0.960338
Epoch 89
Validation r2 = 0.959887
Epoch 90
Validation r2 = 0.960229
Epoch 91
Validation r2 = 0.959797
Epoch 92
Validation r2 = 0.959963
Epoch 93
Validation r2 = 0.960152
Epoch 94
Validation r2 = 0.960414
Epoch 95
Validation r2 = 0.959868
Epoch 96
Validation r2 = 0.959907
Epoch 97
Validation r2 = 0.960027
Epoch 98
Validation r2 = 0.959152
Epoch 99
Validation r2 = 0.959987
Model 0 best validation r2 = 0.961191 on epoch 70
Moving model to cuda
Model 0 test mae = 0.156031
Model 0 test mse = 0.046739
Model 0 test r2 = 0.952557
Ensemble test mae = 0.156031
Ensemble test mse = 0.046739
Ensemble test r2 = 0.952557
1-fold cross validation
Seed 0 ==> test r2 = 0.952557
Overall test r2 = 0.952557 +/- 0.000000
