Fold 0
Loading data
Number of tasks = 1
Splitting data with seed 0
Total size = 601 | train size = 480 | val size = 121 | test size = 474
Fitting scaler
Building model 0
MoleculeModel(
  (encoder): MPN(
    (encoder): MPNEncoder(
      (dropout_layer): Dropout(p=0.0, inplace=False)
      (act_func): ReLU()
      (W_i_atom): Linear(in_features=133, out_features=300, bias=False)
      (W_i_bond): Linear(in_features=147, out_features=300, bias=False)
      (W_h_atom): Linear(in_features=447, out_features=300, bias=False)
      (W_h_0): Linear(in_features=300, out_features=300, bias=False)
      (W_h_1): Linear(in_features=300, out_features=300, bias=False)
      (W_o): Linear(in_features=600, out_features=300, bias=True)
      (gru): BatchGRU(
        (gru): GRU(300, 300, batch_first=True, bidirectional=True)
      )
      (lr): Linear(in_features=900, out_features=300, bias=False)
    )
  )
  (ffn): Sequential(
    (0): Dropout(p=0.0, inplace=False)
    (1): Linear(in_features=300, out_features=300, bias=True)
    (2): ReLU()
    (3): Dropout(p=0.0, inplace=False)
    (4): Linear(in_features=300, out_features=1, bias=True)
  )
)
Number of parameters = 2,022,901
Moving model to cuda
Epoch 0
Validation r2 = 0.075482
Epoch 1
Validation r2 = -0.171984
Epoch 2
Validation r2 = 0.014754
Epoch 3
Validation r2 = 0.160266
Epoch 4
Validation r2 = 0.207527
Epoch 5
Validation r2 = 0.225558
Epoch 6
Validation r2 = 0.251469
Epoch 7
Validation r2 = 0.229322
Epoch 8
Validation r2 = 0.238893
Epoch 9
Validation r2 = 0.255006
Epoch 10
Validation r2 = 0.229852
Epoch 11
Validation r2 = 0.266780
Epoch 12
Validation r2 = 0.294495
Epoch 13
Validation r2 = 0.320489
Epoch 14
Validation r2 = 0.351210
Epoch 15
Validation r2 = 0.371416
Epoch 16
Validation r2 = 0.399987
Epoch 17
Validation r2 = 0.421352
Epoch 18
Validation r2 = 0.437612
Epoch 19
Validation r2 = 0.413389
Epoch 20
Validation r2 = 0.484090
Epoch 21
Validation r2 = 0.491457
Epoch 22
Validation r2 = 0.542275
Epoch 23
Validation r2 = 0.573680
Epoch 24
Validation r2 = 0.576375
Epoch 25
Validation r2 = 0.611132
Epoch 26
Validation r2 = 0.650749
Epoch 27
Validation r2 = 0.663107
Epoch 28
Validation r2 = 0.601562
Epoch 29
Validation r2 = 0.702797
Epoch 30
Validation r2 = 0.652946
Epoch 31
Validation r2 = 0.665130
Epoch 32
Validation r2 = 0.690310
Epoch 33
Validation r2 = 0.708361
Epoch 34
Validation r2 = 0.726833
Epoch 35
Validation r2 = 0.756048
Epoch 36
Validation r2 = 0.755566
Epoch 37
Validation r2 = 0.761273
Epoch 38
Validation r2 = 0.766795
Epoch 39
Validation r2 = 0.773782
Epoch 40
Validation r2 = 0.776115
Epoch 41
Validation r2 = 0.784539
Epoch 42
Validation r2 = 0.768083
Epoch 43
Validation r2 = 0.772472
Epoch 44
Validation r2 = 0.799852
Epoch 45
Validation r2 = 0.799122
Epoch 46
Validation r2 = 0.786611
Epoch 47
Validation r2 = 0.780184
Epoch 48
Validation r2 = 0.789956
Epoch 49
Validation r2 = 0.806181
Epoch 50
Validation r2 = 0.783572
Epoch 51
Validation r2 = 0.780937
Epoch 52
Validation r2 = 0.794014
Epoch 53
Validation r2 = 0.774812
Epoch 54
Validation r2 = 0.807885
Epoch 55
Validation r2 = 0.800310
Epoch 56
Validation r2 = 0.806310
Epoch 57
Validation r2 = 0.805785
Epoch 58
Validation r2 = 0.810111
Epoch 59
Validation r2 = 0.772518
Epoch 60
Validation r2 = 0.775025
Epoch 61
Validation r2 = 0.764823
Epoch 62
Validation r2 = 0.800880
Epoch 63
Validation r2 = 0.803287
Epoch 64
Validation r2 = 0.824631
Epoch 65
Validation r2 = 0.806872
Epoch 66
Validation r2 = 0.828687
Epoch 67
Validation r2 = 0.826490
Epoch 68
Validation r2 = 0.830192
Epoch 69
Validation r2 = 0.814647
Epoch 70
Validation r2 = 0.831170
Epoch 71
Validation r2 = 0.821193
Epoch 72
Validation r2 = 0.832584
Epoch 73
Validation r2 = 0.830913
Epoch 74
Validation r2 = 0.831240
Epoch 75
Validation r2 = 0.836916
Epoch 76
Validation r2 = 0.823084
Epoch 77
Validation r2 = 0.835650
Epoch 78
Validation r2 = 0.812615
Epoch 79
Validation r2 = 0.838349
Epoch 80
Validation r2 = 0.821487
Epoch 81
Validation r2 = 0.841044
Epoch 82
Validation r2 = 0.825896
Epoch 83
Validation r2 = 0.841326
Epoch 84
Validation r2 = 0.840791
Epoch 85
Validation r2 = 0.841659
Epoch 86
Validation r2 = 0.845146
Epoch 87
Validation r2 = 0.845121
Epoch 88
Validation r2 = 0.840803
Epoch 89
Validation r2 = 0.846420
Epoch 90
Validation r2 = 0.843039
Epoch 91
Validation r2 = 0.840542
Epoch 92
Validation r2 = 0.847525
Epoch 93
Validation r2 = 0.840460
Epoch 94
Validation r2 = 0.845554
Epoch 95
Validation r2 = 0.845688
Epoch 96
Validation r2 = 0.843483
Epoch 97
Validation r2 = 0.846129
Epoch 98
Validation r2 = 0.840409
Epoch 99
Validation r2 = 0.848499
Model 0 best validation r2 = 0.848499 on epoch 99
Moving model to cuda
Model 0 test mae = 0.163186
Model 0 test mse = 0.053276
Model 0 test r2 = 0.895343
Ensemble test mae = 0.163186
Ensemble test mse = 0.053276
Ensemble test r2 = 0.895343
1-fold cross validation
Seed 0 ==> test r2 = 0.895343
Overall test r2 = 0.895343 +/- 0.000000
