Fold 0
Loading data
Number of tasks = 1
Splitting data with seed 0
Total size = 601 | train size = 480 | val size = 121 | test size = 474
Fitting scaler
Building model 0
MoleculeModel(
  (encoder): MPN(
    (encoder): MPNEncoder(
      (dropout_layer): Dropout(p=0.0, inplace=False)
      (act_func): ReLU()
      (W_i_atom): Linear(in_features=133, out_features=300, bias=False)
      (W_i_bond): Linear(in_features=147, out_features=300, bias=False)
      (W_h_atom): Linear(in_features=447, out_features=300, bias=False)
      (W_h_0): Linear(in_features=300, out_features=300, bias=False)
      (W_h_1): Linear(in_features=300, out_features=300, bias=False)
      (W_o): Linear(in_features=600, out_features=300, bias=True)
      (gru): BatchGRU(
        (gru): GRU(300, 300, batch_first=True, bidirectional=True)
      )
      (lr): Linear(in_features=900, out_features=300, bias=False)
    )
  )
  (ffn): Sequential(
    (0): Dropout(p=0.0, inplace=False)
    (1): Linear(in_features=300, out_features=300, bias=True)
    (2): ReLU()
    (3): Dropout(p=0.0, inplace=False)
    (4): Linear(in_features=300, out_features=1, bias=True)
  )
)
Number of parameters = 2,022,901
Moving model to cuda
Epoch 0
Validation r2 = -0.164395
Epoch 1
Validation r2 = 0.077762
Epoch 2
Validation r2 = 0.167218
Epoch 3
Validation r2 = 0.174294
Epoch 4
Validation r2 = 0.224839
Epoch 5
Validation r2 = 0.242593
Epoch 6
Validation r2 = 0.248990
Epoch 7
Validation r2 = 0.254333
Epoch 8
Validation r2 = 0.237525
Epoch 9
Validation r2 = 0.248356
Epoch 10
Validation r2 = 0.254105
Epoch 11
Validation r2 = 0.222349
Epoch 12
Validation r2 = 0.253146
Epoch 13
Validation r2 = 0.286682
Epoch 14
Validation r2 = 0.271779
Epoch 15
Validation r2 = 0.282876
Epoch 16
Validation r2 = 0.322379
Epoch 17
Validation r2 = 0.336124
Epoch 18
Validation r2 = 0.406418
Epoch 19
Validation r2 = 0.456324
Epoch 20
Validation r2 = 0.464594
Epoch 21
Validation r2 = 0.498830
Epoch 22
Validation r2 = 0.492377
Epoch 23
Validation r2 = 0.499021
Epoch 24
Validation r2 = 0.552658
Epoch 25
Validation r2 = 0.533514
Epoch 26
Validation r2 = 0.597207
Epoch 27
Validation r2 = 0.645564
Epoch 28
Validation r2 = 0.664004
Epoch 29
Validation r2 = 0.662254
Epoch 30
Validation r2 = 0.701163
Epoch 31
Validation r2 = 0.731193
Epoch 32
Validation r2 = 0.751200
Epoch 33
Validation r2 = 0.725820
Epoch 34
Validation r2 = 0.777513
Epoch 35
Validation r2 = 0.784319
Epoch 36
Validation r2 = 0.790336
Epoch 37
Validation r2 = 0.760277
Epoch 38
Validation r2 = 0.803904
Epoch 39
Validation r2 = 0.777146
Epoch 40
Validation r2 = 0.801429
Epoch 41
Validation r2 = 0.739665
Epoch 42
Validation r2 = 0.807635
Epoch 43
Validation r2 = 0.792688
Epoch 44
Validation r2 = 0.735535
Epoch 45
Validation r2 = 0.765887
Epoch 46
Validation r2 = 0.734209
Epoch 47
Validation r2 = 0.786028
Epoch 48
Validation r2 = 0.751813
Epoch 49
Validation r2 = 0.807471
Epoch 50
Validation r2 = 0.813596
Epoch 51
Validation r2 = 0.832857
Epoch 52
Validation r2 = 0.830834
Epoch 53
Validation r2 = 0.827771
Epoch 54
Validation r2 = 0.837698
Epoch 55
Validation r2 = 0.827431
Epoch 56
Validation r2 = 0.838996
Epoch 57
Validation r2 = 0.830542
Epoch 58
Validation r2 = 0.839534
Epoch 59
Validation r2 = 0.832993
Epoch 60
Validation r2 = 0.838377
Epoch 61
Validation r2 = 0.837991
Epoch 62
Validation r2 = 0.823841
Epoch 63
Validation r2 = 0.838195
Epoch 64
Validation r2 = 0.831836
Epoch 65
Validation r2 = 0.843996
Epoch 66
Validation r2 = 0.835952
Epoch 67
Validation r2 = 0.844759
Epoch 68
Validation r2 = 0.842007
Epoch 69
Validation r2 = 0.841282
Epoch 70
Validation r2 = 0.847520
Epoch 71
Validation r2 = 0.844150
Epoch 72
Validation r2 = 0.840588
Epoch 73
Validation r2 = 0.845472
Epoch 74
Validation r2 = 0.835580
Epoch 75
Validation r2 = 0.848253
Epoch 76
Validation r2 = 0.838487
Epoch 77
Validation r2 = 0.850435
Epoch 78
Validation r2 = 0.846938
Epoch 79
Validation r2 = 0.834200
Epoch 80
Validation r2 = 0.848692
Epoch 81
Validation r2 = 0.840913
Epoch 82
Validation r2 = 0.842973
Epoch 83
Validation r2 = 0.851619
Epoch 84
Validation r2 = 0.844084
Epoch 85
Validation r2 = 0.853703
Epoch 86
Validation r2 = 0.852522
Epoch 87
Validation r2 = 0.854213
Epoch 88
Validation r2 = 0.852777
Epoch 89
Validation r2 = 0.850483
Epoch 90
Validation r2 = 0.856074
Epoch 91
Validation r2 = 0.847667
Epoch 92
Validation r2 = 0.854728
Epoch 93
Validation r2 = 0.856600
Epoch 94
Validation r2 = 0.843778
Epoch 95
Validation r2 = 0.854187
Epoch 96
Validation r2 = 0.856359
Epoch 97
Validation r2 = 0.850439
Epoch 98
Validation r2 = 0.852611
Epoch 99
Validation r2 = 0.857159
Model 0 best validation r2 = 0.857159 on epoch 99
Moving model to cuda
Model 0 test mae = 0.161661
Model 0 test mse = 0.051839
Model 0 test r2 = 0.898166
Ensemble test mae = 0.161661
Ensemble test mse = 0.051839
Ensemble test r2 = 0.898166
1-fold cross validation
Seed 0 ==> test r2 = 0.898166
Overall test r2 = 0.898166 +/- 0.000000
