Fold 0
Loading data
Number of tasks = 1
Splitting data with seed 0
Total size = 601 | train size = 480 | val size = 121 | test size = 474
Fitting scaler
Building model 0
MoleculeModel(
  (encoder): MPN(
    (encoder): MPNEncoder(
      (dropout_layer): Dropout(p=0.0, inplace=False)
      (act_func): ReLU()
      (W_i_atom): Linear(in_features=133, out_features=300, bias=False)
      (W_i_bond): Linear(in_features=147, out_features=300, bias=False)
      (W_h_atom): Linear(in_features=447, out_features=300, bias=False)
      (W_h_0): Linear(in_features=300, out_features=300, bias=False)
      (W_h_1): Linear(in_features=300, out_features=300, bias=False)
      (W_o): Linear(in_features=600, out_features=300, bias=True)
      (gru): BatchGRU(
        (gru): GRU(300, 300, batch_first=True, bidirectional=True)
      )
      (lr): Linear(in_features=900, out_features=300, bias=False)
    )
  )
  (ffn): Sequential(
    (0): Dropout(p=0.0, inplace=False)
    (1): Linear(in_features=300, out_features=300, bias=True)
    (2): ReLU()
    (3): Dropout(p=0.0, inplace=False)
    (4): Linear(in_features=300, out_features=1, bias=True)
  )
)
Number of parameters = 2,022,901
Moving model to cuda
Epoch 0
Validation r2 = -0.076240
Epoch 1
Validation r2 = 0.019099
Epoch 2
Validation r2 = 0.079329
Epoch 3
Validation r2 = 0.076712
Epoch 4
Validation r2 = 0.031932
Epoch 5
Validation r2 = 0.079194
Epoch 6
Validation r2 = 0.097802
Epoch 7
Validation r2 = 0.076671
Epoch 8
Validation r2 = 0.078945
Epoch 9
Validation r2 = 0.115763
Epoch 10
Validation r2 = 0.127376
Epoch 11
Validation r2 = 0.110799
Epoch 12
Validation r2 = 0.133645
Epoch 13
Validation r2 = 0.242719
Epoch 14
Validation r2 = 0.201414
Epoch 15
Validation r2 = 0.044686
Epoch 16
Validation r2 = 0.192637
Epoch 17
Validation r2 = 0.349632
Epoch 18
Validation r2 = 0.368125
Epoch 19
Validation r2 = 0.371338
Epoch 20
Validation r2 = 0.394835
Epoch 21
Validation r2 = 0.416285
Epoch 22
Validation r2 = 0.489081
Epoch 23
Validation r2 = 0.516059
Epoch 24
Validation r2 = 0.540052
Epoch 25
Validation r2 = 0.577347
Epoch 26
Validation r2 = 0.547593
Epoch 27
Validation r2 = 0.618868
Epoch 28
Validation r2 = 0.629743
Epoch 29
Validation r2 = 0.647722
Epoch 30
Validation r2 = 0.680395
Epoch 31
Validation r2 = 0.673038
Epoch 32
Validation r2 = 0.730267
Epoch 33
Validation r2 = 0.749554
Epoch 34
Validation r2 = 0.778303
Epoch 35
Validation r2 = 0.785670
Epoch 36
Validation r2 = 0.754523
Epoch 37
Validation r2 = 0.803259
Epoch 38
Validation r2 = 0.805887
Epoch 39
Validation r2 = 0.795107
Epoch 40
Validation r2 = 0.844547
Epoch 41
Validation r2 = 0.855097
Epoch 42
Validation r2 = 0.848536
Epoch 43
Validation r2 = 0.840933
Epoch 44
Validation r2 = 0.844094
Epoch 45
Validation r2 = 0.859530
Epoch 46
Validation r2 = 0.862933
Epoch 47
Validation r2 = 0.805088
Epoch 48
Validation r2 = 0.861459
Epoch 49
Validation r2 = 0.866880
Epoch 50
Validation r2 = 0.876990
Epoch 51
Validation r2 = 0.845266
Epoch 52
Validation r2 = 0.876908
Epoch 53
Validation r2 = 0.876076
Epoch 54
Validation r2 = 0.844558
Epoch 55
Validation r2 = 0.880630
Epoch 56
Validation r2 = 0.871438
Epoch 57
Validation r2 = 0.867948
Epoch 58
Validation r2 = 0.870589
Epoch 59
Validation r2 = 0.869327
Epoch 60
Validation r2 = 0.884265
Epoch 61
Validation r2 = 0.831319
Epoch 62
Validation r2 = 0.871635
Epoch 63
Validation r2 = 0.822632
Epoch 64
Validation r2 = 0.883869
Epoch 65
Validation r2 = 0.872273
Epoch 66
Validation r2 = 0.878252
Epoch 67
Validation r2 = 0.885842
Epoch 68
Validation r2 = 0.878897
Epoch 69
Validation r2 = 0.882587
Epoch 70
Validation r2 = 0.888161
Epoch 71
Validation r2 = 0.880407
Epoch 72
Validation r2 = 0.883849
Epoch 73
Validation r2 = 0.872764
Epoch 74
Validation r2 = 0.881287
Epoch 75
Validation r2 = 0.877432
Epoch 76
Validation r2 = 0.888089
Epoch 77
Validation r2 = 0.875939
Epoch 78
Validation r2 = 0.887653
Epoch 79
Validation r2 = 0.874376
Epoch 80
Validation r2 = 0.878818
Epoch 81
Validation r2 = 0.881502
Epoch 82
Validation r2 = 0.877478
Epoch 83
Validation r2 = 0.885146
Epoch 84
Validation r2 = 0.882273
Epoch 85
Validation r2 = 0.885489
Epoch 86
Validation r2 = 0.886984
Epoch 87
Validation r2 = 0.881678
Epoch 88
Validation r2 = 0.884842
Epoch 89
Validation r2 = 0.881097
Epoch 90
Validation r2 = 0.884457
Epoch 91
Validation r2 = 0.879200
Epoch 92
Validation r2 = 0.889522
Epoch 93
Validation r2 = 0.876297
Epoch 94
Validation r2 = 0.886315
Epoch 95
Validation r2 = 0.873089
Epoch 96
Validation r2 = 0.882101
Epoch 97
Validation r2 = 0.890727
Epoch 98
Validation r2 = 0.856643
Epoch 99
Validation r2 = 0.891296
Model 0 best validation r2 = 0.891296 on epoch 99
Moving model to cuda
Model 0 test mae = 0.183688
Model 0 test mse = 0.064831
Model 0 test r2 = 0.886699
Ensemble test mae = 0.183688
Ensemble test mse = 0.064831
Ensemble test r2 = 0.886699
1-fold cross validation
Seed 0 ==> test r2 = 0.886699
Overall test r2 = 0.886699 +/- 0.000000
