Fold 0
Loading data
Number of tasks = 1
Splitting data with seed 0
Total size = 4,032 | train size = 3,225 | val size = 807 | test size = 1,728
Fitting scaler
Building model 0
MoleculeModel(
  (encoder): MPN(
    (encoder): MPNEncoder(
      (dropout_layer): Dropout(p=0.0, inplace=False)
      (act_func): ReLU()
      (W_i_atom): Linear(in_features=133, out_features=300, bias=False)
      (W_i_bond): Linear(in_features=147, out_features=300, bias=False)
      (W_h_atom): Linear(in_features=447, out_features=300, bias=False)
      (W_h_0): Linear(in_features=300, out_features=300, bias=False)
      (W_h_1): Linear(in_features=300, out_features=300, bias=False)
      (W_o): Linear(in_features=600, out_features=300, bias=True)
      (gru): BatchGRU(
        (gru): GRU(300, 300, batch_first=True, bidirectional=True)
      )
      (lr): Linear(in_features=900, out_features=300, bias=False)
    )
  )
  (ffn): Sequential(
    (0): Dropout(p=0.0, inplace=False)
    (1): Linear(in_features=300, out_features=300, bias=True)
    (2): ReLU()
    (3): Dropout(p=0.0, inplace=False)
    (4): Linear(in_features=300, out_features=1, bias=True)
  )
)
Number of parameters = 2,022,901
Moving model to cuda
Epoch 0
Validation r2 = -0.028865
Epoch 1
Validation r2 = 0.092678
Epoch 2
Validation r2 = 0.101794
Epoch 3
Validation r2 = 0.311864
Epoch 4
Validation r2 = 0.466201
Epoch 5
Validation r2 = 0.555065
Epoch 6
Validation r2 = 0.597875
Epoch 7
Validation r2 = 0.603064
Epoch 8
Validation r2 = 0.636056
Epoch 9
Validation r2 = 0.627081
Epoch 10
Validation r2 = 0.642505
Epoch 11
Validation r2 = 0.629239
Epoch 12
Validation r2 = 0.661608
Epoch 13
Validation r2 = 0.682192
Epoch 14
Validation r2 = 0.695466
Epoch 15
Validation r2 = 0.704096
Epoch 16
Validation r2 = 0.702147
Epoch 17
Validation r2 = 0.722722
Epoch 18
Validation r2 = 0.720300
Epoch 19
Validation r2 = 0.725618
Epoch 20
Validation r2 = 0.736541
Epoch 21
Validation r2 = 0.719432
Epoch 22
Validation r2 = 0.742728
Epoch 23
Validation r2 = 0.749241
Epoch 24
Validation r2 = 0.774411
Epoch 25
Validation r2 = 0.763012
Epoch 26
Validation r2 = 0.744721
Epoch 27
Validation r2 = 0.773407
Epoch 28
Validation r2 = 0.779034
Epoch 29
Validation r2 = 0.778358
Epoch 30
Validation r2 = 0.784560
Epoch 31
Validation r2 = 0.796272
Epoch 32
Validation r2 = 0.786426
Epoch 33
Validation r2 = 0.785031
Epoch 34
Validation r2 = 0.798687
Epoch 35
Validation r2 = 0.809682
Epoch 36
Validation r2 = 0.802078
Epoch 37
Validation r2 = 0.806558
Epoch 38
Validation r2 = 0.802682
Epoch 39
Validation r2 = 0.807647
Epoch 40
Validation r2 = 0.808002
Epoch 41
Validation r2 = 0.816574
Epoch 42
Validation r2 = 0.807095
Epoch 43
Validation r2 = 0.804615
Epoch 44
Validation r2 = 0.810186
Epoch 45
Validation r2 = 0.803811
Epoch 46
Validation r2 = 0.819843
Epoch 47
Validation r2 = 0.823479
Epoch 48
Validation r2 = 0.828860
Epoch 49
Validation r2 = 0.821322
Epoch 50
Validation r2 = 0.824786
Epoch 51
Validation r2 = 0.815346
Epoch 52
Validation r2 = 0.822946
Epoch 53
Validation r2 = 0.819907
Epoch 54
Validation r2 = 0.829470
Epoch 55
Validation r2 = 0.832951
Epoch 56
Validation r2 = 0.829358
Epoch 57
Validation r2 = 0.828779
Epoch 58
Validation r2 = 0.820259
Epoch 59
Validation r2 = 0.830318
Epoch 60
Validation r2 = 0.833549
Epoch 61
Validation r2 = 0.831325
Epoch 62
Validation r2 = 0.821429
Epoch 63
Validation r2 = 0.829899
Epoch 64
Validation r2 = 0.823960
Epoch 65
Validation r2 = 0.832278
Epoch 66
Validation r2 = 0.829943
Epoch 67
Validation r2 = 0.828169
Epoch 68
Validation r2 = 0.821536
Epoch 69
Validation r2 = 0.826297
Epoch 70
Validation r2 = 0.827271
Epoch 71
Validation r2 = 0.828019
Epoch 72
Validation r2 = 0.830757
Epoch 73
Validation r2 = 0.828437
Epoch 74
Validation r2 = 0.829584
Epoch 75
Validation r2 = 0.822669
Epoch 76
Validation r2 = 0.831628
Epoch 77
Validation r2 = 0.825147
Epoch 78
Validation r2 = 0.827193
Epoch 79
Validation r2 = 0.826104
Epoch 80
Validation r2 = 0.814645
Epoch 81
Validation r2 = 0.824720
Epoch 82
Validation r2 = 0.822505
Epoch 83
Validation r2 = 0.828930
Epoch 84
Validation r2 = 0.817457
Epoch 85
Validation r2 = 0.825729
Epoch 86
Validation r2 = 0.824024
Epoch 87
Validation r2 = 0.824436
Epoch 88
Validation r2 = 0.816025
Epoch 89
Validation r2 = 0.829755
Epoch 90
Validation r2 = 0.823222
Epoch 91
Validation r2 = 0.820916
Epoch 92
Validation r2 = 0.825370
Epoch 93
Validation r2 = 0.829220
Epoch 94
Validation r2 = 0.826883
Epoch 95
Validation r2 = 0.821375
Epoch 96
Validation r2 = 0.824322
Epoch 97
Validation r2 = 0.825897
Epoch 98
Validation r2 = 0.823634
Epoch 99
Validation r2 = 0.823846
Model 0 best validation r2 = 0.833549 on epoch 60
Moving model to cuda
Model 0 test mae = 0.279501
Model 0 test mse = 0.144976
Model 0 test r2 = 0.855400
Ensemble test mae = 0.279501
Ensemble test mse = 0.144976
Ensemble test r2 = 0.855400
1-fold cross validation
Seed 0 ==> test r2 = 0.855400
Overall test r2 = 0.855400 +/- 0.000000
