Fold 0
Loading data
Number of tasks = 1
Splitting data with seed 0
Total size = 601 | train size = 480 | val size = 121 | test size = 474
Fitting scaler
Building model 0
MoleculeModel(
  (encoder): MPN(
    (encoder): MPNEncoder(
      (dropout_layer): Dropout(p=0.0, inplace=False)
      (act_func): ReLU()
      (W_i_atom): Linear(in_features=133, out_features=300, bias=False)
      (W_i_bond): Linear(in_features=147, out_features=300, bias=False)
      (W_h_atom): Linear(in_features=447, out_features=300, bias=False)
      (W_h_0): Linear(in_features=300, out_features=300, bias=False)
      (W_h_1): Linear(in_features=300, out_features=300, bias=False)
      (W_o): Linear(in_features=600, out_features=300, bias=True)
      (gru): BatchGRU(
        (gru): GRU(300, 300, batch_first=True, bidirectional=True)
      )
      (lr): Linear(in_features=900, out_features=300, bias=False)
    )
  )
  (ffn): Sequential(
    (0): Dropout(p=0.0, inplace=False)
    (1): Linear(in_features=300, out_features=300, bias=True)
    (2): ReLU()
    (3): Dropout(p=0.0, inplace=False)
    (4): Linear(in_features=300, out_features=1, bias=True)
  )
)
Number of parameters = 2,022,901
Moving model to cuda
Epoch 0
Fold 0
Loading data
Number of tasks = 1
Splitting data with seed 0
Total size = 601 | train size = 480 | val size = 121 | test size = 474
Fitting scaler
Building model 0
MoleculeModel(
  (encoder): MPN(
    (encoder): MPNEncoder(
      (dropout_layer): Dropout(p=0.0, inplace=False)
      (act_func): ReLU()
      (W_i_atom): Linear(in_features=133, out_features=300, bias=False)
      (W_i_bond): Linear(in_features=147, out_features=300, bias=False)
      (W_h_atom): Linear(in_features=447, out_features=300, bias=False)
      (W_h_0): Linear(in_features=300, out_features=300, bias=False)
      (W_h_1): Linear(in_features=300, out_features=300, bias=False)
      (W_o): Linear(in_features=600, out_features=300, bias=True)
      (gru): BatchGRU(
        (gru): GRU(300, 300, batch_first=True, bidirectional=True)
      )
      (lr): Linear(in_features=900, out_features=300, bias=False)
    )
  )
  (ffn): Sequential(
    (0): Dropout(p=0.0, inplace=False)
    (1): Linear(in_features=300, out_features=300, bias=True)
    (2): ReLU()
    (3): Dropout(p=0.0, inplace=False)
    (4): Linear(in_features=300, out_features=1, bias=True)
  )
)
Number of parameters = 2,022,901
Moving model to cuda
Epoch 0
Validation r2 = -0.134752
Epoch 1
Validation r2 = 0.090999
Epoch 2
Validation r2 = -0.006501
Epoch 3
Validation r2 = 0.156191
Epoch 4
Validation r2 = 0.185933
Epoch 5
Validation r2 = 0.172471
Epoch 6
Validation r2 = 0.204302
Epoch 7
Validation r2 = 0.184343
Epoch 8
Validation r2 = 0.210477
Epoch 9
Validation r2 = 0.211760
Epoch 10
Validation r2 = 0.227803
Epoch 11
Validation r2 = 0.212094
Epoch 12
Validation r2 = 0.241322
Epoch 13
Validation r2 = 0.194860
Epoch 14
Validation r2 = 0.229616
Epoch 15
Validation r2 = 0.261038
Epoch 16
Validation r2 = 0.241673
Epoch 17
Validation r2 = 0.282571
Epoch 18
Validation r2 = 0.279111
Epoch 19
Validation r2 = 0.342313
Epoch 20
Validation r2 = 0.379329
Epoch 21
Validation r2 = 0.399667
Epoch 22
Validation r2 = 0.453307
Epoch 23
Validation r2 = 0.441498
Epoch 24
Validation r2 = 0.563036
Epoch 25
Validation r2 = 0.618239
Epoch 26
Validation r2 = 0.660727
Epoch 27
Validation r2 = 0.609725
Epoch 28
Validation r2 = 0.702554
Epoch 29
Validation r2 = 0.709530
Epoch 30
Validation r2 = 0.719895
Epoch 31
Validation r2 = 0.709643
Epoch 32
Validation r2 = 0.716238
Epoch 33
Validation r2 = 0.749992
Epoch 34
Validation r2 = 0.763471
Epoch 35
Validation r2 = 0.753296
Epoch 36
Validation r2 = 0.784124
Epoch 37
Validation r2 = 0.788806
Epoch 38
Validation r2 = 0.655462
Epoch 39
Validation r2 = 0.780768
Epoch 40
Validation r2 = 0.793540
Epoch 41
Validation r2 = 0.803752
Epoch 42
Validation r2 = 0.799592
Epoch 43
Validation r2 = 0.815473
Epoch 44
Validation r2 = 0.805422
Epoch 45
Validation r2 = 0.826596
Epoch 46
Validation r2 = 0.806062
Epoch 47
Validation r2 = 0.823936
Epoch 48
Validation r2 = 0.836927
Epoch 49
Validation r2 = 0.810937
Epoch 50
Validation r2 = 0.821056
Epoch 51
Validation r2 = 0.839200
Epoch 52
Validation r2 = 0.804518
Epoch 53
Validation r2 = 0.799677
Epoch 54
Validation r2 = 0.839301
Epoch 55
Validation r2 = 0.831645
Epoch 56
Validation r2 = 0.842678
Epoch 57
Validation r2 = 0.833991
Epoch 58
Validation r2 = 0.831805
Epoch 59
Validation r2 = 0.817369
Epoch 60
Validation r2 = 0.847983
Epoch 61
Validation r2 = 0.830378
Epoch 62
Validation r2 = 0.827762
Epoch 63
Validation r2 = 0.826050
Epoch 64
Validation r2 = 0.852173
Epoch 65
Validation r2 = 0.835659
Epoch 66
Validation r2 = 0.859248
Epoch 67
Validation r2 = 0.848791
Epoch 68
Validation r2 = 0.860920
Epoch 69
Validation r2 = 0.850923
Epoch 70
Validation r2 = 0.853976
Epoch 71
Validation r2 = 0.843052
Epoch 72
Validation r2 = 0.860001
Epoch 73
Validation r2 = 0.862387
Epoch 74
Validation r2 = 0.872217
Epoch 75
Validation r2 = 0.871264
Epoch 76
Validation r2 = 0.872869
Epoch 77
Validation r2 = 0.871165
Epoch 78
Validation r2 = 0.874331
Epoch 79
Validation r2 = 0.875210
Epoch 80
Validation r2 = 0.874560
Epoch 81
Validation r2 = 0.875403
Epoch 82
Validation r2 = 0.874663
Epoch 83
Validation r2 = 0.874040
Epoch 84
Validation r2 = 0.878550
Epoch 85
Validation r2 = 0.878037
Epoch 86
Validation r2 = 0.878802
Epoch 87
Validation r2 = 0.877119
Epoch 88
Validation r2 = 0.880664
Epoch 89
Validation r2 = 0.881177
Epoch 90
Validation r2 = 0.880848
Epoch 91
Validation r2 = 0.876581
Epoch 92
Validation r2 = 0.881666
Epoch 93
Validation r2 = 0.882094
Epoch 94
Validation r2 = 0.878013
Epoch 95
Validation r2 = 0.882390
Epoch 96
Validation r2 = 0.878375
Epoch 97
Validation r2 = 0.877672
Epoch 98
Validation r2 = 0.882997
Epoch 99
Validation r2 = 0.880920
Model 0 best validation r2 = 0.882997 on epoch 98
Moving model to cuda
Model 0 test mae = 0.169416
Model 0 test mse = 0.056438
Model 0 test r2 = 0.875816
Ensemble test mae = 0.169416
Ensemble test mse = 0.056438
Ensemble test r2 = 0.875816
1-fold cross validation
Seed 0 ==> test r2 = 0.875816
Overall test r2 = 0.875816 +/- 0.000000
