Fold 0
Loading data
Number of tasks = 1
Splitting data with seed 0
Total size = 601 | train size = 480 | val size = 121 | test size = 474
Fitting scaler
Building model 0
MoleculeModel(
  (encoder): MPN(
    (encoder): MPNEncoder(
      (dropout_layer): Dropout(p=0.0, inplace=False)
      (act_func): ReLU()
      (W_i_atom): Linear(in_features=133, out_features=300, bias=False)
      (W_i_bond): Linear(in_features=147, out_features=300, bias=False)
      (W_h_atom): Linear(in_features=447, out_features=300, bias=False)
      (W_h_0): Linear(in_features=300, out_features=300, bias=False)
      (W_h_1): Linear(in_features=300, out_features=300, bias=False)
      (W_o): Linear(in_features=600, out_features=300, bias=True)
      (gru): BatchGRU(
        (gru): GRU(300, 300, batch_first=True, bidirectional=True)
      )
      (lr): Linear(in_features=900, out_features=300, bias=False)
    )
  )
  (ffn): Sequential(
    (0): Dropout(p=0.0, inplace=False)
    (1): Linear(in_features=300, out_features=300, bias=True)
    (2): ReLU()
    (3): Dropout(p=0.0, inplace=False)
    (4): Linear(in_features=300, out_features=1, bias=True)
  )
)
Number of parameters = 2,022,901
Moving model to cuda
Epoch 0
Validation r2 = -1.627455
Epoch 1
Validation r2 = 0.110187
Epoch 2
Validation r2 = -0.186321
Epoch 3
Validation r2 = 0.134357
Epoch 4
Validation r2 = 0.272625
Epoch 5
Validation r2 = 0.255759
Epoch 6
Validation r2 = 0.286236
Epoch 7
Validation r2 = 0.284806
Epoch 8
Validation r2 = 0.315827
Epoch 9
Validation r2 = 0.310405
Epoch 10
Validation r2 = 0.325119
Epoch 11
Validation r2 = 0.328084
Epoch 12
Validation r2 = 0.338974
Epoch 13
Validation r2 = 0.345229
Epoch 14
Validation r2 = 0.327007
Epoch 15
Validation r2 = 0.338464
Epoch 16
Validation r2 = 0.340271
Epoch 17
Validation r2 = 0.365287
Epoch 18
Validation r2 = 0.370076
Epoch 19
Validation r2 = 0.436739
Epoch 20
Validation r2 = 0.442093
Epoch 21
Validation r2 = 0.534965
Epoch 22
Validation r2 = 0.543028
Epoch 23
Validation r2 = 0.542937
Epoch 24
Validation r2 = 0.562181
Epoch 25
Validation r2 = 0.573549
Epoch 26
Validation r2 = 0.580003
Epoch 27
Validation r2 = 0.628915
Epoch 28
Validation r2 = 0.626966
Epoch 29
Validation r2 = 0.580314
Epoch 30
Validation r2 = 0.627737
Epoch 31
Validation r2 = 0.704626
Epoch 32
Validation r2 = 0.074603
Epoch 33
Validation r2 = 0.518002
Epoch 34
Validation r2 = 0.433385
Epoch 35
Validation r2 = 0.648343
Epoch 36
Validation r2 = 0.580786
Epoch 37
Validation r2 = 0.699373
Epoch 38
Validation r2 = 0.697355
Epoch 39
Validation r2 = 0.744913
Epoch 40
Validation r2 = 0.735345
Epoch 41
Validation r2 = 0.757142
Epoch 42
Validation r2 = 0.742757
Epoch 43
Validation r2 = 0.753344
Epoch 44
Validation r2 = 0.715828
Epoch 45
Validation r2 = 0.728978
Epoch 46
Validation r2 = 0.665181
Epoch 47
Validation r2 = 0.752558
Epoch 48
Validation r2 = 0.729096
Epoch 49
Validation r2 = 0.761573
Epoch 50
Validation r2 = 0.778657
Epoch 51
Validation r2 = 0.776585
Epoch 52
Validation r2 = 0.782045
Epoch 53
Validation r2 = 0.747066
Epoch 54
Validation r2 = 0.774722
Epoch 55
Validation r2 = 0.776618
Epoch 56
Validation r2 = 0.800658
Epoch 57
Validation r2 = 0.782979
Epoch 58
Validation r2 = 0.806746
Epoch 59
Validation r2 = 0.812188
Epoch 60
Validation r2 = 0.808763
Epoch 61
Validation r2 = 0.810121
Epoch 62
Validation r2 = 0.774691
Epoch 63
Validation r2 = 0.814262
Epoch 64
Validation r2 = 0.809206
Epoch 65
Validation r2 = 0.826800
Epoch 66
Validation r2 = 0.829374
Epoch 67
Validation r2 = 0.826187
Epoch 68
Validation r2 = 0.831422
Epoch 69
Validation r2 = 0.828542
Epoch 70
Validation r2 = 0.837717
Epoch 71
Validation r2 = 0.821101
Epoch 72
Validation r2 = 0.844574
Epoch 73
Validation r2 = 0.843582
Epoch 74
Validation r2 = 0.851819
Epoch 75
Validation r2 = 0.845355
Epoch 76
Validation r2 = 0.852913
Epoch 77
Validation r2 = 0.855200
Epoch 78
Validation r2 = 0.861586
Epoch 79
Validation r2 = 0.862052
Epoch 80
Validation r2 = 0.865315
Epoch 81
Validation r2 = 0.866183
Epoch 82
Validation r2 = 0.871271
Epoch 83
Validation r2 = 0.862569
Epoch 84
Validation r2 = 0.864726
Epoch 85
Validation r2 = 0.862005
Epoch 86
Validation r2 = 0.877667
Epoch 87
Validation r2 = 0.878415
Epoch 88
Validation r2 = 0.876799
Epoch 89
Validation r2 = 0.877014
Epoch 90
Validation r2 = 0.877575
Epoch 91
Validation r2 = 0.883485
Epoch 92
Validation r2 = 0.883497
Epoch 93
Validation r2 = 0.885734
Epoch 94
Validation r2 = 0.883333
Epoch 95
Validation r2 = 0.884843
Epoch 96
Validation r2 = 0.890401
Epoch 97
Validation r2 = 0.883828
Epoch 98
Validation r2 = 0.886774
Epoch 99
Validation r2 = 0.882236
Model 0 best validation r2 = 0.890401 on epoch 96
Moving model to cuda
Model 0 test mae = 0.185889
Model 0 test mse = 0.060595
Model 0 test r2 = 0.877261
Ensemble test mae = 0.185889
Ensemble test mse = 0.060595
Ensemble test r2 = 0.877261
1-fold cross validation
Seed 0 ==> test r2 = 0.877261
Overall test r2 = 0.877261 +/- 0.000000
