Fold 0
Loading data
Number of tasks = 1
Splitting data with seed 0
Total size = 2,768 | train size = 2,214 | val size = 554 | test size = 1,187
Fitting scaler
Building model 0
MoleculeModel(
  (encoder): MPN(
    (encoder): MPNEncoder(
      (dropout_layer): Dropout(p=0.0, inplace=False)
      (act_func): ReLU()
      (W_i_atom): Linear(in_features=133, out_features=300, bias=False)
      (W_i_bond): Linear(in_features=147, out_features=300, bias=False)
      (W_h_atom): Linear(in_features=447, out_features=300, bias=False)
      (W_h_0): Linear(in_features=300, out_features=300, bias=False)
      (W_h_1): Linear(in_features=300, out_features=300, bias=False)
      (W_o): Linear(in_features=600, out_features=300, bias=True)
      (gru): BatchGRU(
        (gru): GRU(300, 300, batch_first=True, bidirectional=True)
      )
      (lr): Linear(in_features=900, out_features=300, bias=False)
    )
  )
  (ffn): Sequential(
    (0): Dropout(p=0.0, inplace=False)
    (1): Linear(in_features=2100, out_features=300, bias=True)
    (2): ReLU()
    (3): Dropout(p=0.0, inplace=False)
    (4): Linear(in_features=300, out_features=1, bias=True)
  )
)
Number of parameters = 2,562,901
Moving model to cuda
Epoch 0
Validation r2 = 0.234399
Epoch 1
Validation r2 = 0.575471
Epoch 2
Validation r2 = 0.690362
Epoch 3
Validation r2 = 0.804173
Epoch 4
Validation r2 = 0.806408
Epoch 5
Validation r2 = 0.835075
Epoch 6
Validation r2 = 0.852340
Epoch 7
Validation r2 = 0.839081
Epoch 8
Validation r2 = 0.853524
Epoch 9
Validation r2 = 0.845460
Epoch 10
Validation r2 = 0.854881
Epoch 11
Validation r2 = 0.866398
Epoch 12
Validation r2 = 0.882175
Epoch 13
Validation r2 = 0.870116
Epoch 14
Validation r2 = 0.888095
Epoch 15
Validation r2 = 0.880810
Epoch 16
Validation r2 = 0.902115
Epoch 17
Validation r2 = 0.891276
Epoch 18
Validation r2 = 0.895636
Epoch 19
Validation r2 = 0.897873
Epoch 20
Validation r2 = 0.898535
Epoch 21
Validation r2 = 0.914734
Epoch 22
Validation r2 = 0.911779
Epoch 23
Validation r2 = 0.913155
Epoch 24
Validation r2 = 0.918255
Epoch 25
Validation r2 = 0.916531
Epoch 26
Validation r2 = 0.914733
Epoch 27
Validation r2 = 0.926361
Epoch 28
Validation r2 = 0.922546
Epoch 29
Validation r2 = 0.902561
Epoch 30
Validation r2 = 0.922984
Epoch 31
Validation r2 = 0.925269
Epoch 32
Validation r2 = 0.930297
Epoch 33
Validation r2 = 0.926776
Epoch 34
Validation r2 = 0.931539
Epoch 35
Validation r2 = 0.937001
Epoch 36
Validation r2 = 0.933137
Epoch 37
Validation r2 = 0.938331
Epoch 38
Validation r2 = 0.937615
Epoch 39
Validation r2 = 0.932107
Epoch 40
Validation r2 = 0.939858
Epoch 41
Validation r2 = 0.941733
Epoch 42
Validation r2 = 0.942992
Epoch 43
Validation r2 = 0.942198
Epoch 44
Validation r2 = 0.943399
Epoch 45
Validation r2 = 0.944031
Epoch 46
Validation r2 = 0.943597
Epoch 47
Validation r2 = 0.945985
Epoch 48
Validation r2 = 0.942595
Epoch 49
Validation r2 = 0.946776
Epoch 50
Validation r2 = 0.944730
Epoch 51
Validation r2 = 0.946258
Epoch 52
Validation r2 = 0.945510
Epoch 53
Validation r2 = 0.950028
Epoch 54
Validation r2 = 0.948045
Epoch 55
Validation r2 = 0.952142
Epoch 56
Validation r2 = 0.948526
Epoch 57
Validation r2 = 0.951877
Epoch 58
Validation r2 = 0.949674
Epoch 59
Validation r2 = 0.950359
Epoch 60
Validation r2 = 0.951908
Epoch 61
Validation r2 = 0.950238
Epoch 62
Validation r2 = 0.951466
Epoch 63
Validation r2 = 0.951285
Epoch 64
Validation r2 = 0.953496
Epoch 65
Validation r2 = 0.951508
Epoch 66
Validation r2 = 0.951035
Epoch 67
Validation r2 = 0.950822
Epoch 68
Validation r2 = 0.952773
Epoch 69
Validation r2 = 0.953060
Epoch 70
Validation r2 = 0.951638
Epoch 71
Validation r2 = 0.952573
Epoch 72
Validation r2 = 0.951876
Epoch 73
Validation r2 = 0.953218
Epoch 74
Validation r2 = 0.952473
Epoch 75
Validation r2 = 0.953228
Epoch 76
Validation r2 = 0.953721
Epoch 77
Validation r2 = 0.954902
Epoch 78
Validation r2 = 0.952101
Epoch 79
Validation r2 = 0.953121
Epoch 80
Validation r2 = 0.953812
Epoch 81
Validation r2 = 0.952878
Epoch 82
Validation r2 = 0.953513
Epoch 83
Validation r2 = 0.954156
Epoch 84
Validation r2 = 0.952941
Epoch 85
Validation r2 = 0.954406
Epoch 86
Validation r2 = 0.952782
Epoch 87
Validation r2 = 0.954189
Epoch 88
Validation r2 = 0.954749
Epoch 89
Validation r2 = 0.954962
Epoch 90
Validation r2 = 0.954246
Epoch 91
Validation r2 = 0.955331
Epoch 92
Validation r2 = 0.954009
Epoch 93
Validation r2 = 0.953955
Epoch 94
Validation r2 = 0.954777
Epoch 95
Validation r2 = 0.955080
Epoch 96
Validation r2 = 0.954828
Epoch 97
Validation r2 = 0.955148
Epoch 98
Validation r2 = 0.955258
Epoch 99
Validation r2 = 0.954887
Model 0 best validation r2 = 0.955331 on epoch 91
Moving model to cuda
Model 0 test mae = 0.160348
Model 0 test mse = 0.050138
Model 0 test r2 = 0.950454
Ensemble test mae = 0.160348
Ensemble test mse = 0.050138
Ensemble test r2 = 0.950454
1-fold cross validation
Seed 0 ==> test r2 = 0.950454
Overall test r2 = 0.950454 +/- 0.000000
