Fold 0
Loading data
Number of tasks = 1
Splitting data with seed 0
Total size = 601 | train size = 480 | val size = 121 | test size = 474
Fitting scaler
Building model 0
MoleculeModel(
  (encoder): MPN(
    (encoder): MPNEncoder(
      (dropout_layer): Dropout(p=0.0, inplace=False)
      (act_func): ReLU()
      (W_i_atom): Linear(in_features=133, out_features=300, bias=False)
      (W_i_bond): Linear(in_features=147, out_features=300, bias=False)
      (W_h_atom): Linear(in_features=447, out_features=300, bias=False)
      (W_h_0): Linear(in_features=300, out_features=300, bias=False)
      (W_h_1): Linear(in_features=300, out_features=300, bias=False)
      (W_o): Linear(in_features=600, out_features=300, bias=True)
      (gru): BatchGRU(
        (gru): GRU(300, 300, batch_first=True, bidirectional=True)
      )
      (lr): Linear(in_features=900, out_features=300, bias=False)
    )
  )
  (ffn): Sequential(
    (0): Dropout(p=0.0, inplace=False)
    (1): Linear(in_features=300, out_features=300, bias=True)
    (2): ReLU()
    (3): Dropout(p=0.0, inplace=False)
    (4): Linear(in_features=300, out_features=1, bias=True)
  )
)
Number of parameters = 2,022,901
Moving model to cuda
Epoch 0
Validation r2 = -1.327513
Epoch 1
Validation r2 = 0.116192
Epoch 2
Validation r2 = 0.026785
Epoch 3
Validation r2 = 0.249792
Epoch 4
Validation r2 = 0.299539
Epoch 5
Validation r2 = 0.311674
Epoch 6
Validation r2 = 0.319156
Epoch 7
Validation r2 = 0.329736
Epoch 8
Validation r2 = 0.336205
Epoch 9
Validation r2 = 0.347544
Epoch 10
Validation r2 = 0.342692
Epoch 11
Validation r2 = 0.391931
Epoch 12
Validation r2 = 0.336787
Epoch 13
Validation r2 = 0.453608
Epoch 14
Validation r2 = 0.447040
Epoch 15
Validation r2 = 0.182826
Epoch 16
Validation r2 = 0.503728
Epoch 17
Validation r2 = 0.482706
Epoch 18
Validation r2 = 0.414330
Epoch 19
Validation r2 = 0.476719
Epoch 20
Validation r2 = 0.519365
Epoch 21
Validation r2 = 0.406386
Epoch 22
Validation r2 = 0.553764
Epoch 23
Validation r2 = 0.599672
Epoch 24
Validation r2 = 0.575523
Epoch 25
Validation r2 = 0.632964
Epoch 26
Validation r2 = 0.647211
Epoch 27
Validation r2 = 0.635173
Epoch 28
Validation r2 = 0.667380
Epoch 29
Validation r2 = 0.635164
Epoch 30
Validation r2 = 0.696251
Epoch 31
Validation r2 = 0.707916
Epoch 32
Validation r2 = 0.166722
Epoch 33
Validation r2 = 0.605334
Epoch 34
Validation r2 = 0.644978
Epoch 35
Validation r2 = 0.719398
Epoch 36
Validation r2 = 0.717090
Epoch 37
Validation r2 = 0.739006
Epoch 38
Validation r2 = 0.740360
Epoch 39
Validation r2 = 0.721640
Epoch 40
Validation r2 = 0.726396
Epoch 41
Validation r2 = 0.752291
Epoch 42
Validation r2 = 0.764781
Epoch 43
Validation r2 = 0.762310
Epoch 44
Validation r2 = 0.743719
Epoch 45
Validation r2 = 0.748382
Epoch 46
Validation r2 = 0.671068
Epoch 47
Validation r2 = 0.766691
Epoch 48
Validation r2 = 0.716158
Epoch 49
Validation r2 = 0.770718
Epoch 50
Validation r2 = 0.790594
Epoch 51
Validation r2 = 0.809056
Epoch 52
Validation r2 = 0.811183
Epoch 53
Validation r2 = 0.793649
Epoch 54
Validation r2 = 0.814759
Epoch 55
Validation r2 = 0.815812
Epoch 56
Validation r2 = 0.832060
Epoch 57
Validation r2 = 0.807653
Epoch 58
Validation r2 = 0.840659
Epoch 59
Validation r2 = 0.847276
Epoch 60
Validation r2 = 0.850483
Epoch 61
Validation r2 = 0.853269
Epoch 62
Validation r2 = 0.851336
Epoch 63
Validation r2 = 0.864992
Epoch 64
Validation r2 = 0.863102
Epoch 65
Validation r2 = 0.868967
Epoch 66
Validation r2 = 0.873763
Epoch 67
Validation r2 = 0.875907
Epoch 68
Validation r2 = 0.876656
Epoch 69
Validation r2 = 0.878546
Epoch 70
Validation r2 = 0.879280
Epoch 71
Validation r2 = 0.870536
Epoch 72
Validation r2 = 0.883367
Epoch 73
Validation r2 = 0.888098
Epoch 74
Validation r2 = 0.889739
Epoch 75
Validation r2 = 0.882166
Epoch 76
Validation r2 = 0.886626
Epoch 77
Validation r2 = 0.894357
Epoch 78
Validation r2 = 0.896871
Epoch 79
Validation r2 = 0.893366
Epoch 80
Validation r2 = 0.896606
Epoch 81
Validation r2 = 0.890174
Epoch 82
Validation r2 = 0.896131
Epoch 83
Validation r2 = 0.892406
Epoch 84
Validation r2 = 0.889301
Epoch 85
Validation r2 = 0.893175
Epoch 86
Validation r2 = 0.902226
Epoch 87
Validation r2 = 0.901464
Epoch 88
Validation r2 = 0.895944
Epoch 89
Validation r2 = 0.898924
Epoch 90
Validation r2 = 0.900825
Epoch 91
Validation r2 = 0.900275
Epoch 92
Validation r2 = 0.902521
Epoch 93
Validation r2 = 0.897776
Epoch 94
Validation r2 = 0.897619
Epoch 95
Validation r2 = 0.902586
Epoch 96
Validation r2 = 0.904513
Epoch 97
Validation r2 = 0.901934
Epoch 98
Validation r2 = 0.900524
Epoch 99
Validation r2 = 0.899652
Model 0 best validation r2 = 0.904513 on epoch 96
Moving model to cuda
Model 0 test mae = 0.176635
Model 0 test mse = 0.055827
Model 0 test r2 = 0.886920
Ensemble test mae = 0.176635
Ensemble test mse = 0.055827
Ensemble test r2 = 0.886920
1-fold cross validation
Seed 0 ==> test r2 = 0.886920
Overall test r2 = 0.886920 +/- 0.000000
