Fold 0
Loading data
Number of tasks = 1
Splitting data with seed 0
Total size = 2,768 | train size = 2,214 | val size = 554 | test size = 1,187
Fitting scaler
Building model 0
MoleculeModel(
  (encoder): MPN(
    (encoder): MPNEncoder(
      (dropout_layer): Dropout(p=0.0, inplace=False)
      (act_func): ReLU()
      (W_i_atom): Linear(in_features=133, out_features=300, bias=False)
      (W_i_bond): Linear(in_features=147, out_features=300, bias=False)
      (W_h_atom): Linear(in_features=447, out_features=300, bias=False)
      (W_h_0): Linear(in_features=300, out_features=300, bias=False)
      (W_h_1): Linear(in_features=300, out_features=300, bias=False)
      (W_o): Linear(in_features=600, out_features=300, bias=True)
      (gru): BatchGRU(
        (gru): GRU(300, 300, batch_first=True, bidirectional=True)
      )
      (lr): Linear(in_features=900, out_features=300, bias=False)
    )
  )
  (ffn): Sequential(
    (0): Dropout(p=0.0, inplace=False)
    (1): Linear(in_features=2100, out_features=300, bias=True)
    (2): ReLU()
    (3): Dropout(p=0.0, inplace=False)
    (4): Linear(in_features=300, out_features=1, bias=True)
  )
)
Number of parameters = 2,562,901
Moving model to cuda
Epoch 0
Validation r2 = 0.207486
Epoch 1
Validation r2 = -0.141392
Epoch 2
Validation r2 = 0.602500
Epoch 3
Validation r2 = 0.713596
Epoch 4
Validation r2 = 0.751636
Epoch 5
Validation r2 = 0.760073
Epoch 6
Validation r2 = 0.791359
Epoch 7
Validation r2 = 0.803386
Epoch 8
Validation r2 = 0.793498
Epoch 9
Validation r2 = 0.814148
Epoch 10
Validation r2 = 0.798264
Epoch 11
Validation r2 = 0.818000
Epoch 12
Validation r2 = 0.833470
Epoch 13
Validation r2 = 0.815975
Epoch 14
Validation r2 = 0.834597
Epoch 15
Validation r2 = 0.821799
Epoch 16
Validation r2 = 0.840056
Epoch 17
Validation r2 = 0.838797
Epoch 18
Validation r2 = 0.871222
Epoch 19
Validation r2 = 0.873607
Epoch 20
Validation r2 = 0.862221
Epoch 21
Validation r2 = 0.862432
Epoch 22
Validation r2 = 0.881813
Epoch 23
Validation r2 = 0.859886
Epoch 24
Validation r2 = 0.891275
Epoch 25
Validation r2 = 0.893538
Epoch 26
Validation r2 = 0.883832
Epoch 27
Validation r2 = 0.898441
Epoch 28
Validation r2 = 0.890788
Epoch 29
Validation r2 = 0.906447
Epoch 30
Validation r2 = 0.883862
Epoch 31
Validation r2 = 0.908602
Epoch 32
Validation r2 = 0.909202
Epoch 33
Validation r2 = 0.914837
Epoch 34
Validation r2 = 0.922426
Epoch 35
Validation r2 = 0.915837
Epoch 36
Validation r2 = 0.919114
Epoch 37
Validation r2 = 0.923851
Epoch 38
Validation r2 = 0.921750
Epoch 39
Validation r2 = 0.922569
Epoch 40
Validation r2 = 0.919144
Epoch 41
Validation r2 = 0.923929
Epoch 42
Validation r2 = 0.919137
Epoch 43
Validation r2 = 0.926519
Epoch 44
Validation r2 = 0.924012
Epoch 45
Validation r2 = 0.928712
Epoch 46
Validation r2 = 0.921933
Epoch 47
Validation r2 = 0.929964
Epoch 48
Validation r2 = 0.930725
Epoch 49
Validation r2 = 0.926415
Epoch 50
Validation r2 = 0.932648
Epoch 51
Validation r2 = 0.932481
Epoch 52
Validation r2 = 0.929712
Epoch 53
Validation r2 = 0.935209
Epoch 54
Validation r2 = 0.934023
Epoch 55
Validation r2 = 0.926637
Epoch 56
Validation r2 = 0.933403
Epoch 57
Validation r2 = 0.924784
Epoch 58
Validation r2 = 0.932123
Epoch 59
Validation r2 = 0.936383
Epoch 60
Validation r2 = 0.935037
Epoch 61
Validation r2 = 0.935187
Epoch 62
Validation r2 = 0.937295
Epoch 63
Validation r2 = 0.933270
Epoch 64
Validation r2 = 0.937270
Epoch 65
Validation r2 = 0.937058
Epoch 66
Validation r2 = 0.934563
Epoch 67
Validation r2 = 0.937765
Epoch 68
Validation r2 = 0.934135
Epoch 69
Validation r2 = 0.936989
Epoch 70
Validation r2 = 0.937320
Epoch 71
Validation r2 = 0.937974
Epoch 72
Validation r2 = 0.937458
Epoch 73
Validation r2 = 0.938289
Epoch 74
Validation r2 = 0.936817
Epoch 75
Validation r2 = 0.938601
Epoch 76
Validation r2 = 0.938104
Epoch 77
Validation r2 = 0.937650
Epoch 78
Validation r2 = 0.937822
Epoch 79
Validation r2 = 0.938773
Epoch 80
Validation r2 = 0.939148
Epoch 81
Validation r2 = 0.939306
Epoch 82
Validation r2 = 0.939793
Epoch 83
Validation r2 = 0.939250
Epoch 84
Validation r2 = 0.937083
Epoch 85
Validation r2 = 0.939287
Epoch 86
Validation r2 = 0.940579
Epoch 87
Validation r2 = 0.938935
Epoch 88
Validation r2 = 0.938984
Epoch 89
Validation r2 = 0.939236
Epoch 90
Validation r2 = 0.938638
Epoch 91
Validation r2 = 0.937592
Epoch 92
Validation r2 = 0.940273
Epoch 93
Validation r2 = 0.940652
Epoch 94
Validation r2 = 0.940169
Epoch 95
Validation r2 = 0.939607
Epoch 96
Validation r2 = 0.938980
Epoch 97
Validation r2 = 0.938567
Epoch 98
Validation r2 = 0.939745
Epoch 99
Validation r2 = 0.939802
Model 0 best validation r2 = 0.940652 on epoch 93
Moving model to cuda
Model 0 test mae = 0.165099
Model 0 test mse = 0.053443
Model 0 test r2 = 0.944375
Ensemble test mae = 0.165099
Ensemble test mse = 0.053443
Ensemble test r2 = 0.944375
1-fold cross validation
Seed 0 ==> test r2 = 0.944375
Overall test r2 = 0.944375 +/- 0.000000
