Fold 0
Loading data
Number of tasks = 1
Splitting data with seed 0
Total size = 4,032 | train size = 3,225 | val size = 807 | test size = 1,728
Fitting scaler
Building model 0
MoleculeModel(
  (encoder): MPN(
    (encoder): MPNEncoder(
      (dropout_layer): Dropout(p=0.0, inplace=False)
      (act_func): ReLU()
      (W_i_atom): Linear(in_features=133, out_features=300, bias=False)
      (W_i_bond): Linear(in_features=147, out_features=300, bias=False)
      (W_h_atom): Linear(in_features=447, out_features=300, bias=False)
      (W_h_0): Linear(in_features=300, out_features=300, bias=False)
      (W_h_1): Linear(in_features=300, out_features=300, bias=False)
      (W_o): Linear(in_features=600, out_features=300, bias=True)
      (gru): BatchGRU(
        (gru): GRU(300, 300, batch_first=True, bidirectional=True)
      )
      (lr): Linear(in_features=900, out_features=300, bias=False)
    )
  )
  (ffn): Sequential(
    (0): Dropout(p=0.0, inplace=False)
    (1): Linear(in_features=2100, out_features=300, bias=True)
    (2): ReLU()
    (3): Dropout(p=0.0, inplace=False)
    (4): Linear(in_features=300, out_features=1, bias=True)
  )
)
Number of parameters = 2,562,901
Moving model to cuda
Epoch 0
Validation r2 = 0.223009
Epoch 1
Validation r2 = 0.329347
Epoch 2
Validation r2 = 0.574084
Epoch 3
Validation r2 = 0.607896
Epoch 4
Validation r2 = 0.641356
Epoch 5
Validation r2 = 0.652907
Epoch 6
Validation r2 = 0.683417
Epoch 7
Validation r2 = 0.706611
Epoch 8
Validation r2 = 0.702640
Epoch 9
Validation r2 = 0.740881
Epoch 10
Validation r2 = 0.751097
Epoch 11
Validation r2 = 0.712129
Epoch 12
Validation r2 = 0.759301
Epoch 13
Validation r2 = 0.765065
Epoch 14
Validation r2 = 0.781926
Epoch 15
Validation r2 = 0.804159
Epoch 16
Validation r2 = 0.806753
Epoch 17
Validation r2 = 0.802480
Epoch 18
Validation r2 = 0.814520
Epoch 19
Validation r2 = 0.788550
Epoch 20
Validation r2 = 0.828295
Epoch 21
Validation r2 = 0.811657
Epoch 22
Validation r2 = 0.838605
Epoch 23
Validation r2 = 0.826483
Epoch 24
Validation r2 = 0.841302
Epoch 25
Validation r2 = 0.847597
Epoch 26
Validation r2 = 0.841437
Epoch 27
Validation r2 = 0.846979
Epoch 28
Validation r2 = 0.846134
Epoch 29
Validation r2 = 0.846019
Epoch 30
Validation r2 = 0.835533
Epoch 31
Validation r2 = 0.846215
Epoch 32
Validation r2 = 0.849850
Epoch 33
Validation r2 = 0.855633
Epoch 34
Validation r2 = 0.852009
Epoch 35
Validation r2 = 0.841713
Epoch 36
Validation r2 = 0.848036
Epoch 37
Validation r2 = 0.849498
Epoch 38
Validation r2 = 0.838990
Epoch 39
Validation r2 = 0.846817
Epoch 40
Validation r2 = 0.836811
Epoch 41
Validation r2 = 0.833960
Epoch 42
Validation r2 = 0.852320
Epoch 43
Validation r2 = 0.845772
Epoch 44
Validation r2 = 0.843124
Epoch 45
Validation r2 = 0.848972
Epoch 46
Validation r2 = 0.842096
Epoch 47
Validation r2 = 0.840887
Epoch 48
Validation r2 = 0.848474
Epoch 49
Validation r2 = 0.846394
Epoch 50
Validation r2 = 0.846421
Epoch 51
Validation r2 = 0.851366
Epoch 52
Validation r2 = 0.842430
Epoch 53
Validation r2 = 0.839581
Epoch 54
Validation r2 = 0.838252
Epoch 55
Validation r2 = 0.829667
Epoch 56
Validation r2 = 0.835647
Epoch 57
Validation r2 = 0.844403
Epoch 58
Validation r2 = 0.840947
Epoch 59
Validation r2 = 0.839985
Epoch 60
Validation r2 = 0.832919
Epoch 61
Validation r2 = 0.837461
Epoch 62
Validation r2 = 0.831444
Epoch 63
Validation r2 = 0.836255
Epoch 64
Validation r2 = 0.832449
Epoch 65
Validation r2 = 0.838988
Epoch 66
Validation r2 = 0.834675
Epoch 67
Validation r2 = 0.837094
Epoch 68
Validation r2 = 0.833129
Epoch 69
Validation r2 = 0.829085
Epoch 70
Validation r2 = 0.832890
Epoch 71
Validation r2 = 0.829577
Epoch 72
Validation r2 = 0.830540
Epoch 73
Validation r2 = 0.831175
Epoch 74
Validation r2 = 0.829830
Epoch 75
Validation r2 = 0.826342
Epoch 76
Validation r2 = 0.829301
Epoch 77
Validation r2 = 0.827119
Epoch 78
Validation r2 = 0.828282
Epoch 79
Validation r2 = 0.820986
Epoch 80
Validation r2 = 0.830303
Epoch 81
Validation r2 = 0.824840
Epoch 82
Validation r2 = 0.826637
Epoch 83
Validation r2 = 0.828078
Epoch 84
Validation r2 = 0.826306
Epoch 85
Validation r2 = 0.824483
Epoch 86
Validation r2 = 0.826171
Epoch 87
Validation r2 = 0.825568
Epoch 88
Validation r2 = 0.826226
Epoch 89
Validation r2 = 0.825114
Epoch 90
Validation r2 = 0.824472
Epoch 91
Validation r2 = 0.827848
Epoch 92
Validation r2 = 0.824543
Epoch 93
Validation r2 = 0.824029
Epoch 94
Validation r2 = 0.824720
Epoch 95
Validation r2 = 0.827047
Epoch 96
Validation r2 = 0.824931
Epoch 97
Validation r2 = 0.823635
Epoch 98
Validation r2 = 0.822165
Epoch 99
Validation r2 = 0.823897
Model 0 best validation r2 = 0.855633 on epoch 33
Moving model to cuda
Model 0 test mae = 0.286229
Model 0 test mse = 0.167707
Model 0 test r2 = 0.838540
Ensemble test mae = 0.286229
Ensemble test mse = 0.167707
Ensemble test r2 = 0.838540
1-fold cross validation
Seed 0 ==> test r2 = 0.838540
Overall test r2 = 0.838540 +/- 0.000000
