Fold 0
Loading data
Number of tasks = 1
Splitting data with seed 0
Total size = 601 | train size = 480 | val size = 121 | test size = 474
Fitting scaler
Building model 0
MoleculeModel(
  (encoder): MPN(
    (encoder): MPNEncoder(
      (dropout_layer): Dropout(p=0.0, inplace=False)
      (act_func): ReLU()
      (W_i_atom): Linear(in_features=133, out_features=300, bias=False)
      (W_i_bond): Linear(in_features=147, out_features=300, bias=False)
      (W_h_atom): Linear(in_features=447, out_features=300, bias=False)
      (W_h_0): Linear(in_features=300, out_features=300, bias=False)
      (W_h_1): Linear(in_features=300, out_features=300, bias=False)
      (W_o): Linear(in_features=600, out_features=300, bias=True)
      (gru): BatchGRU(
        (gru): GRU(300, 300, batch_first=True, bidirectional=True)
      )
      (lr): Linear(in_features=900, out_features=300, bias=False)
    )
  )
  (ffn): Sequential(
    (0): Dropout(p=0.0, inplace=False)
    (1): Linear(in_features=300, out_features=300, bias=True)
    (2): ReLU()
    (3): Dropout(p=0.0, inplace=False)
    (4): Linear(in_features=300, out_features=1, bias=True)
  )
)
Number of parameters = 2,022,901
Moving model to cuda
Epoch 0
Validation r2 = -0.143174
Epoch 1
Validation r2 = -0.113984
Epoch 2
Validation r2 = -0.135643
Epoch 3
Validation r2 = 0.081540
Epoch 4
Validation r2 = 0.170291
Epoch 5
Validation r2 = 0.163986
Epoch 6
Validation r2 = 0.170530
Epoch 7
Validation r2 = 0.193634
Epoch 8
Validation r2 = 0.231616
Epoch 9
Validation r2 = 0.202027
Epoch 10
Validation r2 = 0.195892
Epoch 11
Validation r2 = 0.227110
Epoch 12
Validation r2 = 0.228244
Epoch 13
Validation r2 = 0.251339
Epoch 14
Validation r2 = 0.250944
Epoch 15
Validation r2 = 0.250022
Epoch 16
Validation r2 = 0.239835
Epoch 17
Validation r2 = 0.244065
Epoch 18
Validation r2 = 0.240268
Epoch 19
Validation r2 = 0.259860
Epoch 20
Validation r2 = 0.276845
Epoch 21
Validation r2 = 0.283362
Epoch 22
Validation r2 = 0.290591
Epoch 23
Validation r2 = 0.287866
Epoch 24
Validation r2 = 0.279162
Epoch 25
Validation r2 = 0.264477
Epoch 26
Validation r2 = 0.304399
Epoch 27
Validation r2 = 0.332034
Epoch 28
Validation r2 = 0.367392
Epoch 29
Validation r2 = 0.403915
Epoch 30
Validation r2 = 0.434354
Epoch 31
Validation r2 = 0.484746
Epoch 32
Validation r2 = 0.514785
Epoch 33
Validation r2 = 0.481561
Epoch 34
Validation r2 = 0.530127
Epoch 35
Validation r2 = 0.550944
Epoch 36
Validation r2 = 0.563947
Epoch 37
Validation r2 = 0.597676
Epoch 38
Validation r2 = 0.605880
Epoch 39
Validation r2 = 0.598402
Epoch 40
Validation r2 = 0.648240
Epoch 41
Validation r2 = 0.641605
Epoch 42
Validation r2 = 0.661540
Epoch 43
Validation r2 = 0.661817
Epoch 44
Validation r2 = 0.676394
Epoch 45
Validation r2 = 0.688356
Epoch 46
Validation r2 = 0.695127
Epoch 47
Validation r2 = 0.693750
Epoch 48
Validation r2 = 0.710872
Epoch 49
Validation r2 = 0.715467
Epoch 50
Validation r2 = 0.709570
Epoch 51
Validation r2 = 0.739733
Epoch 52
Validation r2 = 0.606924
Epoch 53
Validation r2 = 0.675945
Epoch 54
Validation r2 = 0.704491
Epoch 55
Validation r2 = 0.690149
Epoch 56
Validation r2 = 0.696787
Epoch 57
Validation r2 = 0.719281
Epoch 58
Validation r2 = 0.733387
Epoch 59
Validation r2 = 0.738743
Epoch 60
Validation r2 = 0.729922
Epoch 61
Validation r2 = 0.740813
Epoch 62
Validation r2 = 0.750649
Epoch 63
Validation r2 = 0.773960
Epoch 64
Validation r2 = 0.776850
Epoch 65
Validation r2 = 0.786791
Epoch 66
Validation r2 = 0.790928
Epoch 67
Validation r2 = 0.789221
Epoch 68
Validation r2 = 0.797386
Epoch 69
Validation r2 = 0.790123
Epoch 70
Validation r2 = 0.781073
Epoch 71
Validation r2 = 0.791410
Epoch 72
Validation r2 = 0.806074
Epoch 73
Validation r2 = 0.807525
Epoch 74
Validation r2 = 0.809203
Epoch 75
Validation r2 = 0.805124
Epoch 76
Validation r2 = 0.808452
Epoch 77
Validation r2 = 0.811026
Epoch 78
Validation r2 = 0.813430
Epoch 79
Validation r2 = 0.816113
Epoch 80
Validation r2 = 0.819136
Epoch 81
Validation r2 = 0.819603
Epoch 82
Validation r2 = 0.816036
Epoch 83
Validation r2 = 0.822963
Epoch 84
Validation r2 = 0.821365
Epoch 85
Validation r2 = 0.825541
Epoch 86
Validation r2 = 0.825786
Epoch 87
Validation r2 = 0.824807
Epoch 88
Validation r2 = 0.826839
Epoch 89
Validation r2 = 0.825150
Epoch 90
Validation r2 = 0.830836
Epoch 91
Validation r2 = 0.831013
Epoch 92
Validation r2 = 0.831711
Epoch 93
Validation r2 = 0.831716
Epoch 94
Validation r2 = 0.832169
Epoch 95
Validation r2 = 0.832956
Epoch 96
Validation r2 = 0.834230
Epoch 97
Validation r2 = 0.833583
Epoch 98
Validation r2 = 0.835604
Epoch 99
Validation r2 = 0.835024
Model 0 best validation r2 = 0.835604 on epoch 98
Moving model to cuda
Model 0 test mae = 0.184232
Model 0 test mse = 0.062749
Model 0 test r2 = 0.876733
Ensemble test mae = 0.184232
Ensemble test mse = 0.062749
Ensemble test r2 = 0.876733
1-fold cross validation
Seed 0 ==> test r2 = 0.876733
Overall test r2 = 0.876733 +/- 0.000000
