Fold 0
Loading data
Number of tasks = 1
Splitting data with seed 0
Total size = 4,032 | train size = 3,225 | val size = 807 | test size = 1,728
Fitting scaler
Building model 0
MoleculeModel(
  (encoder): MPN(
    (encoder): MPNEncoder(
      (dropout_layer): Dropout(p=0.0, inplace=False)
      (act_func): ReLU()
      (W_i_atom): Linear(in_features=133, out_features=300, bias=False)
      (W_i_bond): Linear(in_features=147, out_features=300, bias=False)
      (W_h_atom): Linear(in_features=447, out_features=300, bias=False)
      (W_h_0): Linear(in_features=300, out_features=300, bias=False)
      (W_h_1): Linear(in_features=300, out_features=300, bias=False)
      (W_o): Linear(in_features=600, out_features=300, bias=True)
      (gru): BatchGRU(
        (gru): GRU(300, 300, batch_first=True, bidirectional=True)
      )
      (lr): Linear(in_features=900, out_features=300, bias=False)
    )
  )
  (ffn): Sequential(
    (0): Dropout(p=0.0, inplace=False)
    (1): Linear(in_features=300, out_features=300, bias=True)
    (2): ReLU()
    (3): Dropout(p=0.0, inplace=False)
    (4): Linear(in_features=300, out_features=1, bias=True)
  )
)
Number of parameters = 2,022,901
Moving model to cuda
Epoch 0
Validation r2 = -0.044392
Epoch 1
Validation r2 = 0.208788
Epoch 2
Validation r2 = 0.310233
Epoch 3
Validation r2 = 0.514546
Epoch 4
Validation r2 = 0.451538
Epoch 5
Validation r2 = 0.549916
Epoch 6
Validation r2 = 0.613358
Epoch 7
Validation r2 = 0.624047
Epoch 8
Validation r2 = 0.627962
Epoch 9
Validation r2 = 0.645041
Epoch 10
Validation r2 = 0.647308
Epoch 11
Validation r2 = 0.655318
Epoch 12
Validation r2 = 0.686082
Epoch 13
Validation r2 = 0.698494
Epoch 14
Validation r2 = 0.705678
Epoch 15
Validation r2 = 0.736821
Epoch 16
Validation r2 = 0.729478
Epoch 17
Validation r2 = 0.755805
Epoch 18
Validation r2 = 0.764831
Epoch 19
Validation r2 = 0.746599
Epoch 20
Validation r2 = 0.760328
Epoch 21
Validation r2 = 0.783948
Epoch 22
Validation r2 = 0.784812
Epoch 23
Validation r2 = 0.784316
Epoch 24
Validation r2 = 0.805323
Epoch 25
Validation r2 = 0.802912
Epoch 26
Validation r2 = 0.800583
Epoch 27
Validation r2 = 0.816607
Epoch 28
Validation r2 = 0.810478
Epoch 29
Validation r2 = 0.812926
Epoch 30
Validation r2 = 0.813570
Epoch 31
Validation r2 = 0.817656
Epoch 32
Validation r2 = 0.818357
Epoch 33
Validation r2 = 0.799658
Epoch 34
Validation r2 = 0.804462
Epoch 35
Validation r2 = 0.831366
Epoch 36
Validation r2 = 0.835439
Epoch 37
Validation r2 = 0.834622
Epoch 38
Validation r2 = 0.832268
Epoch 39
Validation r2 = 0.824765
Epoch 40
Validation r2 = 0.839005
Epoch 41
Validation r2 = 0.840759
Epoch 42
Validation r2 = 0.842095
Epoch 43
Validation r2 = 0.847008
Epoch 44
Validation r2 = 0.838946
Epoch 45
Validation r2 = 0.837100
Epoch 46
Validation r2 = 0.851967
Epoch 47
Validation r2 = 0.845923
Epoch 48
Validation r2 = 0.838698
Epoch 49
Validation r2 = 0.856464
Epoch 50
Validation r2 = 0.848969
Epoch 51
Validation r2 = 0.847871
Epoch 52
Validation r2 = 0.862272
Epoch 53
Validation r2 = 0.859408
Epoch 54
Validation r2 = 0.856117
Epoch 55
Validation r2 = 0.850662
Epoch 56
Validation r2 = 0.857509
Epoch 57
Validation r2 = 0.860121
Epoch 58
Validation r2 = 0.858999
Epoch 59
Validation r2 = 0.859298
Epoch 60
Validation r2 = 0.854016
Epoch 61
Validation r2 = 0.852723
Epoch 62
Validation r2 = 0.859808
Epoch 63
Validation r2 = 0.861805
Epoch 64
Validation r2 = 0.862724
Epoch 65
Validation r2 = 0.857218
Epoch 66
Validation r2 = 0.863159
Epoch 67
Validation r2 = 0.857632
Epoch 68
Validation r2 = 0.856732
Epoch 69
Validation r2 = 0.863254
Epoch 70
Validation r2 = 0.864765
Epoch 71
Validation r2 = 0.860912
Epoch 72
Validation r2 = 0.859622
Epoch 73
Validation r2 = 0.858841
Epoch 74
Validation r2 = 0.859484
Epoch 75
Validation r2 = 0.864455
Epoch 76
Validation r2 = 0.864020
Epoch 77
Validation r2 = 0.858015
Epoch 78
Validation r2 = 0.861381
Epoch 79
Validation r2 = 0.862807
Epoch 80
Validation r2 = 0.854130
Epoch 81
Validation r2 = 0.861161
Epoch 82
Validation r2 = 0.861472
Epoch 83
Validation r2 = 0.855265
Epoch 84
Validation r2 = 0.860538
Epoch 85
Validation r2 = 0.860610
Epoch 86
Validation r2 = 0.858497
Epoch 87
Validation r2 = 0.859521
Epoch 88
Validation r2 = 0.862155
Epoch 89
Validation r2 = 0.862216
Epoch 90
Validation r2 = 0.858916
Epoch 91
Validation r2 = 0.860318
Epoch 92
Validation r2 = 0.862381
Epoch 93
Validation r2 = 0.860434
Epoch 94
Validation r2 = 0.859016
Epoch 95
Validation r2 = 0.861772
Epoch 96
Validation r2 = 0.861250
Epoch 97
Validation r2 = 0.858595
Epoch 98
Validation r2 = 0.859440
Epoch 99
Validation r2 = 0.858955
Model 0 best validation r2 = 0.864765 on epoch 70
Moving model to cuda
Model 0 test mae = 0.289741
Model 0 test mse = 0.163365
Model 0 test r2 = 0.835644
Ensemble test mae = 0.289741
Ensemble test mse = 0.163365
Ensemble test r2 = 0.835644
1-fold cross validation
Seed 0 ==> test r2 = 0.835644
Overall test r2 = 0.835644 +/- 0.000000
