Fold 0
Loading data
Number of tasks = 1
Splitting data with seed 0
Total size = 4,032 | train size = 3,225 | val size = 807 | test size = 1,728
Fitting scaler
Building model 0
MoleculeModel(
  (encoder): MPN(
    (encoder): MPNEncoder(
      (dropout_layer): Dropout(p=0.0, inplace=False)
      (act_func): ReLU()
      (W_i_atom): Linear(in_features=133, out_features=300, bias=False)
      (W_i_bond): Linear(in_features=147, out_features=300, bias=False)
      (W_h_atom): Linear(in_features=447, out_features=300, bias=False)
      (W_h_0): Linear(in_features=300, out_features=300, bias=False)
      (W_h_1): Linear(in_features=300, out_features=300, bias=False)
      (W_o): Linear(in_features=600, out_features=300, bias=True)
      (gru): BatchGRU(
        (gru): GRU(300, 300, batch_first=True, bidirectional=True)
      )
      (lr): Linear(in_features=900, out_features=300, bias=False)
    )
  )
  (ffn): Sequential(
    (0): Dropout(p=0.0, inplace=False)
    (1): Linear(in_features=2100, out_features=300, bias=True)
    (2): ReLU()
    (3): Dropout(p=0.0, inplace=False)
    (4): Linear(in_features=300, out_features=1, bias=True)
  )
)
Number of parameters = 2,562,901
Moving model to cuda
Epoch 0
Validation r2 = 0.041209
Epoch 1
Validation r2 = 0.306592
Epoch 2
Validation r2 = 0.529039
Epoch 3
Validation r2 = 0.580776
Epoch 4
Validation r2 = 0.634039
Epoch 5
Validation r2 = 0.639670
Epoch 6
Validation r2 = 0.640401
Epoch 7
Validation r2 = 0.666288
Epoch 8
Validation r2 = 0.664134
Epoch 9
Validation r2 = 0.707112
Epoch 10
Validation r2 = 0.717232
Epoch 11
Validation r2 = 0.730070
Epoch 12
Validation r2 = 0.751526
Epoch 13
Validation r2 = 0.763999
Epoch 14
Validation r2 = 0.776036
Epoch 15
Validation r2 = 0.772737
Epoch 16
Validation r2 = 0.788895
Epoch 17
Validation r2 = 0.787842
Epoch 18
Validation r2 = 0.790564
Epoch 19
Validation r2 = 0.807516
Epoch 20
Validation r2 = 0.813204
Epoch 21
Validation r2 = 0.822999
Epoch 22
Validation r2 = 0.826860
Epoch 23
Validation r2 = 0.827612
Epoch 24
Validation r2 = 0.836694
Epoch 25
Validation r2 = 0.819122
Epoch 26
Validation r2 = 0.838863
Epoch 27
Validation r2 = 0.840814
Epoch 28
Validation r2 = 0.842400
Epoch 29
Validation r2 = 0.848153
Epoch 30
Validation r2 = 0.848566
Epoch 31
Validation r2 = 0.852312
Epoch 32
Validation r2 = 0.843415
Epoch 33
Validation r2 = 0.854812
Epoch 34
Validation r2 = 0.853089
Epoch 35
Validation r2 = 0.857015
Epoch 36
Validation r2 = 0.851055
Epoch 37
Validation r2 = 0.850842
Epoch 38
Validation r2 = 0.849414
Epoch 39
Validation r2 = 0.861178
Epoch 40
Validation r2 = 0.853988
Epoch 41
Validation r2 = 0.859532
Epoch 42
Validation r2 = 0.859688
Epoch 43
Validation r2 = 0.853229
Epoch 44
Validation r2 = 0.855545
Epoch 45
Validation r2 = 0.860214
Epoch 46
Validation r2 = 0.853916
Epoch 47
Validation r2 = 0.843077
Epoch 48
Validation r2 = 0.856531
Epoch 49
Validation r2 = 0.859052
Epoch 50
Validation r2 = 0.850033
Epoch 51
Validation r2 = 0.857609
Epoch 52
Validation r2 = 0.853642
Epoch 53
Validation r2 = 0.856289
Epoch 54
Validation r2 = 0.851432
Epoch 55
Validation r2 = 0.848966
Epoch 56
Validation r2 = 0.856332
Epoch 57
Validation r2 = 0.854846
Epoch 58
Validation r2 = 0.849890
Epoch 59
Validation r2 = 0.850703
Epoch 60
Validation r2 = 0.853196
Epoch 61
Validation r2 = 0.849309
Epoch 62
Validation r2 = 0.855397
Epoch 63
Validation r2 = 0.850797
Epoch 64
Validation r2 = 0.849997
Epoch 65
Validation r2 = 0.848147
Epoch 66
Validation r2 = 0.847467
Epoch 67
Validation r2 = 0.849073
Epoch 68
Validation r2 = 0.850638
Epoch 69
Validation r2 = 0.846540
Epoch 70
Validation r2 = 0.850111
Epoch 71
Validation r2 = 0.848191
Epoch 72
Validation r2 = 0.849426
Epoch 73
Validation r2 = 0.849997
Epoch 74
Validation r2 = 0.848397
Epoch 75
Validation r2 = 0.844854
Epoch 76
Validation r2 = 0.847340
Epoch 77
Validation r2 = 0.846018
Epoch 78
Validation r2 = 0.848751
Epoch 79
Validation r2 = 0.846339
Epoch 80
Validation r2 = 0.845784
Epoch 81
Validation r2 = 0.844490
Epoch 82
Validation r2 = 0.844233
Epoch 83
Validation r2 = 0.842108
Epoch 84
Validation r2 = 0.841790
Epoch 85
Validation r2 = 0.841649
Epoch 86
Validation r2 = 0.841812
Epoch 87
Validation r2 = 0.843295
Epoch 88
Validation r2 = 0.840105
Epoch 89
Validation r2 = 0.842338
Epoch 90
Validation r2 = 0.840045
Epoch 91
Validation r2 = 0.839856
Epoch 92
Validation r2 = 0.841706
Epoch 93
Validation r2 = 0.837780
Epoch 94
Validation r2 = 0.838047
Epoch 95
Validation r2 = 0.838332
Epoch 96
Validation r2 = 0.839182
Epoch 97
Validation r2 = 0.837252
Epoch 98
Validation r2 = 0.834924
Epoch 99
Validation r2 = 0.840170
Model 0 best validation r2 = 0.861178 on epoch 39
Moving model to cuda
Model 0 test mae = 0.287090
Model 0 test mse = 0.167061
Model 0 test r2 = 0.832835
Ensemble test mae = 0.287090
Ensemble test mse = 0.167061
Ensemble test r2 = 0.832835
1-fold cross validation
Seed 0 ==> test r2 = 0.832835
Overall test r2 = 0.832835 +/- 0.000000
