Fold 0
Loading data
Number of tasks = 1
Splitting data with seed 0
Total size = 4,032 | train size = 3,225 | val size = 807 | test size = 1,728
Fitting scaler
Building model 0
MoleculeModel(
  (encoder): MPN(
    (encoder): MPNEncoder(
      (dropout_layer): Dropout(p=0.0, inplace=False)
      (act_func): ReLU()
      (W_i_atom): Linear(in_features=133, out_features=300, bias=False)
      (W_i_bond): Linear(in_features=147, out_features=300, bias=False)
      (W_h_atom): Linear(in_features=447, out_features=300, bias=False)
      (W_h_0): Linear(in_features=300, out_features=300, bias=False)
      (W_h_1): Linear(in_features=300, out_features=300, bias=False)
      (W_o): Linear(in_features=600, out_features=300, bias=True)
      (gru): BatchGRU(
        (gru): GRU(300, 300, batch_first=True, bidirectional=True)
      )
      (lr): Linear(in_features=900, out_features=300, bias=False)
    )
  )
  (ffn): Sequential(
    (0): Dropout(p=0.0, inplace=False)
    (1): Linear(in_features=2100, out_features=300, bias=True)
    (2): ReLU()
    (3): Dropout(p=0.0, inplace=False)
    (4): Linear(in_features=300, out_features=1, bias=True)
  )
)
Number of parameters = 2,562,901
Moving model to cuda
Epoch 0
Validation r2 = 0.235481
Epoch 1
Validation r2 = 0.341024
Epoch 2
Validation r2 = 0.565767
Epoch 3
Validation r2 = 0.616098
Epoch 4
Validation r2 = 0.656510
Epoch 5
Validation r2 = 0.652321
Epoch 6
Validation r2 = 0.667371
Epoch 7
Validation r2 = 0.683080
Epoch 8
Validation r2 = 0.668804
Epoch 9
Validation r2 = 0.716364
Epoch 10
Validation r2 = 0.713732
Epoch 11
Validation r2 = 0.755193
Epoch 12
Validation r2 = 0.751026
Epoch 13
Validation r2 = 0.778973
Epoch 14
Validation r2 = 0.759265
Epoch 15
Validation r2 = 0.788622
Epoch 16
Validation r2 = 0.783158
Epoch 17
Validation r2 = 0.813715
Epoch 18
Validation r2 = 0.799536
Epoch 19
Validation r2 = 0.790883
Epoch 20
Validation r2 = 0.814630
Epoch 21
Validation r2 = 0.821286
Epoch 22
Validation r2 = 0.809355
Epoch 23
Validation r2 = 0.831829
Epoch 24
Validation r2 = 0.823735
Epoch 25
Validation r2 = 0.824478
Epoch 26
Validation r2 = 0.830344
Epoch 27
Validation r2 = 0.839274
Epoch 28
Validation r2 = 0.833771
Epoch 29
Validation r2 = 0.835304
Epoch 30
Validation r2 = 0.841608
Epoch 31
Validation r2 = 0.834752
Epoch 32
Validation r2 = 0.833803
Epoch 33
Validation r2 = 0.826190
Epoch 34
Validation r2 = 0.834495
Epoch 35
Validation r2 = 0.836234
Epoch 36
Validation r2 = 0.844841
Epoch 37
Validation r2 = 0.838137
Epoch 38
Validation r2 = 0.840001
Epoch 39
Validation r2 = 0.836682
Epoch 40
Validation r2 = 0.838350
Epoch 41
Validation r2 = 0.842499
Epoch 42
Validation r2 = 0.842280
Epoch 43
Validation r2 = 0.831987
Epoch 44
Validation r2 = 0.836211
Epoch 45
Validation r2 = 0.839597
Epoch 46
Validation r2 = 0.834402
Epoch 47
Validation r2 = 0.837524
Epoch 48
Validation r2 = 0.842206
Epoch 49
Validation r2 = 0.837104
Epoch 50
Validation r2 = 0.833592
Epoch 51
Validation r2 = 0.834971
Epoch 52
Validation r2 = 0.834188
Epoch 53
Validation r2 = 0.833680
Epoch 54
Validation r2 = 0.833956
Epoch 55
Validation r2 = 0.833606
Epoch 56
Validation r2 = 0.830601
Epoch 57
Validation r2 = 0.831814
Epoch 58
Validation r2 = 0.829880
Epoch 59
Validation r2 = 0.829870
Epoch 60
Validation r2 = 0.830841
Epoch 61
Validation r2 = 0.826554
Epoch 62
Validation r2 = 0.832227
Epoch 63
Validation r2 = 0.827664
Epoch 64
Validation r2 = 0.826834
Epoch 65
Validation r2 = 0.828309
Epoch 66
Validation r2 = 0.823196
Epoch 67
Validation r2 = 0.828748
Epoch 68
Validation r2 = 0.827669
Epoch 69
Validation r2 = 0.828703
Epoch 70
Validation r2 = 0.827316
Epoch 71
Validation r2 = 0.828433
Epoch 72
Validation r2 = 0.829140
Epoch 73
Validation r2 = 0.826610
Epoch 74
Validation r2 = 0.822071
Epoch 75
Validation r2 = 0.825197
Epoch 76
Validation r2 = 0.826885
Epoch 77
Validation r2 = 0.825307
Epoch 78
Validation r2 = 0.827134
Epoch 79
Validation r2 = 0.827203
Epoch 80
Validation r2 = 0.819703
Epoch 81
Validation r2 = 0.824404
Epoch 82
Validation r2 = 0.822213
Epoch 83
Validation r2 = 0.821786
Epoch 84
Validation r2 = 0.823178
Epoch 85
Validation r2 = 0.823204
Epoch 86
Validation r2 = 0.823423
Epoch 87
Validation r2 = 0.818694
Epoch 88
Validation r2 = 0.822052
Epoch 89
Validation r2 = 0.821491
Epoch 90
Validation r2 = 0.816291
Epoch 91
Validation r2 = 0.819410
Epoch 92
Validation r2 = 0.817352
Epoch 93
Validation r2 = 0.816694
Epoch 94
Validation r2 = 0.818644
Epoch 95
Validation r2 = 0.816518
Epoch 96
Validation r2 = 0.817422
Epoch 97
Validation r2 = 0.816834
Epoch 98
Validation r2 = 0.816361
Epoch 99
Validation r2 = 0.817733
Model 0 best validation r2 = 0.844841 on epoch 36
Moving model to cuda
Model 0 test mae = 0.279244
Model 0 test mse = 0.153510
Model 0 test r2 = 0.844966
Ensemble test mae = 0.279244
Ensemble test mse = 0.153510
Ensemble test r2 = 0.844966
1-fold cross validation
Seed 0 ==> test r2 = 0.844966
Overall test r2 = 0.844966 +/- 0.000000
