Fold 0
Loading data
Number of tasks = 1
Splitting data with seed 0
Total size = 2,768 | train size = 2,214 | val size = 554 | test size = 1,187
Fitting scaler
Building model 0
MoleculeModel(
  (encoder): MPN(
    (encoder): MPNEncoder(
      (dropout_layer): Dropout(p=0.0, inplace=False)
      (act_func): ReLU()
      (W_i_atom): Linear(in_features=133, out_features=300, bias=False)
      (W_i_bond): Linear(in_features=147, out_features=300, bias=False)
      (W_h_atom): Linear(in_features=447, out_features=300, bias=False)
      (W_h_0): Linear(in_features=300, out_features=300, bias=False)
      (W_h_1): Linear(in_features=300, out_features=300, bias=False)
      (W_o): Linear(in_features=600, out_features=300, bias=True)
      (gru): BatchGRU(
        (gru): GRU(300, 300, batch_first=True, bidirectional=True)
      )
      (lr): Linear(in_features=900, out_features=300, bias=False)
    )
  )
  (ffn): Sequential(
    (0): Dropout(p=0.0, inplace=False)
    (1): Linear(in_features=2100, out_features=300, bias=True)
    (2): ReLU()
    (3): Dropout(p=0.0, inplace=False)
    (4): Linear(in_features=300, out_features=1, bias=True)
  )
)
Number of parameters = 2,562,901
Moving model to cuda
Epoch 0
Validation r2 = 0.152544
Epoch 1
Validation r2 = 0.521242
Epoch 2
Validation r2 = 0.681486
Epoch 3
Validation r2 = 0.733254
Epoch 4
Validation r2 = 0.746622
Epoch 5
Validation r2 = 0.721746
Epoch 6
Validation r2 = 0.763137
Epoch 7
Validation r2 = 0.770435
Epoch 8
Validation r2 = 0.794189
Epoch 9
Validation r2 = 0.806973
Epoch 10
Validation r2 = 0.821912
Epoch 11
Validation r2 = 0.802173
Epoch 12
Validation r2 = 0.840169
Epoch 13
Validation r2 = 0.853311
Epoch 14
Validation r2 = 0.852632
Epoch 15
Validation r2 = 0.862282
Epoch 16
Validation r2 = 0.863782
Epoch 17
Validation r2 = 0.865969
Epoch 18
Validation r2 = 0.877982
Epoch 19
Validation r2 = 0.869825
Epoch 20
Validation r2 = 0.874843
Epoch 21
Validation r2 = 0.887534
Epoch 22
Validation r2 = 0.889554
Epoch 23
Validation r2 = 0.902130
Epoch 24
Validation r2 = 0.902388
Epoch 25
Validation r2 = 0.895999
Epoch 26
Validation r2 = 0.901536
Epoch 27
Validation r2 = 0.908758
Epoch 28
Validation r2 = 0.919061
Epoch 29
Validation r2 = 0.920039
Epoch 30
Validation r2 = 0.924061
Epoch 31
Validation r2 = 0.925344
Epoch 32
Validation r2 = 0.929354
Epoch 33
Validation r2 = 0.917217
Epoch 34
Validation r2 = 0.929116
Epoch 35
Validation r2 = 0.934201
Epoch 36
Validation r2 = 0.930091
Epoch 37
Validation r2 = 0.935363
Epoch 38
Validation r2 = 0.938014
Epoch 39
Validation r2 = 0.937818
Epoch 40
Validation r2 = 0.940232
Epoch 41
Validation r2 = 0.937494
Epoch 42
Validation r2 = 0.943066
Epoch 43
Validation r2 = 0.939923
Epoch 44
Validation r2 = 0.942574
Epoch 45
Validation r2 = 0.945814
Epoch 46
Validation r2 = 0.945331
Epoch 47
Validation r2 = 0.945149
Epoch 48
Validation r2 = 0.948834
Epoch 49
Validation r2 = 0.949691
Epoch 50
Validation r2 = 0.948120
Epoch 51
Validation r2 = 0.946189
Epoch 52
Validation r2 = 0.947081
Epoch 53
Validation r2 = 0.951180
Epoch 54
Validation r2 = 0.945143
Epoch 55
Validation r2 = 0.950102
Epoch 56
Validation r2 = 0.950685
Epoch 57
Validation r2 = 0.950910
Epoch 58
Validation r2 = 0.946295
Epoch 59
Validation r2 = 0.953114
Epoch 60
Validation r2 = 0.948819
Epoch 61
Validation r2 = 0.953071
Epoch 62
Validation r2 = 0.952159
Epoch 63
Validation r2 = 0.951764
Epoch 64
Validation r2 = 0.952373
Epoch 65
Validation r2 = 0.951895
Epoch 66
Validation r2 = 0.953089
Epoch 67
Validation r2 = 0.952458
Epoch 68
Validation r2 = 0.952529
Epoch 69
Validation r2 = 0.953569
Epoch 70
Validation r2 = 0.951285
Epoch 71
Validation r2 = 0.954344
Epoch 72
Validation r2 = 0.951706
Epoch 73
Validation r2 = 0.952627
Epoch 74
Validation r2 = 0.954048
Epoch 75
Validation r2 = 0.952646
Epoch 76
Validation r2 = 0.952375
Epoch 77
Validation r2 = 0.954049
Epoch 78
Validation r2 = 0.953543
Epoch 79
Validation r2 = 0.953834
Epoch 80
Validation r2 = 0.954527
Epoch 81
Validation r2 = 0.954085
Epoch 82
Validation r2 = 0.954193
Epoch 83
Validation r2 = 0.953433
Epoch 84
Validation r2 = 0.953241
Epoch 85
Validation r2 = 0.954250
Epoch 86
Validation r2 = 0.954653
Epoch 87
Validation r2 = 0.953317
Epoch 88
Validation r2 = 0.953628
Epoch 89
Validation r2 = 0.952756
Epoch 90
Validation r2 = 0.954655
Epoch 91
Validation r2 = 0.953023
Epoch 92
Validation r2 = 0.954527
Epoch 93
Validation r2 = 0.954551
Epoch 94
Validation r2 = 0.952774
Epoch 95
Validation r2 = 0.952887
Epoch 96
Validation r2 = 0.954308
Epoch 97
Validation r2 = 0.954225
Epoch 98
Validation r2 = 0.954764
Epoch 99
Validation r2 = 0.954638
Model 0 best validation r2 = 0.954764 on epoch 98
Moving model to cuda
Model 0 test mae = 0.155192
Model 0 test mse = 0.048708
Model 0 test r2 = 0.952182
Ensemble test mae = 0.155192
Ensemble test mse = 0.048708
Ensemble test r2 = 0.952182
1-fold cross validation
Seed 0 ==> test r2 = 0.952182
Overall test r2 = 0.952182 +/- 0.000000
