Fold 0
Loading data
Number of tasks = 1
Splitting data with seed 0
Total size = 601 | train size = 480 | val size = 121 | test size = 474
Fitting scaler
Building model 0
MoleculeModel(
  (encoder): MPN(
    (encoder): MPNEncoder(
      (dropout_layer): Dropout(p=0.0, inplace=False)
      (act_func): ReLU()
      (W_i_atom): Linear(in_features=133, out_features=300, bias=False)
      (W_i_bond): Linear(in_features=147, out_features=300, bias=False)
      (W_h_atom): Linear(in_features=447, out_features=300, bias=False)
      (W_h_0): Linear(in_features=300, out_features=300, bias=False)
      (W_h_1): Linear(in_features=300, out_features=300, bias=False)
      (W_o): Linear(in_features=600, out_features=300, bias=True)
      (gru): BatchGRU(
        (gru): GRU(300, 300, batch_first=True, bidirectional=True)
      )
      (lr): Linear(in_features=900, out_features=300, bias=False)
    )
  )
  (ffn): Sequential(
    (0): Dropout(p=0.0, inplace=False)
    (1): Linear(in_features=900, out_features=300, bias=True)
    (2): ReLU()
    (3): Dropout(p=0.0, inplace=False)
    (4): Linear(in_features=300, out_features=1, bias=True)
  )
)
Number of parameters = 2,202,901
Moving model to cuda
Epoch 0
Validation r2 = 0.035066
Epoch 1
Validation r2 = 0.019523
Epoch 2
Validation r2 = 0.162674
Epoch 3
Validation r2 = 0.233958
Epoch 4
Validation r2 = 0.312897
Epoch 5
Validation r2 = 0.447354
Epoch 6
Validation r2 = 0.491711
Epoch 7
Validation r2 = 0.585675
Epoch 8
Validation r2 = 0.649818
Epoch 9
Validation r2 = 0.665010
Epoch 10
Validation r2 = 0.707093
Epoch 11
Validation r2 = 0.743319
Epoch 12
Validation r2 = 0.787494
Epoch 13
Validation r2 = 0.786595
Epoch 14
Validation r2 = 0.814366
Epoch 15
Validation r2 = 0.811817
Epoch 16
Validation r2 = 0.822725
Epoch 17
Validation r2 = 0.809804
Epoch 18
Validation r2 = 0.830589
Epoch 19
Validation r2 = 0.852927
Epoch 20
Validation r2 = 0.848271
Epoch 21
Validation r2 = 0.829978
Epoch 22
Validation r2 = 0.869044
Epoch 23
Validation r2 = 0.835708
Epoch 24
Validation r2 = 0.800764
Epoch 25
Validation r2 = 0.845297
Epoch 26
Validation r2 = 0.815610
Epoch 27
Validation r2 = 0.856711
Epoch 28
Validation r2 = 0.866818
Epoch 29
Validation r2 = 0.879690
Epoch 30
Validation r2 = 0.868017
Epoch 31
Validation r2 = 0.882627
Epoch 32
Validation r2 = 0.885597
Epoch 33
Validation r2 = 0.889860
Epoch 34
Validation r2 = 0.884623
Epoch 35
Validation r2 = 0.890792
Epoch 36
Validation r2 = 0.898804
Epoch 37
Validation r2 = 0.900564
Epoch 38
Validation r2 = 0.900452
Epoch 39
Validation r2 = 0.901191
Epoch 40
Validation r2 = 0.906170
Epoch 41
Validation r2 = 0.905253
Epoch 42
Validation r2 = 0.898195
Epoch 43
Validation r2 = 0.902049
Epoch 44
Validation r2 = 0.906392
Epoch 45
Validation r2 = 0.909531
Epoch 46
Validation r2 = 0.912604
Epoch 47
Validation r2 = 0.912670
Epoch 48
Validation r2 = 0.912084
Epoch 49
Validation r2 = 0.907421
Epoch 50
Validation r2 = 0.914179
Epoch 51
Validation r2 = 0.911732
Epoch 52
Validation r2 = 0.904078
Epoch 53
Validation r2 = 0.912944
Epoch 54
Validation r2 = 0.896839
Epoch 55
Validation r2 = 0.909306
Epoch 56
Validation r2 = 0.913699
Epoch 57
Validation r2 = 0.908454
Epoch 58
Validation r2 = 0.907634
Epoch 59
Validation r2 = 0.913016
Epoch 60
Validation r2 = 0.910523
Epoch 61
Validation r2 = 0.903538
Epoch 62
Validation r2 = 0.909456
Epoch 63
Validation r2 = 0.915882
Epoch 64
Validation r2 = 0.914308
Epoch 65
Validation r2 = 0.907237
Epoch 66
Validation r2 = 0.905532
Epoch 67
Validation r2 = 0.908577
Epoch 68
Validation r2 = 0.916569
Epoch 69
Validation r2 = 0.913543
Epoch 70
Validation r2 = 0.912828
Epoch 71
Validation r2 = 0.912100
Epoch 72
Validation r2 = 0.911734
Epoch 73
Validation r2 = 0.908543
Epoch 74
Validation r2 = 0.911151
Epoch 75
Validation r2 = 0.912366
Epoch 76
Validation r2 = 0.911015
Epoch 77
Validation r2 = 0.908845
Epoch 78
Validation r2 = 0.909508
Epoch 79
Validation r2 = 0.910889
Epoch 80
Validation r2 = 0.912052
Epoch 81
Validation r2 = 0.904546
Epoch 82
Validation r2 = 0.911567
Epoch 83
Validation r2 = 0.910830
Epoch 84
Validation r2 = 0.906964
Epoch 85
Validation r2 = 0.907216
Epoch 86
Validation r2 = 0.909542
Epoch 87
Validation r2 = 0.906626
Epoch 88
Validation r2 = 0.912579
Epoch 89
Validation r2 = 0.912310
Epoch 90
Validation r2 = 0.909165
Epoch 91
Validation r2 = 0.907900
Epoch 92
Validation r2 = 0.907761
Epoch 93
Validation r2 = 0.909127
Epoch 94
Validation r2 = 0.911542
Epoch 95
Validation r2 = 0.912362
Epoch 96
Validation r2 = 0.909273
Epoch 97
Validation r2 = 0.909621
Epoch 98
Validation r2 = 0.902632
Epoch 99
Validation r2 = 0.910310
Model 0 best validation r2 = 0.916569 on epoch 68
Moving model to cuda
Model 0 test mae = 0.154635
Model 0 test mse = 0.046110
Model 0 test r2 = 0.896477
Ensemble test mae = 0.154635
Ensemble test mse = 0.046110
Ensemble test r2 = 0.896477
1-fold cross validation
Seed 0 ==> test r2 = 0.896477
Overall test r2 = 0.896477 +/- 0.000000
