Fold 0
Loading data
Number of tasks = 1
Splitting data with seed 0
Total size = 4,032 | train size = 3,225 | val size = 807 | test size = 1,728
Fitting scaler
Building model 0
MoleculeModel(
  (encoder): MPN(
    (encoder): MPNEncoder(
      (dropout_layer): Dropout(p=0.0, inplace=False)
      (act_func): ReLU()
      (W_i_atom): Linear(in_features=133, out_features=300, bias=False)
      (W_i_bond): Linear(in_features=147, out_features=300, bias=False)
      (W_h_atom): Linear(in_features=447, out_features=300, bias=False)
      (W_h_0): Linear(in_features=300, out_features=300, bias=False)
      (W_h_1): Linear(in_features=300, out_features=300, bias=False)
      (W_o): Linear(in_features=600, out_features=300, bias=True)
      (gru): BatchGRU(
        (gru): GRU(300, 300, batch_first=True, bidirectional=True)
      )
      (lr): Linear(in_features=900, out_features=300, bias=False)
    )
  )
  (ffn): Sequential(
    (0): Dropout(p=0.0, inplace=False)
    (1): Linear(in_features=2100, out_features=300, bias=True)
    (2): ReLU()
    (3): Dropout(p=0.0, inplace=False)
    (4): Linear(in_features=300, out_features=1, bias=True)
  )
)
Number of parameters = 2,562,901
Moving model to cuda
Epoch 0
Validation r2 = 0.234422
Epoch 1
Validation r2 = 0.460119
Epoch 2
Validation r2 = 0.556438
Epoch 3
Validation r2 = 0.558270
Epoch 4
Validation r2 = 0.628486
Epoch 5
Validation r2 = 0.644753
Epoch 6
Validation r2 = 0.685615
Epoch 7
Validation r2 = 0.692936
Epoch 8
Validation r2 = 0.699558
Epoch 9
Validation r2 = 0.742703
Epoch 10
Validation r2 = 0.761412
Epoch 11
Validation r2 = 0.747060
Epoch 12
Validation r2 = 0.778996
Epoch 13
Validation r2 = 0.797978
Epoch 14
Validation r2 = 0.794213
Epoch 15
Validation r2 = 0.798024
Epoch 16
Validation r2 = 0.815759
Epoch 17
Validation r2 = 0.824150
Epoch 18
Validation r2 = 0.821813
Epoch 19
Validation r2 = 0.834722
Epoch 20
Validation r2 = 0.837933
Epoch 21
Validation r2 = 0.848580
Epoch 22
Validation r2 = 0.845418
Epoch 23
Validation r2 = 0.845540
Epoch 24
Validation r2 = 0.833904
Epoch 25
Validation r2 = 0.850143
Epoch 26
Validation r2 = 0.852808
Epoch 27
Validation r2 = 0.856318
Epoch 28
Validation r2 = 0.849865
Epoch 29
Validation r2 = 0.849175
Epoch 30
Validation r2 = 0.840206
Epoch 31
Validation r2 = 0.855413
Epoch 32
Validation r2 = 0.847368
Epoch 33
Validation r2 = 0.851343
Epoch 34
Validation r2 = 0.851454
Epoch 35
Validation r2 = 0.853046
Epoch 36
Validation r2 = 0.856992
Epoch 37
Validation r2 = 0.852655
Epoch 38
Validation r2 = 0.859020
Epoch 39
Validation r2 = 0.851785
Epoch 40
Validation r2 = 0.856065
Epoch 41
Validation r2 = 0.856748
Epoch 42
Validation r2 = 0.850093
Epoch 43
Validation r2 = 0.849572
Epoch 44
Validation r2 = 0.850584
Epoch 45
Validation r2 = 0.849667
Epoch 46
Validation r2 = 0.851899
Epoch 47
Validation r2 = 0.854528
Epoch 48
Validation r2 = 0.854618
Epoch 49
Validation r2 = 0.853185
Epoch 50
Validation r2 = 0.850635
Epoch 51
Validation r2 = 0.848187
Epoch 52
Validation r2 = 0.854303
Epoch 53
Validation r2 = 0.851532
Epoch 54
Validation r2 = 0.850459
Epoch 55
Validation r2 = 0.844259
Epoch 56
Validation r2 = 0.846694
Epoch 57
Validation r2 = 0.850502
Epoch 58
Validation r2 = 0.846346
Epoch 59
Validation r2 = 0.847623
Epoch 60
Validation r2 = 0.843050
Epoch 61
Validation r2 = 0.848200
Epoch 62
Validation r2 = 0.841503
Epoch 63
Validation r2 = 0.846297
Epoch 64
Validation r2 = 0.843810
Epoch 65
Validation r2 = 0.840144
Epoch 66
Validation r2 = 0.845696
Epoch 67
Validation r2 = 0.844295
Epoch 68
Validation r2 = 0.844802
Epoch 69
Validation r2 = 0.840982
Epoch 70
Validation r2 = 0.843358
Epoch 71
Validation r2 = 0.846087
Epoch 72
Validation r2 = 0.840735
Epoch 73
Validation r2 = 0.843921
Epoch 74
Validation r2 = 0.839166
Epoch 75
Validation r2 = 0.842731
Epoch 76
Validation r2 = 0.841196
Epoch 77
Validation r2 = 0.842010
Epoch 78
Validation r2 = 0.839858
Epoch 79
Validation r2 = 0.839632
Epoch 80
Validation r2 = 0.839253
Epoch 81
Validation r2 = 0.839322
Epoch 82
Validation r2 = 0.838970
Epoch 83
Validation r2 = 0.841760
Epoch 84
Validation r2 = 0.837675
Epoch 85
Validation r2 = 0.836262
Epoch 86
Validation r2 = 0.837377
Epoch 87
Validation r2 = 0.838678
Epoch 88
Validation r2 = 0.839701
Epoch 89
Validation r2 = 0.838203
Epoch 90
Validation r2 = 0.837787
Epoch 91
Validation r2 = 0.834984
Epoch 92
Validation r2 = 0.837630
Epoch 93
Validation r2 = 0.835852
Epoch 94
Validation r2 = 0.834118
Epoch 95
Validation r2 = 0.836100
Epoch 96
Validation r2 = 0.834577
Epoch 97
Validation r2 = 0.834997
Epoch 98
Validation r2 = 0.834428
Epoch 99
Validation r2 = 0.834981
Model 0 best validation r2 = 0.859020 on epoch 38
Moving model to cuda
Model 0 test mae = 0.273382
Model 0 test mse = 0.147590
Model 0 test r2 = 0.851515
Ensemble test mae = 0.273382
Ensemble test mse = 0.147590
Ensemble test r2 = 0.851515
1-fold cross validation
Seed 0 ==> test r2 = 0.851515
Overall test r2 = 0.851515 +/- 0.000000
