Fold 0
Loading data
Number of tasks = 1
Splitting data with seed 0
Total size = 601 | train size = 480 | val size = 121 | test size = 474
Fitting scaler
Building model 0
MoleculeModel(
  (encoder): MPN(
    (encoder): MPNEncoder(
      (dropout_layer): Dropout(p=0.0, inplace=False)
      (act_func): ReLU()
      (W_i_atom): Linear(in_features=133, out_features=300, bias=False)
      (W_i_bond): Linear(in_features=147, out_features=300, bias=False)
      (W_h_atom): Linear(in_features=447, out_features=300, bias=False)
      (W_h_0): Linear(in_features=300, out_features=300, bias=False)
      (W_h_1): Linear(in_features=300, out_features=300, bias=False)
      (W_o): Linear(in_features=600, out_features=300, bias=True)
      (gru): BatchGRU(
        (gru): GRU(300, 300, batch_first=True, bidirectional=True)
      )
      (lr): Linear(in_features=900, out_features=300, bias=False)
    )
  )
  (ffn): Sequential(
    (0): Dropout(p=0.0, inplace=False)
    (1): Linear(in_features=300, out_features=300, bias=True)
    (2): ReLU()
    (3): Dropout(p=0.0, inplace=False)
    (4): Linear(in_features=300, out_features=1, bias=True)
  )
)
Number of parameters = 2,022,901
Moving model to cuda
Epoch 0
Validation r2 = 0.116950
Epoch 1
Validation r2 = 0.167210
Epoch 2
Validation r2 = -0.077642
Epoch 3
Validation r2 = 0.173528
Epoch 4
Validation r2 = 0.159164
Epoch 5
Validation r2 = 0.210273
Epoch 6
Validation r2 = 0.226160
Epoch 7
Validation r2 = 0.212503
Epoch 8
Validation r2 = 0.252691
Epoch 9
Validation r2 = 0.285490
Epoch 10
Validation r2 = 0.307978
Epoch 11
Validation r2 = 0.369482
Epoch 12
Validation r2 = 0.424281
Epoch 13
Validation r2 = 0.520008
Epoch 14
Validation r2 = 0.603342
Epoch 15
Validation r2 = 0.385885
Epoch 16
Validation r2 = 0.610783
Epoch 17
Validation r2 = 0.605293
Epoch 18
Validation r2 = 0.639749
Epoch 19
Validation r2 = 0.699516
Epoch 20
Validation r2 = 0.726504
Epoch 21
Validation r2 = 0.701775
Epoch 22
Validation r2 = 0.746955
Epoch 23
Validation r2 = 0.744926
Epoch 24
Validation r2 = 0.762009
Epoch 25
Validation r2 = 0.712361
Epoch 26
Validation r2 = 0.697386
Epoch 27
Validation r2 = 0.681112
Epoch 28
Validation r2 = 0.776668
Epoch 29
Validation r2 = 0.741991
Epoch 30
Validation r2 = 0.775052
Epoch 31
Validation r2 = 0.786581
Epoch 32
Validation r2 = 0.809068
Epoch 33
Validation r2 = 0.798904
Epoch 34
Validation r2 = 0.808186
Epoch 35
Validation r2 = 0.787256
Epoch 36
Validation r2 = 0.814868
Epoch 37
Validation r2 = 0.815498
Epoch 38
Validation r2 = 0.829494
Epoch 39
Validation r2 = 0.835655
Epoch 40
Validation r2 = 0.833871
Epoch 41
Validation r2 = 0.843227
Epoch 42
Validation r2 = 0.807495
Epoch 43
Validation r2 = 0.825984
Epoch 44
Validation r2 = 0.826643
Epoch 45
Validation r2 = 0.856261
Epoch 46
Validation r2 = 0.852442
Epoch 47
Validation r2 = 0.846565
Epoch 48
Validation r2 = 0.866183
Epoch 49
Validation r2 = 0.842667
Epoch 50
Validation r2 = 0.861580
Epoch 51
Validation r2 = 0.857100
Epoch 52
Validation r2 = 0.874049
Epoch 53
Validation r2 = 0.875891
Epoch 54
Validation r2 = 0.878686
Epoch 55
Validation r2 = 0.874240
Epoch 56
Validation r2 = 0.873777
Epoch 57
Validation r2 = 0.882959
Epoch 58
Validation r2 = 0.873190
Epoch 59
Validation r2 = 0.882459
Epoch 60
Validation r2 = 0.877033
Epoch 61
Validation r2 = 0.887140
Epoch 62
Validation r2 = 0.881568
Epoch 63
Validation r2 = 0.891966
Epoch 64
Validation r2 = 0.884508
Epoch 65
Validation r2 = 0.888000
Epoch 66
Validation r2 = 0.869012
Epoch 67
Validation r2 = 0.885205
Epoch 68
Validation r2 = 0.886187
Epoch 69
Validation r2 = 0.885581
Epoch 70
Validation r2 = 0.892282
Epoch 71
Validation r2 = 0.885635
Epoch 72
Validation r2 = 0.893941
Epoch 73
Validation r2 = 0.892401
Epoch 74
Validation r2 = 0.887641
Epoch 75
Validation r2 = 0.891928
Epoch 76
Validation r2 = 0.897237
Epoch 77
Validation r2 = 0.888605
Epoch 78
Validation r2 = 0.892889
Epoch 79
Validation r2 = 0.892827
Epoch 80
Validation r2 = 0.892731
Epoch 81
Validation r2 = 0.894490
Epoch 82
Validation r2 = 0.892507
Epoch 83
Validation r2 = 0.888083
Epoch 84
Validation r2 = 0.897392
Epoch 85
Validation r2 = 0.893324
Epoch 86
Validation r2 = 0.892523
Epoch 87
Validation r2 = 0.894202
Epoch 88
Validation r2 = 0.894367
Epoch 89
Validation r2 = 0.893478
Epoch 90
Validation r2 = 0.895533
Epoch 91
Validation r2 = 0.887631
Epoch 92
Validation r2 = 0.895767
Epoch 93
Validation r2 = 0.900243
Epoch 94
Validation r2 = 0.884256
Epoch 95
Validation r2 = 0.893788
Epoch 96
Validation r2 = 0.898092
Epoch 97
Validation r2 = 0.883905
Epoch 98
Validation r2 = 0.897472
Epoch 99
Validation r2 = 0.898180
Model 0 best validation r2 = 0.900243 on epoch 93
Moving model to cuda
Model 0 test mae = 0.158255
Model 0 test mse = 0.053120
Model 0 test r2 = 0.883116
Ensemble test mae = 0.158255
Ensemble test mse = 0.053120
Ensemble test r2 = 0.883116
1-fold cross validation
Seed 0 ==> test r2 = 0.883116
Overall test r2 = 0.883116 +/- 0.000000
