Fold 0
Loading data
Number of tasks = 1
Splitting data with seed 0
Total size = 2,768 | train size = 2,214 | val size = 554 | test size = 1,187
Fitting scaler
Building model 0
MoleculeModel(
  (encoder): MPN(
    (encoder): MPNEncoder(
      (dropout_layer): Dropout(p=0.0, inplace=False)
      (act_func): ReLU()
      (W_i_atom): Linear(in_features=133, out_features=300, bias=False)
      (W_i_bond): Linear(in_features=147, out_features=300, bias=False)
      (W_h_atom): Linear(in_features=447, out_features=300, bias=False)
      (W_h_0): Linear(in_features=300, out_features=300, bias=False)
      (W_h_1): Linear(in_features=300, out_features=300, bias=False)
      (W_o): Linear(in_features=600, out_features=300, bias=True)
      (gru): BatchGRU(
        (gru): GRU(300, 300, batch_first=True, bidirectional=True)
      )
      (lr): Linear(in_features=900, out_features=300, bias=False)
    )
  )
  (ffn): Sequential(
    (0): Dropout(p=0.0, inplace=False)
    (1): Linear(in_features=2100, out_features=300, bias=True)
    (2): ReLU()
    (3): Dropout(p=0.0, inplace=False)
    (4): Linear(in_features=300, out_features=1, bias=True)
  )
)
Number of parameters = 2,562,901
Moving model to cuda
Epoch 0
Validation r2 = 0.056604
Epoch 1
Validation r2 = 0.596623
Epoch 2
Validation r2 = 0.715325
Epoch 3
Validation r2 = 0.777735
Epoch 4
Validation r2 = 0.810647
Epoch 5
Validation r2 = 0.786573
Epoch 6
Validation r2 = 0.818665
Epoch 7
Validation r2 = 0.823803
Epoch 8
Validation r2 = 0.821221
Epoch 9
Validation r2 = 0.773652
Epoch 10
Validation r2 = 0.818973
Epoch 11
Validation r2 = 0.834963
Epoch 12
Validation r2 = 0.840450
Epoch 13
Validation r2 = 0.838212
Epoch 14
Validation r2 = 0.841006
Epoch 15
Validation r2 = 0.867699
Epoch 16
Validation r2 = 0.865349
Epoch 17
Validation r2 = 0.874264
Epoch 18
Validation r2 = 0.875542
Epoch 19
Validation r2 = 0.881656
Epoch 20
Validation r2 = 0.894328
Epoch 21
Validation r2 = 0.893277
Epoch 22
Validation r2 = 0.902292
Epoch 23
Validation r2 = 0.897934
Epoch 24
Validation r2 = 0.910732
Epoch 25
Validation r2 = 0.908021
Epoch 26
Validation r2 = 0.908414
Epoch 27
Validation r2 = 0.912563
Epoch 28
Validation r2 = 0.917200
Epoch 29
Validation r2 = 0.922185
Epoch 30
Validation r2 = 0.926855
Epoch 31
Validation r2 = 0.925923
Epoch 32
Validation r2 = 0.927306
Epoch 33
Validation r2 = 0.932839
Epoch 34
Validation r2 = 0.928980
Epoch 35
Validation r2 = 0.936828
Epoch 36
Validation r2 = 0.930447
Epoch 37
Validation r2 = 0.937446
Epoch 38
Validation r2 = 0.939686
Epoch 39
Validation r2 = 0.939099
Epoch 40
Validation r2 = 0.938615
Epoch 41
Validation r2 = 0.938541
Epoch 42
Validation r2 = 0.939113
Epoch 43
Validation r2 = 0.940191
Epoch 44
Validation r2 = 0.939020
Epoch 45
Validation r2 = 0.934671
Epoch 46
Validation r2 = 0.932118
Epoch 47
Validation r2 = 0.938164
Epoch 48
Validation r2 = 0.938076
Epoch 49
Validation r2 = 0.939153
Epoch 50
Validation r2 = 0.941818
Epoch 51
Validation r2 = 0.940643
Epoch 52
Validation r2 = 0.941166
Epoch 53
Validation r2 = 0.942062
Epoch 54
Validation r2 = 0.942518
Epoch 55
Validation r2 = 0.940973
Epoch 56
Validation r2 = 0.943090
Epoch 57
Validation r2 = 0.942463
Epoch 58
Validation r2 = 0.943524
Epoch 59
Validation r2 = 0.941296
Epoch 60
Validation r2 = 0.942957
Epoch 61
Validation r2 = 0.942091
Epoch 62
Validation r2 = 0.943450
Epoch 63
Validation r2 = 0.942538
Epoch 64
Validation r2 = 0.942892
Epoch 65
Validation r2 = 0.943190
Epoch 66
Validation r2 = 0.943262
Epoch 67
Validation r2 = 0.942516
Epoch 68
Validation r2 = 0.942593
Epoch 69
Validation r2 = 0.942654
Epoch 70
Validation r2 = 0.942751
Epoch 71
Validation r2 = 0.942838
Epoch 72
Validation r2 = 0.941209
Epoch 73
Validation r2 = 0.941231
Epoch 74
Validation r2 = 0.942654
Epoch 75
Validation r2 = 0.943090
Epoch 76
Validation r2 = 0.942029
Epoch 77
Validation r2 = 0.942779
Epoch 78
Validation r2 = 0.940873
Epoch 79
Validation r2 = 0.942089
Epoch 80
Validation r2 = 0.942923
Epoch 81
Validation r2 = 0.941621
Epoch 82
Validation r2 = 0.942254
Epoch 83
Validation r2 = 0.942326
Epoch 84
Validation r2 = 0.942585
Epoch 85
Validation r2 = 0.942187
Epoch 86
Validation r2 = 0.942377
Epoch 87
Validation r2 = 0.941424
Epoch 88
Validation r2 = 0.942441
Epoch 89
Validation r2 = 0.941672
Epoch 90
Validation r2 = 0.942514
Epoch 91
Validation r2 = 0.942239
Epoch 92
Validation r2 = 0.943130
Epoch 93
Validation r2 = 0.942383
Epoch 94
Validation r2 = 0.943337
Epoch 95
Validation r2 = 0.941657
Epoch 96
Validation r2 = 0.942432
Epoch 97
Validation r2 = 0.942093
Epoch 98
Validation r2 = 0.942285
Epoch 99
Validation r2 = 0.942037
Model 0 best validation r2 = 0.943524 on epoch 58
Moving model to cuda
Model 0 test mae = 0.168460
Model 0 test mse = 0.056402
Model 0 test r2 = 0.944787
Ensemble test mae = 0.168460
Ensemble test mse = 0.056402
Ensemble test r2 = 0.944787
1-fold cross validation
Seed 0 ==> test r2 = 0.944787
Overall test r2 = 0.944787 +/- 0.000000
