Fold 0
Loading data
Number of tasks = 1
Splitting data with seed 0
Total size = 4,032 | train size = 3,225 | val size = 807 | test size = 1,728
Fitting scaler
Building model 0
MoleculeModel(
  (encoder): MPN(
    (encoder): MPNEncoder(
      (dropout_layer): Dropout(p=0.0, inplace=False)
      (act_func): ReLU()
      (W_i_atom): Linear(in_features=133, out_features=300, bias=False)
      (W_i_bond): Linear(in_features=147, out_features=300, bias=False)
      (W_h_atom): Linear(in_features=447, out_features=300, bias=False)
      (W_h_0): Linear(in_features=300, out_features=300, bias=False)
      (W_h_1): Linear(in_features=300, out_features=300, bias=False)
      (W_o): Linear(in_features=600, out_features=300, bias=True)
      (gru): BatchGRU(
        (gru): GRU(300, 300, batch_first=True, bidirectional=True)
      )
      (lr): Linear(in_features=900, out_features=300, bias=False)
    )
  )
  (ffn): Sequential(
    (0): Dropout(p=0.0, inplace=False)
    (1): Linear(in_features=300, out_features=300, bias=True)
    (2): ReLU()
    (3): Dropout(p=0.0, inplace=False)
    (4): Linear(in_features=300, out_features=1, bias=True)
  )
)
Number of parameters = 2,022,901
Moving model to cuda
Epoch 0
Validation r2 = 0.028104
Epoch 1
Validation r2 = 0.162018
Epoch 2
Validation r2 = 0.256084
Epoch 3
Validation r2 = 0.518146
Epoch 4
Validation r2 = 0.566860
Epoch 5
Validation r2 = 0.601953
Epoch 6
Validation r2 = 0.583827
Epoch 7
Validation r2 = 0.614551
Epoch 8
Validation r2 = 0.620093
Epoch 9
Validation r2 = 0.624647
Epoch 10
Validation r2 = 0.575975
Epoch 11
Validation r2 = 0.665875
Epoch 12
Validation r2 = 0.687534
Epoch 13
Validation r2 = 0.688971
Epoch 14
Validation r2 = 0.675420
Epoch 15
Validation r2 = 0.701343
Epoch 16
Validation r2 = 0.686485
Epoch 17
Validation r2 = 0.719468
Epoch 18
Validation r2 = 0.713462
Epoch 19
Validation r2 = 0.724189
Epoch 20
Validation r2 = 0.740533
Epoch 21
Validation r2 = 0.750769
Epoch 22
Validation r2 = 0.753357
Epoch 23
Validation r2 = 0.756824
Epoch 24
Validation r2 = 0.764132
Epoch 25
Validation r2 = 0.784172
Epoch 26
Validation r2 = 0.779969
Epoch 27
Validation r2 = 0.799447
Epoch 28
Validation r2 = 0.796321
Epoch 29
Validation r2 = 0.795042
Epoch 30
Validation r2 = 0.803941
Epoch 31
Validation r2 = 0.802754
Epoch 32
Validation r2 = 0.808246
Epoch 33
Validation r2 = 0.812602
Epoch 34
Validation r2 = 0.812675
Epoch 35
Validation r2 = 0.817197
Epoch 36
Validation r2 = 0.815425
Epoch 37
Validation r2 = 0.814717
Epoch 38
Validation r2 = 0.822490
Epoch 39
Validation r2 = 0.822728
Epoch 40
Validation r2 = 0.820613
Epoch 41
Validation r2 = 0.811951
Epoch 42
Validation r2 = 0.828264
Epoch 43
Validation r2 = 0.831282
Epoch 44
Validation r2 = 0.809781
Epoch 45
Validation r2 = 0.832744
Epoch 46
Validation r2 = 0.825407
Epoch 47
Validation r2 = 0.808091
Epoch 48
Validation r2 = 0.831747
Epoch 49
Validation r2 = 0.832352
Epoch 50
Validation r2 = 0.829149
Epoch 51
Validation r2 = 0.820289
Epoch 52
Validation r2 = 0.836327
Epoch 53
Validation r2 = 0.831631
Epoch 54
Validation r2 = 0.835079
Epoch 55
Validation r2 = 0.836959
Epoch 56
Validation r2 = 0.830675
Epoch 57
Validation r2 = 0.829129
Epoch 58
Validation r2 = 0.836238
Epoch 59
Validation r2 = 0.832131
Epoch 60
Validation r2 = 0.837508
Epoch 61
Validation r2 = 0.830494
Epoch 62
Validation r2 = 0.829647
Epoch 63
Validation r2 = 0.832654
Epoch 64
Validation r2 = 0.824240
Epoch 65
Validation r2 = 0.834351
Epoch 66
Validation r2 = 0.835475
Epoch 67
Validation r2 = 0.833483
Epoch 68
Validation r2 = 0.836052
Epoch 69
Validation r2 = 0.840717
Epoch 70
Validation r2 = 0.833397
Epoch 71
Validation r2 = 0.838278
Epoch 72
Validation r2 = 0.839905
Epoch 73
Validation r2 = 0.836476
Epoch 74
Validation r2 = 0.839323
Epoch 75
Validation r2 = 0.838562
Epoch 76
Validation r2 = 0.838867
Epoch 77
Validation r2 = 0.839394
Epoch 78
Validation r2 = 0.834625
Epoch 79
Validation r2 = 0.836753
Epoch 80
Validation r2 = 0.836010
Epoch 81
Validation r2 = 0.837631
Epoch 82
Validation r2 = 0.840296
Epoch 83
Validation r2 = 0.837159
Epoch 84
Validation r2 = 0.837113
Epoch 85
Validation r2 = 0.838451
Epoch 86
Validation r2 = 0.838424
Epoch 87
Validation r2 = 0.835894
Epoch 88
Validation r2 = 0.838239
Epoch 89
Validation r2 = 0.837996
Epoch 90
Validation r2 = 0.837740
Epoch 91
Validation r2 = 0.837053
Epoch 92
Validation r2 = 0.838830
Epoch 93
Validation r2 = 0.842830
Epoch 94
Validation r2 = 0.841322
Epoch 95
Validation r2 = 0.839412
Epoch 96
Validation r2 = 0.840430
Epoch 97
Validation r2 = 0.840647
Epoch 98
Validation r2 = 0.841788
Epoch 99
Validation r2 = 0.839819
Model 0 best validation r2 = 0.842830 on epoch 93
Moving model to cuda
Model 0 test mae = 0.290948
Model 0 test mse = 0.166218
Model 0 test r2 = 0.832131
Ensemble test mae = 0.290948
Ensemble test mse = 0.166218
Ensemble test r2 = 0.832131
1-fold cross validation
Seed 0 ==> test r2 = 0.832131
Overall test r2 = 0.832131 +/- 0.000000
