Fold 0
Loading data
Number of tasks = 1
Splitting data with seed 0
Total size = 4,032 | train size = 3,225 | val size = 807 | test size = 1,728
Fitting scaler
Building model 0
MoleculeModel(
  (encoder): MPN(
    (encoder): MPNEncoder(
      (dropout_layer): Dropout(p=0.0, inplace=False)
      (act_func): ReLU()
      (W_i_atom): Linear(in_features=133, out_features=300, bias=False)
      (W_i_bond): Linear(in_features=147, out_features=300, bias=False)
      (W_h_atom): Linear(in_features=447, out_features=300, bias=False)
      (W_h_0): Linear(in_features=300, out_features=300, bias=False)
      (W_h_1): Linear(in_features=300, out_features=300, bias=False)
      (W_o): Linear(in_features=600, out_features=300, bias=True)
      (gru): BatchGRU(
        (gru): GRU(300, 300, batch_first=True, bidirectional=True)
      )
      (lr): Linear(in_features=900, out_features=300, bias=False)
    )
  )
  (ffn): Sequential(
    (0): Dropout(p=0.0, inplace=False)
    (1): Linear(in_features=300, out_features=300, bias=True)
    (2): ReLU()
    (3): Dropout(p=0.0, inplace=False)
    (4): Linear(in_features=300, out_features=1, bias=True)
  )
)
Number of parameters = 2,022,901
Moving model to cuda
Epoch 0
Validation r2 = -0.042380
Epoch 1
Validation r2 = 0.015504
Epoch 2
Validation r2 = 0.225025
Epoch 3
Validation r2 = 0.387394
Epoch 4
Validation r2 = 0.543902
Epoch 5
Validation r2 = 0.579701
Epoch 6
Validation r2 = 0.575723
Epoch 7
Validation r2 = 0.602276
Epoch 8
Validation r2 = 0.620147
Epoch 9
Validation r2 = 0.610583
Epoch 10
Validation r2 = 0.643376
Epoch 11
Validation r2 = 0.654937
Epoch 12
Validation r2 = 0.635450
Epoch 13
Validation r2 = 0.673323
Epoch 14
Validation r2 = 0.642815
Epoch 15
Validation r2 = 0.686115
Epoch 16
Validation r2 = 0.699222
Epoch 17
Validation r2 = 0.707555
Epoch 18
Validation r2 = 0.715827
Epoch 19
Validation r2 = 0.703395
Epoch 20
Validation r2 = 0.723916
Epoch 21
Validation r2 = 0.721420
Epoch 22
Validation r2 = 0.742076
Epoch 23
Validation r2 = 0.739673
Epoch 24
Validation r2 = 0.713503
Epoch 25
Validation r2 = 0.761555
Epoch 26
Validation r2 = 0.772440
Epoch 27
Validation r2 = 0.781766
Epoch 28
Validation r2 = 0.776609
Epoch 29
Validation r2 = 0.779961
Epoch 30
Validation r2 = 0.767143
Epoch 31
Validation r2 = 0.799776
Epoch 32
Validation r2 = 0.808819
Epoch 33
Validation r2 = 0.785505
Epoch 34
Validation r2 = 0.805238
Epoch 35
Validation r2 = 0.813352
Epoch 36
Validation r2 = 0.817040
Epoch 37
Validation r2 = 0.811941
Epoch 38
Validation r2 = 0.822053
Epoch 39
Validation r2 = 0.826538
Epoch 40
Validation r2 = 0.822465
Epoch 41
Validation r2 = 0.801241
Epoch 42
Validation r2 = 0.814801
Epoch 43
Validation r2 = 0.822937
Epoch 44
Validation r2 = 0.831329
Epoch 45
Validation r2 = 0.834816
Epoch 46
Validation r2 = 0.825094
Epoch 47
Validation r2 = 0.833923
Epoch 48
Validation r2 = 0.844946
Epoch 49
Validation r2 = 0.840650
Epoch 50
Validation r2 = 0.847290
Epoch 51
Validation r2 = 0.842572
Epoch 52
Validation r2 = 0.839779
Epoch 53
Validation r2 = 0.839276
Epoch 54
Validation r2 = 0.831815
Epoch 55
Validation r2 = 0.847858
Epoch 56
Validation r2 = 0.843549
Epoch 57
Validation r2 = 0.811746
Epoch 58
Validation r2 = 0.847219
Epoch 59
Validation r2 = 0.845772
Epoch 60
Validation r2 = 0.848302
Epoch 61
Validation r2 = 0.845487
Epoch 62
Validation r2 = 0.852365
Epoch 63
Validation r2 = 0.846941
Epoch 64
Validation r2 = 0.849319
Epoch 65
Validation r2 = 0.850415
Epoch 66
Validation r2 = 0.848560
Epoch 67
Validation r2 = 0.841567
Epoch 68
Validation r2 = 0.846771
Epoch 69
Validation r2 = 0.844526
Epoch 70
Validation r2 = 0.843265
Epoch 71
Validation r2 = 0.849171
Epoch 72
Validation r2 = 0.841823
Epoch 73
Validation r2 = 0.845243
Epoch 74
Validation r2 = 0.835890
Epoch 75
Validation r2 = 0.846055
Epoch 76
Validation r2 = 0.846869
Epoch 77
Validation r2 = 0.840925
Epoch 78
Validation r2 = 0.850751
Epoch 79
Validation r2 = 0.844633
Epoch 80
Validation r2 = 0.848155
Epoch 81
Validation r2 = 0.849740
Epoch 82
Validation r2 = 0.852017
Epoch 83
Validation r2 = 0.851449
Epoch 84
Validation r2 = 0.849887
Epoch 85
Validation r2 = 0.849593
Epoch 86
Validation r2 = 0.849086
Epoch 87
Validation r2 = 0.850814
Epoch 88
Validation r2 = 0.849900
Epoch 89
Validation r2 = 0.847098
Epoch 90
Validation r2 = 0.845132
Epoch 91
Validation r2 = 0.849783
Epoch 92
Validation r2 = 0.838450
Epoch 93
Validation r2 = 0.846651
Epoch 94
Validation r2 = 0.848843
Epoch 95
Validation r2 = 0.850805
Epoch 96
Validation r2 = 0.850509
Epoch 97
Validation r2 = 0.848302
Epoch 98
Validation r2 = 0.847966
Epoch 99
Validation r2 = 0.844366
Model 0 best validation r2 = 0.852365 on epoch 62
Moving model to cuda
Model 0 test mae = 0.287453
Model 0 test mse = 0.154539
Model 0 test r2 = 0.842305
Ensemble test mae = 0.287453
Ensemble test mse = 0.154539
Ensemble test r2 = 0.842305
1-fold cross validation
Seed 0 ==> test r2 = 0.842305
Overall test r2 = 0.842305 +/- 0.000000
