Fold 0
Loading data
Number of tasks = 1
Splitting data with seed 0
Total size = 2,768 | train size = 2,214 | val size = 554 | test size = 1,187
Fitting scaler
Building model 0
MoleculeModel(
  (encoder): MPN(
    (encoder): MPNEncoder(
      (dropout_layer): Dropout(p=0.0, inplace=False)
      (act_func): ReLU()
      (W_i_atom): Linear(in_features=133, out_features=300, bias=False)
      (W_i_bond): Linear(in_features=147, out_features=300, bias=False)
      (W_h_atom): Linear(in_features=447, out_features=300, bias=False)
      (W_h_0): Linear(in_features=300, out_features=300, bias=False)
      (W_h_1): Linear(in_features=300, out_features=300, bias=False)
      (W_o): Linear(in_features=600, out_features=300, bias=True)
      (gru): BatchGRU(
        (gru): GRU(300, 300, batch_first=True, bidirectional=True)
      )
      (lr): Linear(in_features=900, out_features=300, bias=False)
    )
  )
  (ffn): Sequential(
    (0): Dropout(p=0.0, inplace=False)
    (1): Linear(in_features=300, out_features=300, bias=True)
    (2): ReLU()
    (3): Dropout(p=0.0, inplace=False)
    (4): Linear(in_features=300, out_features=1, bias=True)
  )
)
Number of parameters = 2,022,901
Moving model to cuda
Epoch 0
Validation r2 = -0.046706
Epoch 1
Validation r2 = 0.099047
Epoch 2
Validation r2 = 0.081985
Epoch 3
Validation r2 = 0.344439
Epoch 4
Validation r2 = 0.540555
Epoch 5
Validation r2 = 0.522167
Epoch 6
Validation r2 = 0.625373
Epoch 7
Validation r2 = 0.690011
Epoch 8
Validation r2 = 0.647660
Epoch 9
Validation r2 = 0.738936
Epoch 10
Validation r2 = 0.758251
Epoch 11
Validation r2 = 0.751876
Epoch 12
Validation r2 = 0.764274
Epoch 13
Validation r2 = 0.776488
Epoch 14
Validation r2 = 0.784462
Epoch 15
Validation r2 = 0.780996
Epoch 16
Validation r2 = 0.799460
Epoch 17
Validation r2 = 0.779254
Epoch 18
Validation r2 = 0.795019
Epoch 19
Validation r2 = 0.798661
Epoch 20
Validation r2 = 0.801449
Epoch 21
Validation r2 = 0.813767
Epoch 22
Validation r2 = 0.834789
Epoch 23
Validation r2 = 0.823967
Epoch 24
Validation r2 = 0.825057
Epoch 25
Validation r2 = 0.826562
Epoch 26
Validation r2 = 0.829108
Epoch 27
Validation r2 = 0.853825
Epoch 28
Validation r2 = 0.860736
Epoch 29
Validation r2 = 0.864565
Epoch 30
Validation r2 = 0.856300
Epoch 31
Validation r2 = 0.831748
Epoch 32
Validation r2 = 0.863248
Epoch 33
Validation r2 = 0.859758
Epoch 34
Validation r2 = 0.853930
Epoch 35
Validation r2 = 0.869626
Epoch 36
Validation r2 = 0.848211
Epoch 37
Validation r2 = 0.878076
Epoch 38
Validation r2 = 0.857315
Epoch 39
Validation r2 = 0.860546
Epoch 40
Validation r2 = 0.883533
Epoch 41
Validation r2 = 0.880165
Epoch 42
Validation r2 = 0.886526
Epoch 43
Validation r2 = 0.884810
Epoch 44
Validation r2 = 0.898281
Epoch 45
Validation r2 = 0.872516
Epoch 46
Validation r2 = 0.870593
Epoch 47
Validation r2 = 0.885622
Epoch 48
Validation r2 = 0.893114
Epoch 49
Validation r2 = 0.899489
Epoch 50
Validation r2 = 0.885979
Epoch 51
Validation r2 = 0.885270
Epoch 52
Validation r2 = 0.906098
Epoch 53
Validation r2 = 0.905381
Epoch 54
Validation r2 = 0.902408
Epoch 55
Validation r2 = 0.907498
Epoch 56
Validation r2 = 0.908957
Epoch 57
Validation r2 = 0.901239
Epoch 58
Validation r2 = 0.900267
Epoch 59
Validation r2 = 0.905660
Epoch 60
Validation r2 = 0.908017
Epoch 61
Validation r2 = 0.911433
Epoch 62
Validation r2 = 0.913635
Epoch 63
Validation r2 = 0.918691
Epoch 64
Validation r2 = 0.917977
Epoch 65
Validation r2 = 0.919596
Epoch 66
Validation r2 = 0.920494
Epoch 67
Validation r2 = 0.914465
Epoch 68
Validation r2 = 0.921026
Epoch 69
Validation r2 = 0.921202
Epoch 70
Validation r2 = 0.918002
Epoch 71
Validation r2 = 0.917068
Epoch 72
Validation r2 = 0.922635
Epoch 73
Validation r2 = 0.924525
Epoch 74
Validation r2 = 0.923147
Epoch 75
Validation r2 = 0.923283
Epoch 76
Validation r2 = 0.926405
Epoch 77
Validation r2 = 0.925250
Epoch 78
Validation r2 = 0.916345
Epoch 79
Validation r2 = 0.923135
Epoch 80
Validation r2 = 0.927423
Epoch 81
Validation r2 = 0.923668
Epoch 82
Validation r2 = 0.927262
Epoch 83
Validation r2 = 0.928931
Epoch 84
Validation r2 = 0.928242
Epoch 85
Validation r2 = 0.928378
Epoch 86
Validation r2 = 0.925309
Epoch 87
Validation r2 = 0.929928
Epoch 88
Validation r2 = 0.929344
Epoch 89
Validation r2 = 0.934433
Epoch 90
Validation r2 = 0.929678
Epoch 91
Validation r2 = 0.930361
Epoch 92
Validation r2 = 0.924572
Epoch 93
Validation r2 = 0.929655
Epoch 94
Validation r2 = 0.924800
Epoch 95
Validation r2 = 0.930464
Epoch 96
Validation r2 = 0.932427
Epoch 97
Validation r2 = 0.930901
Epoch 98
Validation r2 = 0.928876
Epoch 99
Validation r2 = 0.934925
Model 0 best validation r2 = 0.934925 on epoch 99
Moving model to cuda
Model 0 test mae = 0.176239
Model 0 test mse = 0.065650
Model 0 test r2 = 0.935550
Ensemble test mae = 0.176239
Ensemble test mse = 0.065650
Ensemble test r2 = 0.935550
1-fold cross validation
Seed 0 ==> test r2 = 0.935550
Overall test r2 = 0.935550 +/- 0.000000
