Fold 0
Loading data
Number of tasks = 1
Splitting data with seed 0
Total size = 2,768 | train size = 2,214 | val size = 554 | test size = 1,187
Fitting scaler
Building model 0
MoleculeModel(
  (encoder): MPN(
    (encoder): MPNEncoder(
      (dropout_layer): Dropout(p=0.0, inplace=False)
      (act_func): ReLU()
      (W_i_atom): Linear(in_features=133, out_features=300, bias=False)
      (W_i_bond): Linear(in_features=147, out_features=300, bias=False)
      (W_h_atom): Linear(in_features=447, out_features=300, bias=False)
      (W_h_0): Linear(in_features=300, out_features=300, bias=False)
      (W_h_1): Linear(in_features=300, out_features=300, bias=False)
      (W_o): Linear(in_features=600, out_features=300, bias=True)
      (gru): BatchGRU(
        (gru): GRU(300, 300, batch_first=True, bidirectional=True)
      )
      (lr): Linear(in_features=900, out_features=300, bias=False)
    )
  )
  (ffn): Sequential(
    (0): Dropout(p=0.0, inplace=False)
    (1): Linear(in_features=300, out_features=300, bias=True)
    (2): ReLU()
    (3): Dropout(p=0.0, inplace=False)
    (4): Linear(in_features=300, out_features=1, bias=True)
  )
)
Number of parameters = 2,022,901
Moving model to cuda
Epoch 0
Validation r2 = 0.039029
Epoch 1
Validation r2 = -0.013497
Epoch 2
Validation r2 = 0.146138
Epoch 3
Validation r2 = 0.316097
Epoch 4
Validation r2 = 0.523457
Epoch 5
Validation r2 = 0.658846
Epoch 6
Validation r2 = 0.679086
Epoch 7
Validation r2 = 0.717250
Epoch 8
Validation r2 = 0.731304
Epoch 9
Validation r2 = 0.751101
Epoch 10
Validation r2 = 0.716968
Epoch 11
Validation r2 = 0.792056
Epoch 12
Validation r2 = 0.790348
Epoch 13
Validation r2 = 0.782955
Epoch 14
Validation r2 = 0.806310
Epoch 15
Validation r2 = 0.811404
Epoch 16
Validation r2 = 0.789269
Epoch 17
Validation r2 = 0.818174
Epoch 18
Validation r2 = 0.831725
Epoch 19
Validation r2 = 0.809518
Epoch 20
Validation r2 = 0.830349
Epoch 21
Validation r2 = 0.850712
Epoch 22
Validation r2 = 0.859898
Epoch 23
Validation r2 = 0.856489
Epoch 24
Validation r2 = 0.865079
Epoch 25
Validation r2 = 0.876567
Epoch 26
Validation r2 = 0.875017
Epoch 27
Validation r2 = 0.871456
Epoch 28
Validation r2 = 0.886679
Epoch 29
Validation r2 = 0.871398
Epoch 30
Validation r2 = 0.883220
Epoch 31
Validation r2 = 0.894870
Epoch 32
Validation r2 = 0.894738
Epoch 33
Validation r2 = 0.889783
Epoch 34
Validation r2 = 0.894891
Epoch 35
Validation r2 = 0.911502
Epoch 36
Validation r2 = 0.909882
Epoch 37
Validation r2 = 0.902676
Epoch 38
Validation r2 = 0.911780
Epoch 39
Validation r2 = 0.917268
Epoch 40
Validation r2 = 0.915540
Epoch 41
Validation r2 = 0.921117
Epoch 42
Validation r2 = 0.928205
Epoch 43
Validation r2 = 0.911863
Epoch 44
Validation r2 = 0.920672
Epoch 45
Validation r2 = 0.928299
Epoch 46
Validation r2 = 0.924670
Epoch 47
Validation r2 = 0.926140
Epoch 48
Validation r2 = 0.928468
Epoch 49
Validation r2 = 0.925820
Epoch 50
Validation r2 = 0.937683
Epoch 51
Validation r2 = 0.935956
Epoch 52
Validation r2 = 0.937072
Epoch 53
Validation r2 = 0.933674
Epoch 54
Validation r2 = 0.941751
Epoch 55
Validation r2 = 0.941568
Epoch 56
Validation r2 = 0.936413
Epoch 57
Validation r2 = 0.936582
Epoch 58
Validation r2 = 0.941989
Epoch 59
Validation r2 = 0.937441
Epoch 60
Validation r2 = 0.942374
Epoch 61
Validation r2 = 0.939968
Epoch 62
Validation r2 = 0.938483
Epoch 63
Validation r2 = 0.946134
Epoch 64
Validation r2 = 0.945507
Epoch 65
Validation r2 = 0.940583
Epoch 66
Validation r2 = 0.942023
Epoch 67
Validation r2 = 0.945675
Epoch 68
Validation r2 = 0.938872
Epoch 69
Validation r2 = 0.945183
Epoch 70
Validation r2 = 0.948446
Epoch 71
Validation r2 = 0.945944
Epoch 72
Validation r2 = 0.945770
Epoch 73
Validation r2 = 0.942695
Epoch 74
Validation r2 = 0.947340
Epoch 75
Validation r2 = 0.947829
Epoch 76
Validation r2 = 0.948284
Epoch 77
Validation r2 = 0.945634
Epoch 78
Validation r2 = 0.948581
Epoch 79
Validation r2 = 0.949264
Epoch 80
Validation r2 = 0.949178
Epoch 81
Validation r2 = 0.949268
Epoch 82
Validation r2 = 0.949041
Epoch 83
Validation r2 = 0.950996
Epoch 84
Validation r2 = 0.950756
Epoch 85
Validation r2 = 0.948310
Epoch 86
Validation r2 = 0.950027
Epoch 87
Validation r2 = 0.949306
Epoch 88
Validation r2 = 0.950324
Epoch 89
Validation r2 = 0.949608
Epoch 90
Validation r2 = 0.950195
Epoch 91
Validation r2 = 0.951635
Epoch 92
Validation r2 = 0.950541
Epoch 93
Validation r2 = 0.950393
Epoch 94
Validation r2 = 0.950360
Epoch 95
Validation r2 = 0.950274
Epoch 96
Validation r2 = 0.950684
Epoch 97
Validation r2 = 0.951796
Epoch 98
Validation r2 = 0.950624
Epoch 99
Validation r2 = 0.952025
Model 0 best validation r2 = 0.952025 on epoch 99
Moving model to cuda
Model 0 test mae = 0.175425
Model 0 test mse = 0.059706
Model 0 test r2 = 0.939395
Ensemble test mae = 0.175425
Ensemble test mse = 0.059706
Ensemble test r2 = 0.939395
1-fold cross validation
Seed 0 ==> test r2 = 0.939395
Overall test r2 = 0.939395 +/- 0.000000
