Fold 0
Loading data
Number of tasks = 1
Splitting data with seed 0
Total size = 601 | train size = 480 | val size = 121 | test size = 474
Fitting scaler
Building model 0
MoleculeModel(
  (encoder): MPN(
    (encoder): MPNEncoder(
      (dropout_layer): Dropout(p=0.0, inplace=False)
      (act_func): ReLU()
      (W_i_atom): Linear(in_features=133, out_features=300, bias=False)
      (W_i_bond): Linear(in_features=147, out_features=300, bias=False)
      (W_h_atom): Linear(in_features=447, out_features=300, bias=False)
      (W_h_0): Linear(in_features=300, out_features=300, bias=False)
      (W_h_1): Linear(in_features=300, out_features=300, bias=False)
      (W_o): Linear(in_features=600, out_features=300, bias=True)
      (gru): BatchGRU(
        (gru): GRU(300, 300, batch_first=True, bidirectional=True)
      )
      (lr): Linear(in_features=900, out_features=300, bias=False)
    )
  )
  (ffn): Sequential(
    (0): Dropout(p=0.0, inplace=False)
    (1): Linear(in_features=300, out_features=300, bias=True)
    (2): ReLU()
    (3): Dropout(p=0.0, inplace=False)
    (4): Linear(in_features=300, out_features=1, bias=True)
  )
)
Number of parameters = 2,022,901
Moving model to cuda
Epoch 0
Validation r2 = -0.160851
Epoch 1
Validation r2 = 0.139095
Epoch 2
Validation r2 = 0.149608
Epoch 3
Validation r2 = 0.249443
Epoch 4
Validation r2 = 0.235654
Epoch 5
Validation r2 = 0.237149
Epoch 6
Validation r2 = 0.257334
Epoch 7
Validation r2 = 0.258075
Epoch 8
Validation r2 = 0.260332
Epoch 9
Validation r2 = 0.263868
Epoch 10
Validation r2 = 0.291499
Epoch 11
Validation r2 = 0.303284
Epoch 12
Validation r2 = 0.299924
Epoch 13
Validation r2 = 0.307965
Epoch 14
Validation r2 = 0.410823
Epoch 15
Validation r2 = 0.397754
Epoch 16
Validation r2 = 0.483620
Epoch 17
Validation r2 = 0.540625
Epoch 18
Validation r2 = 0.550954
Epoch 19
Validation r2 = 0.597332
Epoch 20
Validation r2 = 0.632843
Epoch 21
Validation r2 = 0.637534
Epoch 22
Validation r2 = 0.639988
Epoch 23
Validation r2 = 0.698894
Epoch 24
Validation r2 = 0.675811
Epoch 25
Validation r2 = 0.691211
Epoch 26
Validation r2 = 0.741170
Epoch 27
Validation r2 = 0.758126
Epoch 28
Validation r2 = 0.755832
Epoch 29
Validation r2 = 0.736993
Epoch 30
Validation r2 = 0.760860
Epoch 31
Validation r2 = 0.735153
Epoch 32
Validation r2 = 0.749314
Epoch 33
Validation r2 = 0.713133
Epoch 34
Validation r2 = 0.782847
Epoch 35
Validation r2 = 0.734519
Epoch 36
Validation r2 = 0.713504
Epoch 37
Validation r2 = 0.765114
Epoch 38
Validation r2 = 0.787262
Epoch 39
Validation r2 = 0.803847
Epoch 40
Validation r2 = 0.813328
Epoch 41
Validation r2 = 0.792747
Epoch 42
Validation r2 = 0.781398
Epoch 43
Validation r2 = 0.816582
Epoch 44
Validation r2 = 0.825509
Epoch 45
Validation r2 = 0.829712
Epoch 46
Validation r2 = 0.829016
Epoch 47
Validation r2 = 0.827009
Epoch 48
Validation r2 = 0.828599
Epoch 49
Validation r2 = 0.796295
Epoch 50
Validation r2 = 0.822788
Epoch 51
Validation r2 = 0.827845
Epoch 52
Validation r2 = 0.833735
Epoch 53
Validation r2 = 0.828919
Epoch 54
Validation r2 = 0.830007
Epoch 55
Validation r2 = 0.831182
Epoch 56
Validation r2 = 0.826786
Epoch 57
Validation r2 = 0.837583
Epoch 58
Validation r2 = 0.834598
Epoch 59
Validation r2 = 0.829701
Epoch 60
Validation r2 = 0.837587
Epoch 61
Validation r2 = 0.839427
Epoch 62
Validation r2 = 0.839584
Epoch 63
Validation r2 = 0.838507
Epoch 64
Validation r2 = 0.839669
Epoch 65
Validation r2 = 0.837560
Epoch 66
Validation r2 = 0.844341
Epoch 67
Validation r2 = 0.842237
Epoch 68
Validation r2 = 0.836092
Epoch 69
Validation r2 = 0.844859
Epoch 70
Validation r2 = 0.842418
Epoch 71
Validation r2 = 0.840362
Epoch 72
Validation r2 = 0.845693
Epoch 73
Validation r2 = 0.846195
Epoch 74
Validation r2 = 0.846326
Epoch 75
Validation r2 = 0.840504
Epoch 76
Validation r2 = 0.844989
Epoch 77
Validation r2 = 0.843082
Epoch 78
Validation r2 = 0.846999
Epoch 79
Validation r2 = 0.848352
Epoch 80
Validation r2 = 0.842093
Epoch 81
Validation r2 = 0.848907
Epoch 82
Validation r2 = 0.846389
Epoch 83
Validation r2 = 0.848945
Epoch 84
Validation r2 = 0.847052
Epoch 85
Validation r2 = 0.848927
Epoch 86
Validation r2 = 0.849868
Epoch 87
Validation r2 = 0.849561
Epoch 88
Validation r2 = 0.848363
Epoch 89
Validation r2 = 0.839116
Epoch 90
Validation r2 = 0.842838
Epoch 91
Validation r2 = 0.844593
Epoch 92
Validation r2 = 0.851491
Epoch 93
Validation r2 = 0.851604
Epoch 94
Validation r2 = 0.850619
Epoch 95
Validation r2 = 0.851181
Epoch 96
Validation r2 = 0.852275
Epoch 97
Validation r2 = 0.852448
Epoch 98
Validation r2 = 0.849297
Epoch 99
Validation r2 = 0.850526
Model 0 best validation r2 = 0.852448 on epoch 97
Moving model to cuda
Model 0 test mae = 0.171279
Model 0 test mse = 0.054257
Model 0 test r2 = 0.887381
Ensemble test mae = 0.171279
Ensemble test mse = 0.054257
Ensemble test r2 = 0.887381
1-fold cross validation
Seed 0 ==> test r2 = 0.887381
Overall test r2 = 0.887381 +/- 0.000000
