Fold 0
Loading data
Number of tasks = 1
Splitting data with seed 0
Total size = 601 | train size = 480 | val size = 121 | test size = 474
Fitting scaler
Building model 0
MoleculeModel(
  (encoder): MPN(
    (encoder): MPNEncoder(
      (dropout_layer): Dropout(p=0.0, inplace=False)
      (act_func): ReLU()
      (W_i_atom): Linear(in_features=133, out_features=300, bias=False)
      (W_i_bond): Linear(in_features=147, out_features=300, bias=False)
      (W_h_atom): Linear(in_features=447, out_features=300, bias=False)
      (W_h_0): Linear(in_features=300, out_features=300, bias=False)
      (W_h_1): Linear(in_features=300, out_features=300, bias=False)
      (W_o): Linear(in_features=600, out_features=300, bias=True)
      (gru): BatchGRU(
        (gru): GRU(300, 300, batch_first=True, bidirectional=True)
      )
      (lr): Linear(in_features=900, out_features=300, bias=False)
    )
  )
  (ffn): Sequential(
    (0): Dropout(p=0.0, inplace=False)
    (1): Linear(in_features=300, out_features=300, bias=True)
    (2): ReLU()
    (3): Dropout(p=0.0, inplace=False)
    (4): Linear(in_features=300, out_features=1, bias=True)
  )
)
Number of parameters = 2,022,901
Moving model to cuda
Epoch 0
Validation r2 = -1.060993
Epoch 1
Validation r2 = 0.046334
Epoch 2
Validation r2 = 0.033617
Epoch 3
Validation r2 = 0.066489
Epoch 4
Validation r2 = 0.179971
Epoch 5
Validation r2 = 0.198095
Epoch 6
Validation r2 = 0.242715
Epoch 7
Validation r2 = 0.271231
Epoch 8
Validation r2 = 0.251072
Epoch 9
Validation r2 = 0.266398
Epoch 10
Validation r2 = 0.277785
Epoch 11
Validation r2 = 0.276137
Epoch 12
Validation r2 = 0.281082
Epoch 13
Validation r2 = 0.294725
Epoch 14
Validation r2 = 0.290698
Epoch 15
Validation r2 = 0.277995
Epoch 16
Validation r2 = 0.302565
Epoch 17
Validation r2 = 0.301879
Epoch 18
Validation r2 = 0.366900
Epoch 19
Validation r2 = 0.384921
Epoch 20
Validation r2 = 0.440308
Epoch 21
Validation r2 = 0.524041
Epoch 22
Validation r2 = 0.546570
Epoch 23
Validation r2 = 0.568238
Epoch 24
Validation r2 = 0.577575
Epoch 25
Validation r2 = 0.480430
Epoch 26
Validation r2 = 0.627936
Epoch 27
Validation r2 = 0.664692
Epoch 28
Validation r2 = 0.626909
Epoch 29
Validation r2 = 0.680586
Epoch 30
Validation r2 = 0.707878
Epoch 31
Validation r2 = 0.720695
Epoch 32
Validation r2 = 0.646203
Epoch 33
Validation r2 = 0.737217
Epoch 34
Validation r2 = 0.715985
Epoch 35
Validation r2 = 0.751904
Epoch 36
Validation r2 = 0.679100
Epoch 37
Validation r2 = 0.782509
Epoch 38
Validation r2 = 0.732556
Epoch 39
Validation r2 = 0.779383
Epoch 40
Validation r2 = 0.804053
Epoch 41
Validation r2 = 0.817734
Epoch 42
Validation r2 = 0.821081
Epoch 43
Validation r2 = 0.815659
Epoch 44
Validation r2 = 0.825543
Epoch 45
Validation r2 = 0.833599
Epoch 46
Validation r2 = 0.844331
Epoch 47
Validation r2 = 0.835512
Epoch 48
Validation r2 = 0.812833
Epoch 49
Validation r2 = 0.848190
Epoch 50
Validation r2 = 0.824617
Epoch 51
Validation r2 = 0.819128
Epoch 52
Validation r2 = 0.861695
Epoch 53
Validation r2 = 0.862814
Epoch 54
Validation r2 = 0.865098
Epoch 55
Validation r2 = 0.867059
Epoch 56
Validation r2 = 0.869143
Epoch 57
Validation r2 = 0.868109
Epoch 58
Validation r2 = 0.873054
Epoch 59
Validation r2 = 0.870898
Epoch 60
Validation r2 = 0.868915
Epoch 61
Validation r2 = 0.877366
Epoch 62
Validation r2 = 0.877311
Epoch 63
Validation r2 = 0.875259
Epoch 64
Validation r2 = 0.874387
Epoch 65
Validation r2 = 0.855750
Epoch 66
Validation r2 = 0.847541
Epoch 67
Validation r2 = 0.859631
Epoch 68
Validation r2 = 0.878674
Epoch 69
Validation r2 = 0.878863
Epoch 70
Validation r2 = 0.865877
Epoch 71
Validation r2 = 0.871920
Epoch 72
Validation r2 = 0.874138
Epoch 73
Validation r2 = 0.880389
Epoch 74
Validation r2 = 0.878780
Epoch 75
Validation r2 = 0.881068
Epoch 76
Validation r2 = 0.880515
Epoch 77
Validation r2 = 0.877601
Epoch 78
Validation r2 = 0.876626
Epoch 79
Validation r2 = 0.880567
Epoch 80
Validation r2 = 0.882436
Epoch 81
Validation r2 = 0.882588
Epoch 82
Validation r2 = 0.882311
Epoch 83
Validation r2 = 0.881000
Epoch 84
Validation r2 = 0.881983
Epoch 85
Validation r2 = 0.883520
Epoch 86
Validation r2 = 0.884147
Epoch 87
Validation r2 = 0.884287
Epoch 88
Validation r2 = 0.883021
Epoch 89
Validation r2 = 0.883970
Epoch 90
Validation r2 = 0.884683
Epoch 91
Validation r2 = 0.887968
Epoch 92
Validation r2 = 0.888218
Epoch 93
Validation r2 = 0.886636
Epoch 94
Validation r2 = 0.886623
Epoch 95
Validation r2 = 0.883757
Epoch 96
Validation r2 = 0.886649
Epoch 97
Validation r2 = 0.885450
Epoch 98
Validation r2 = 0.886783
Epoch 99
Validation r2 = 0.886359
Model 0 best validation r2 = 0.888218 on epoch 92
Moving model to cuda
Model 0 test mae = 0.168082
Model 0 test mse = 0.058785
Model 0 test r2 = 0.871191
Ensemble test mae = 0.168082
Ensemble test mse = 0.058785
Ensemble test r2 = 0.871191
1-fold cross validation
Seed 0 ==> test r2 = 0.871191
Overall test r2 = 0.871191 +/- 0.000000
