Fold 0
Loading data
Number of tasks = 1
Splitting data with seed 0
Total size = 2,768 | train size = 2,214 | val size = 554 | test size = 1,187
Fitting scaler
Building model 0
MoleculeModel(
  (encoder): MPN(
    (encoder): MPNEncoder(
      (dropout_layer): Dropout(p=0.0, inplace=False)
      (act_func): ReLU()
      (W_i_atom): Linear(in_features=133, out_features=300, bias=False)
      (W_i_bond): Linear(in_features=147, out_features=300, bias=False)
      (W_h_atom): Linear(in_features=447, out_features=300, bias=False)
      (W_h_0): Linear(in_features=300, out_features=300, bias=False)
      (W_h_1): Linear(in_features=300, out_features=300, bias=False)
      (W_o): Linear(in_features=600, out_features=300, bias=True)
      (gru): BatchGRU(
        (gru): GRU(300, 300, batch_first=True, bidirectional=True)
      )
      (lr): Linear(in_features=900, out_features=300, bias=False)
    )
  )
  (ffn): Sequential(
    (0): Dropout(p=0.0, inplace=False)
    (1): Linear(in_features=2100, out_features=300, bias=True)
    (2): ReLU()
    (3): Dropout(p=0.0, inplace=False)
    (4): Linear(in_features=300, out_features=1, bias=True)
  )
)
Number of parameters = 2,562,901
Moving model to cuda
Epoch 0
Validation r2 = 0.203902
Epoch 1
Validation r2 = 0.537958
Epoch 2
Validation r2 = 0.659664
Epoch 3
Validation r2 = 0.739419
Epoch 4
Validation r2 = 0.730606
Epoch 5
Validation r2 = 0.771933
Epoch 6
Validation r2 = 0.786900
Epoch 7
Validation r2 = 0.788538
Epoch 8
Validation r2 = 0.802315
Epoch 9
Validation r2 = 0.806152
Epoch 10
Validation r2 = 0.784539
Epoch 11
Validation r2 = 0.827184
Epoch 12
Validation r2 = 0.836746
Epoch 13
Validation r2 = 0.839537
Epoch 14
Validation r2 = 0.841758
Epoch 15
Validation r2 = 0.839847
Epoch 16
Validation r2 = 0.845980
Epoch 17
Validation r2 = 0.840766
Epoch 18
Validation r2 = 0.870453
Epoch 19
Validation r2 = 0.876458
Epoch 20
Validation r2 = 0.873039
Epoch 21
Validation r2 = 0.875192
Epoch 22
Validation r2 = 0.890096
Epoch 23
Validation r2 = 0.897363
Epoch 24
Validation r2 = 0.901019
Epoch 25
Validation r2 = 0.891671
Epoch 26
Validation r2 = 0.908769
Epoch 27
Validation r2 = 0.909319
Epoch 28
Validation r2 = 0.890580
Epoch 29
Validation r2 = 0.902509
Epoch 30
Validation r2 = 0.906066
Epoch 31
Validation r2 = 0.914647
Epoch 32
Validation r2 = 0.923197
Epoch 33
Validation r2 = 0.928486
Epoch 34
Validation r2 = 0.929180
Epoch 35
Validation r2 = 0.920158
Epoch 36
Validation r2 = 0.931610
Epoch 37
Validation r2 = 0.927476
Epoch 38
Validation r2 = 0.932646
Epoch 39
Validation r2 = 0.928625
Epoch 40
Validation r2 = 0.932374
Epoch 41
Validation r2 = 0.931098
Epoch 42
Validation r2 = 0.938332
Epoch 43
Validation r2 = 0.939044
Epoch 44
Validation r2 = 0.937667
Epoch 45
Validation r2 = 0.930911
Epoch 46
Validation r2 = 0.940675
Epoch 47
Validation r2 = 0.937015
Epoch 48
Validation r2 = 0.941289
Epoch 49
Validation r2 = 0.938683
Epoch 50
Validation r2 = 0.940101
Epoch 51
Validation r2 = 0.942678
Epoch 52
Validation r2 = 0.942991
Epoch 53
Validation r2 = 0.945897
Epoch 54
Validation r2 = 0.944687
Epoch 55
Validation r2 = 0.942629
Epoch 56
Validation r2 = 0.940376
Epoch 57
Validation r2 = 0.943663
Epoch 58
Validation r2 = 0.942931
Epoch 59
Validation r2 = 0.946798
Epoch 60
Validation r2 = 0.944097
Epoch 61
Validation r2 = 0.944702
Epoch 62
Validation r2 = 0.946189
Epoch 63
Validation r2 = 0.945977
Epoch 64
Validation r2 = 0.946279
Epoch 65
Validation r2 = 0.946848
Epoch 66
Validation r2 = 0.945516
Epoch 67
Validation r2 = 0.945841
Epoch 68
Validation r2 = 0.948217
Epoch 69
Validation r2 = 0.948380
Epoch 70
Validation r2 = 0.947329
Epoch 71
Validation r2 = 0.950053
Epoch 72
Validation r2 = 0.949773
Epoch 73
Validation r2 = 0.947145
Epoch 74
Validation r2 = 0.948566
Epoch 75
Validation r2 = 0.949501
Epoch 76
Validation r2 = 0.948514
Epoch 77
Validation r2 = 0.948562
Epoch 78
Validation r2 = 0.950795
Epoch 79
Validation r2 = 0.949590
Epoch 80
Validation r2 = 0.949492
Epoch 81
Validation r2 = 0.948857
Epoch 82
Validation r2 = 0.949517
Epoch 83
Validation r2 = 0.951028
Epoch 84
Validation r2 = 0.950344
Epoch 85
Validation r2 = 0.949190
Epoch 86
Validation r2 = 0.949750
Epoch 87
Validation r2 = 0.950809
Epoch 88
Validation r2 = 0.950465
Epoch 89
Validation r2 = 0.948814
Epoch 90
Validation r2 = 0.950567
Epoch 91
Validation r2 = 0.950141
Epoch 92
Validation r2 = 0.950763
Epoch 93
Validation r2 = 0.949901
Epoch 94
Validation r2 = 0.950110
Epoch 95
Validation r2 = 0.949726
Epoch 96
Validation r2 = 0.949800
Epoch 97
Validation r2 = 0.950049
Epoch 98
Validation r2 = 0.949481
Epoch 99
Validation r2 = 0.949670
Model 0 best validation r2 = 0.951028 on epoch 83
Moving model to cuda
Model 0 test mae = 0.162321
Model 0 test mse = 0.047148
Model 0 test r2 = 0.952658
Ensemble test mae = 0.162321
Ensemble test mse = 0.047148
Ensemble test r2 = 0.952658
1-fold cross validation
Seed 0 ==> test r2 = 0.952658
Overall test r2 = 0.952658 +/- 0.000000
