Fold 0
Loading data
Number of tasks = 1
Splitting data with seed 0
Total size = 601 | train size = 480 | val size = 121 | test size = 474
Fitting scaler
Building model 0
MoleculeModel(
  (encoder): MPN(
    (encoder): MPNEncoder(
      (dropout_layer): Dropout(p=0.0, inplace=False)
      (act_func): ReLU()
      (W_i_atom): Linear(in_features=133, out_features=300, bias=False)
      (W_i_bond): Linear(in_features=147, out_features=300, bias=False)
      (W_h_atom): Linear(in_features=447, out_features=300, bias=False)
      (W_h_0): Linear(in_features=300, out_features=300, bias=False)
      (W_h_1): Linear(in_features=300, out_features=300, bias=False)
      (W_o): Linear(in_features=600, out_features=300, bias=True)
      (gru): BatchGRU(
        (gru): GRU(300, 300, batch_first=True, bidirectional=True)
      )
      (lr): Linear(in_features=900, out_features=300, bias=False)
    )
  )
  (ffn): Sequential(
    (0): Dropout(p=0.0, inplace=False)
    (1): Linear(in_features=900, out_features=300, bias=True)
    (2): ReLU()
    (3): Dropout(p=0.0, inplace=False)
    (4): Linear(in_features=300, out_features=1, bias=True)
  )
)
Number of parameters = 2,202,901
Moving model to cuda
Epoch 0
Validation r2 = 0.138400
Epoch 1
Validation r2 = 0.084781
Epoch 2
Validation r2 = 0.140808
Epoch 3
Validation r2 = 0.221932
Epoch 4
Validation r2 = 0.277315
Epoch 5
Validation r2 = 0.395292
Epoch 6
Validation r2 = 0.503877
Epoch 7
Validation r2 = 0.606498
Epoch 8
Validation r2 = 0.456030
Epoch 9
Validation r2 = 0.469331
Epoch 10
Validation r2 = 0.610333
Epoch 11
Validation r2 = 0.630745
Epoch 12
Validation r2 = 0.612485
Epoch 13
Validation r2 = 0.693373
Epoch 14
Validation r2 = 0.739458
Epoch 15
Validation r2 = 0.723705
Epoch 16
Validation r2 = 0.760313
Epoch 17
Validation r2 = 0.771632
Epoch 18
Validation r2 = 0.801584
Epoch 19
Validation r2 = 0.817888
Epoch 20
Validation r2 = 0.841366
Epoch 21
Validation r2 = 0.840432
Epoch 22
Validation r2 = 0.841374
Epoch 23
Validation r2 = 0.766487
Epoch 24
Validation r2 = 0.846068
Epoch 25
Validation r2 = 0.850404
Epoch 26
Validation r2 = 0.792954
Epoch 27
Validation r2 = 0.826336
Epoch 28
Validation r2 = 0.829160
Epoch 29
Validation r2 = 0.849220
Epoch 30
Validation r2 = 0.851762
Epoch 31
Validation r2 = 0.871339
Epoch 32
Validation r2 = 0.865122
Epoch 33
Validation r2 = 0.861182
Epoch 34
Validation r2 = 0.862726
Epoch 35
Validation r2 = 0.870072
Epoch 36
Validation r2 = 0.873269
Epoch 37
Validation r2 = 0.860707
Epoch 38
Validation r2 = 0.831219
Epoch 39
Validation r2 = 0.863778
Epoch 40
Validation r2 = 0.868333
Epoch 41
Validation r2 = 0.869820
Epoch 42
Validation r2 = 0.862471
Epoch 43
Validation r2 = 0.862988
Epoch 44
Validation r2 = 0.870130
Epoch 45
Validation r2 = 0.863315
Epoch 46
Validation r2 = 0.861906
Epoch 47
Validation r2 = 0.870628
Epoch 48
Validation r2 = 0.879241
Epoch 49
Validation r2 = 0.878106
Epoch 50
Validation r2 = 0.870465
Epoch 51
Validation r2 = 0.870996
Epoch 52
Validation r2 = 0.869305
Epoch 53
Validation r2 = 0.871146
Epoch 54
Validation r2 = 0.868340
Epoch 55
Validation r2 = 0.872014
Epoch 56
Validation r2 = 0.872007
Epoch 57
Validation r2 = 0.870805
Epoch 58
Validation r2 = 0.867707
Epoch 59
Validation r2 = 0.874275
Epoch 60
Validation r2 = 0.869272
Epoch 61
Validation r2 = 0.875611
Epoch 62
Validation r2 = 0.879935
Epoch 63
Validation r2 = 0.881014
Epoch 64
Validation r2 = 0.880548
Epoch 65
Validation r2 = 0.882062
Epoch 66
Validation r2 = 0.878126
Epoch 67
Validation r2 = 0.877733
Epoch 68
Validation r2 = 0.876614
Epoch 69
Validation r2 = 0.879101
Epoch 70
Validation r2 = 0.881303
Epoch 71
Validation r2 = 0.881897
Epoch 72
Validation r2 = 0.879401
Epoch 73
Validation r2 = 0.872056
Epoch 74
Validation r2 = 0.874440
Epoch 75
Validation r2 = 0.876402
Epoch 76
Validation r2 = 0.880925
Epoch 77
Validation r2 = 0.876399
Epoch 78
Validation r2 = 0.879540
Epoch 79
Validation r2 = 0.878658
Epoch 80
Validation r2 = 0.866872
Epoch 81
Validation r2 = 0.873800
Epoch 82
Validation r2 = 0.882757
Epoch 83
Validation r2 = 0.881816
Epoch 84
Validation r2 = 0.877980
Epoch 85
Validation r2 = 0.878763
Epoch 86
Validation r2 = 0.883789
Epoch 87
Validation r2 = 0.886125
Epoch 88
Validation r2 = 0.885286
Epoch 89
Validation r2 = 0.883248
Epoch 90
Validation r2 = 0.884520
Epoch 91
Validation r2 = 0.887939
Epoch 92
Validation r2 = 0.886812
Epoch 93
Validation r2 = 0.883763
Epoch 94
Validation r2 = 0.884303
Epoch 95
Validation r2 = 0.884601
Epoch 96
Validation r2 = 0.883467
Epoch 97
Validation r2 = 0.881336
Epoch 98
Validation r2 = 0.884077
Epoch 99
Validation r2 = 0.885182
Model 0 best validation r2 = 0.887939 on epoch 91
Moving model to cuda
Model 0 test mae = 0.168972
Model 0 test mse = 0.057749
Model 0 test r2 = 0.883740
Ensemble test mae = 0.168972
Ensemble test mse = 0.057749
Ensemble test r2 = 0.883740
1-fold cross validation
Seed 0 ==> test r2 = 0.883740
Overall test r2 = 0.883740 +/- 0.000000
