Fold 0
Loading data
Number of tasks = 1
Splitting data with seed 0
Total size = 601 | train size = 480 | val size = 121 | test size = 474
Fitting scaler
Building model 0
MoleculeModel(
  (encoder): MPN(
    (encoder): MPNEncoder(
      (dropout_layer): Dropout(p=0.0, inplace=False)
      (act_func): ReLU()
      (W_i_atom): Linear(in_features=133, out_features=300, bias=False)
      (W_i_bond): Linear(in_features=147, out_features=300, bias=False)
      (W_h_atom): Linear(in_features=447, out_features=300, bias=False)
      (W_h_0): Linear(in_features=300, out_features=300, bias=False)
      (W_h_1): Linear(in_features=300, out_features=300, bias=False)
      (W_o): Linear(in_features=600, out_features=300, bias=True)
      (gru): BatchGRU(
        (gru): GRU(300, 300, batch_first=True, bidirectional=True)
      )
      (lr): Linear(in_features=900, out_features=300, bias=False)
    )
  )
  (ffn): Sequential(
    (0): Dropout(p=0.0, inplace=False)
    (1): Linear(in_features=900, out_features=300, bias=True)
    (2): ReLU()
    (3): Dropout(p=0.0, inplace=False)
    (4): Linear(in_features=300, out_features=1, bias=True)
  )
)
Number of parameters = 2,202,901
Moving model to cuda
Epoch 0
Validation r2 = 0.133192
Epoch 1
Validation r2 = -0.210473
Epoch 2
Validation r2 = 0.016443
Epoch 3
Validation r2 = 0.164767
Epoch 4
Validation r2 = 0.232814
Epoch 5
Validation r2 = 0.337813
Epoch 6
Validation r2 = 0.464982
Epoch 7
Validation r2 = 0.636214
Epoch 8
Validation r2 = 0.029728
Epoch 9
Validation r2 = 0.438275
Epoch 10
Validation r2 = 0.584208
Epoch 11
Validation r2 = 0.566732
Epoch 12
Validation r2 = 0.635161
Epoch 13
Validation r2 = 0.692416
Epoch 14
Validation r2 = 0.732121
Epoch 15
Validation r2 = 0.755328
Epoch 16
Validation r2 = 0.766535
Epoch 17
Validation r2 = 0.788893
Epoch 18
Validation r2 = 0.789177
Epoch 19
Validation r2 = 0.791113
Epoch 20
Validation r2 = 0.771491
Epoch 21
Validation r2 = 0.808743
Epoch 22
Validation r2 = 0.801644
Epoch 23
Validation r2 = 0.835470
Epoch 24
Validation r2 = 0.816568
Epoch 25
Validation r2 = 0.840471
Epoch 26
Validation r2 = 0.841039
Epoch 27
Validation r2 = 0.835291
Epoch 28
Validation r2 = 0.853463
Epoch 29
Validation r2 = 0.857398
Epoch 30
Validation r2 = 0.837606
Epoch 31
Validation r2 = 0.849652
Epoch 32
Validation r2 = 0.844304
Epoch 33
Validation r2 = 0.863667
Epoch 34
Validation r2 = 0.858597
Epoch 35
Validation r2 = 0.860810
Epoch 36
Validation r2 = 0.866575
Epoch 37
Validation r2 = 0.868124
Epoch 38
Validation r2 = 0.872308
Epoch 39
Validation r2 = 0.862487
Epoch 40
Validation r2 = 0.875116
Epoch 41
Validation r2 = 0.864649
Epoch 42
Validation r2 = 0.874450
Epoch 43
Validation r2 = 0.877143
Epoch 44
Validation r2 = 0.877639
Epoch 45
Validation r2 = 0.876546
Epoch 46
Validation r2 = 0.880520
Epoch 47
Validation r2 = 0.871309
Epoch 48
Validation r2 = 0.883821
Epoch 49
Validation r2 = 0.873419
Epoch 50
Validation r2 = 0.882663
Epoch 51
Validation r2 = 0.883570
Epoch 52
Validation r2 = 0.873738
Epoch 53
Validation r2 = 0.883363
Epoch 54
Validation r2 = 0.882133
Epoch 55
Validation r2 = 0.886799
Epoch 56
Validation r2 = 0.870806
Epoch 57
Validation r2 = 0.885230
Epoch 58
Validation r2 = 0.883134
Epoch 59
Validation r2 = 0.874290
Epoch 60
Validation r2 = 0.885077
Epoch 61
Validation r2 = 0.883388
Epoch 62
Validation r2 = 0.880908
Epoch 63
Validation r2 = 0.888266
Epoch 64
Validation r2 = 0.878645
Epoch 65
Validation r2 = 0.887728
Epoch 66
Validation r2 = 0.884154
Epoch 67
Validation r2 = 0.881292
Epoch 68
Validation r2 = 0.890812
Epoch 69
Validation r2 = 0.886499
Epoch 70
Validation r2 = 0.888270
Epoch 71
Validation r2 = 0.888622
Epoch 72
Validation r2 = 0.886590
Epoch 73
Validation r2 = 0.891603
Epoch 74
Validation r2 = 0.893260
Epoch 75
Validation r2 = 0.882569
Epoch 76
Validation r2 = 0.890981
Epoch 77
Validation r2 = 0.893341
Epoch 78
Validation r2 = 0.882711
Epoch 79
Validation r2 = 0.888465
Epoch 80
Validation r2 = 0.889753
Epoch 81
Validation r2 = 0.889803
Epoch 82
Validation r2 = 0.890428
Epoch 83
Validation r2 = 0.892582
Epoch 84
Validation r2 = 0.892230
Epoch 85
Validation r2 = 0.891573
Epoch 86
Validation r2 = 0.892063
Epoch 87
Validation r2 = 0.891358
Epoch 88
Validation r2 = 0.892879
Epoch 89
Validation r2 = 0.891384
Epoch 90
Validation r2 = 0.891269
Epoch 91
Validation r2 = 0.888953
Epoch 92
Validation r2 = 0.888362
Epoch 93
Validation r2 = 0.894851
Epoch 94
Validation r2 = 0.893674
Epoch 95
Validation r2 = 0.889546
Epoch 96
Validation r2 = 0.892170
Epoch 97
Validation r2 = 0.891324
Epoch 98
Validation r2 = 0.891142
Epoch 99
Validation r2 = 0.894533
Model 0 best validation r2 = 0.894851 on epoch 93
Moving model to cuda
Model 0 test mae = 0.159358
Model 0 test mse = 0.054741
Model 0 test r2 = 0.879551
Ensemble test mae = 0.159358
Ensemble test mse = 0.054741
Ensemble test r2 = 0.879551
1-fold cross validation
Seed 0 ==> test r2 = 0.879551
Overall test r2 = 0.879551 +/- 0.000000
