Fold 0
Loading data
Number of tasks = 1
Splitting data with seed 0
Total size = 2,768 | train size = 2,214 | val size = 554 | test size = 1,187
Fitting scaler
Building model 0
MoleculeModel(
  (encoder): MPN(
    (encoder): MPNEncoder(
      (dropout_layer): Dropout(p=0.0, inplace=False)
      (act_func): ReLU()
      (W_i_atom): Linear(in_features=133, out_features=300, bias=False)
      (W_i_bond): Linear(in_features=147, out_features=300, bias=False)
      (W_h_atom): Linear(in_features=447, out_features=300, bias=False)
      (W_h_0): Linear(in_features=300, out_features=300, bias=False)
      (W_h_1): Linear(in_features=300, out_features=300, bias=False)
      (W_o): Linear(in_features=600, out_features=300, bias=True)
      (gru): BatchGRU(
        (gru): GRU(300, 300, batch_first=True, bidirectional=True)
      )
      (lr): Linear(in_features=900, out_features=300, bias=False)
    )
  )
  (ffn): Sequential(
    (0): Dropout(p=0.0, inplace=False)
    (1): Linear(in_features=2100, out_features=300, bias=True)
    (2): ReLU()
    (3): Dropout(p=0.0, inplace=False)
    (4): Linear(in_features=300, out_features=1, bias=True)
  )
)
Number of parameters = 2,562,901
Moving model to cuda
Epoch 0
Validation r2 = 0.185342
Epoch 1
Validation r2 = 0.512575
Epoch 2
Validation r2 = 0.603584
Epoch 3
Validation r2 = 0.740767
Epoch 4
Validation r2 = 0.771622
Epoch 5
Validation r2 = 0.748386
Epoch 6
Validation r2 = 0.780997
Epoch 7
Validation r2 = 0.790393
Epoch 8
Validation r2 = 0.798427
Epoch 9
Validation r2 = 0.814757
Epoch 10
Validation r2 = 0.821417
Epoch 11
Validation r2 = 0.823134
Epoch 12
Validation r2 = 0.841122
Epoch 13
Validation r2 = 0.837146
Epoch 14
Validation r2 = 0.853705
Epoch 15
Validation r2 = 0.833290
Epoch 16
Validation r2 = 0.862860
Epoch 17
Validation r2 = 0.881312
Epoch 18
Validation r2 = 0.865800
Epoch 19
Validation r2 = 0.889367
Epoch 20
Validation r2 = 0.900529
Epoch 21
Validation r2 = 0.906020
Epoch 22
Validation r2 = 0.905730
Epoch 23
Validation r2 = 0.905946
Epoch 24
Validation r2 = 0.906363
Epoch 25
Validation r2 = 0.908392
Epoch 26
Validation r2 = 0.909600
Epoch 27
Validation r2 = 0.911919
Epoch 28
Validation r2 = 0.917820
Epoch 29
Validation r2 = 0.919351
Epoch 30
Validation r2 = 0.926593
Epoch 31
Validation r2 = 0.920862
Epoch 32
Validation r2 = 0.931310
Epoch 33
Validation r2 = 0.925904
Epoch 34
Validation r2 = 0.928402
Epoch 35
Validation r2 = 0.932025
Epoch 36
Validation r2 = 0.932180
Epoch 37
Validation r2 = 0.935464
Epoch 38
Validation r2 = 0.935276
Epoch 39
Validation r2 = 0.941930
Epoch 40
Validation r2 = 0.940508
Epoch 41
Validation r2 = 0.938587
Epoch 42
Validation r2 = 0.941735
Epoch 43
Validation r2 = 0.938826
Epoch 44
Validation r2 = 0.937461
Epoch 45
Validation r2 = 0.942889
Epoch 46
Validation r2 = 0.943979
Epoch 47
Validation r2 = 0.941691
Epoch 48
Validation r2 = 0.944670
Epoch 49
Validation r2 = 0.947267
Epoch 50
Validation r2 = 0.943755
Epoch 51
Validation r2 = 0.945037
Epoch 52
Validation r2 = 0.945852
Epoch 53
Validation r2 = 0.949312
Epoch 54
Validation r2 = 0.947592
Epoch 55
Validation r2 = 0.949711
Epoch 56
Validation r2 = 0.946987
Epoch 57
Validation r2 = 0.950186
Epoch 58
Validation r2 = 0.947506
Epoch 59
Validation r2 = 0.949141
Epoch 60
Validation r2 = 0.948139
Epoch 61
Validation r2 = 0.949933
Epoch 62
Validation r2 = 0.948722
Epoch 63
Validation r2 = 0.949136
Epoch 64
Validation r2 = 0.949994
Epoch 65
Validation r2 = 0.949769
Epoch 66
Validation r2 = 0.950318
Epoch 67
Validation r2 = 0.949751
Epoch 68
Validation r2 = 0.950159
Epoch 69
Validation r2 = 0.949010
Epoch 70
Validation r2 = 0.951766
Epoch 71
Validation r2 = 0.952220
Epoch 72
Validation r2 = 0.950504
Epoch 73
Validation r2 = 0.952172
Epoch 74
Validation r2 = 0.951629
Epoch 75
Validation r2 = 0.951934
Epoch 76
Validation r2 = 0.952635
Epoch 77
Validation r2 = 0.951870
Epoch 78
Validation r2 = 0.950323
Epoch 79
Validation r2 = 0.951828
Epoch 80
Validation r2 = 0.951293
Epoch 81
Validation r2 = 0.951436
Epoch 82
Validation r2 = 0.950857
Epoch 83
Validation r2 = 0.951826
Epoch 84
Validation r2 = 0.951870
Epoch 85
Validation r2 = 0.952310
Epoch 86
Validation r2 = 0.951513
Epoch 87
Validation r2 = 0.951788
Epoch 88
Validation r2 = 0.952148
Epoch 89
Validation r2 = 0.950511
Epoch 90
Validation r2 = 0.952154
Epoch 91
Validation r2 = 0.951767
Epoch 92
Validation r2 = 0.950659
Epoch 93
Validation r2 = 0.951809
Epoch 94
Validation r2 = 0.951894
Epoch 95
Validation r2 = 0.951704
Epoch 96
Validation r2 = 0.952445
Epoch 97
Validation r2 = 0.952599
Epoch 98
Validation r2 = 0.951806
Epoch 99
Validation r2 = 0.952061
Model 0 best validation r2 = 0.952635 on epoch 76
Moving model to cuda
Model 0 test mae = 0.154846
Model 0 test mse = 0.047893
Model 0 test r2 = 0.951582
Ensemble test mae = 0.154846
Ensemble test mse = 0.047893
Ensemble test r2 = 0.951582
1-fold cross validation
Seed 0 ==> test r2 = 0.951582
Overall test r2 = 0.951582 +/- 0.000000
