Fold 0
Loading data
Number of tasks = 1
Splitting data with seed 0
Total size = 601 | train size = 480 | val size = 121 | test size = 474
Fitting scaler
Building model 0
MoleculeModel(
  (encoder): MPN(
    (encoder): MPNEncoder(
      (dropout_layer): Dropout(p=0.0, inplace=False)
      (act_func): ReLU()
      (W_i_atom): Linear(in_features=133, out_features=300, bias=False)
      (W_i_bond): Linear(in_features=147, out_features=300, bias=False)
      (W_h_atom): Linear(in_features=447, out_features=300, bias=False)
      (W_h_0): Linear(in_features=300, out_features=300, bias=False)
      (W_h_1): Linear(in_features=300, out_features=300, bias=False)
      (W_o): Linear(in_features=600, out_features=300, bias=True)
      (gru): BatchGRU(
        (gru): GRU(300, 300, batch_first=True, bidirectional=True)
      )
      (lr): Linear(in_features=900, out_features=300, bias=False)
    )
  )
  (ffn): Sequential(
    (0): Dropout(p=0.0, inplace=False)
    (1): Linear(in_features=900, out_features=300, bias=True)
    (2): ReLU()
    (3): Dropout(p=0.0, inplace=False)
    (4): Linear(in_features=300, out_features=1, bias=True)
  )
)
Number of parameters = 2,202,901
Moving model to cuda
Epoch 0
Validation r2 = 0.038337
Epoch 1
Validation r2 = 0.032827
Epoch 2
Validation r2 = 0.107437
Epoch 3
Validation r2 = 0.239842
Epoch 4
Validation r2 = 0.239064
Epoch 5
Validation r2 = 0.376374
Epoch 6
Validation r2 = 0.539893
Epoch 7
Validation r2 = 0.353863
Epoch 8
Validation r2 = 0.667605
Epoch 9
Validation r2 = 0.647918
Epoch 10
Validation r2 = 0.728129
Epoch 11
Validation r2 = 0.765554
Epoch 12
Validation r2 = 0.771064
Epoch 13
Validation r2 = 0.780106
Epoch 14
Validation r2 = 0.806216
Epoch 15
Validation r2 = 0.792702
Epoch 16
Validation r2 = 0.811149
Epoch 17
Validation r2 = 0.828578
Epoch 18
Validation r2 = 0.840443
Epoch 19
Validation r2 = 0.779638
Epoch 20
Validation r2 = 0.844235
Epoch 21
Validation r2 = 0.835822
Epoch 22
Validation r2 = 0.849216
Epoch 23
Validation r2 = 0.845097
Epoch 24
Validation r2 = 0.858067
Epoch 25
Validation r2 = 0.834668
Epoch 26
Validation r2 = 0.872649
Epoch 27
Validation r2 = 0.869415
Epoch 28
Validation r2 = 0.751066
Epoch 29
Validation r2 = 0.804738
Epoch 30
Validation r2 = 0.761611
Epoch 31
Validation r2 = 0.804628
Epoch 32
Validation r2 = 0.811835
Epoch 33
Validation r2 = 0.864221
Epoch 34
Validation r2 = 0.862441
Epoch 35
Validation r2 = 0.848852
Epoch 36
Validation r2 = 0.870412
Epoch 37
Validation r2 = 0.852392
Epoch 38
Validation r2 = 0.873595
Epoch 39
Validation r2 = 0.873106
Epoch 40
Validation r2 = 0.886078
Epoch 41
Validation r2 = 0.882969
Epoch 42
Validation r2 = 0.874539
Epoch 43
Validation r2 = 0.877026
Epoch 44
Validation r2 = 0.873386
Epoch 45
Validation r2 = 0.885715
Epoch 46
Validation r2 = 0.890472
Epoch 47
Validation r2 = 0.882574
Epoch 48
Validation r2 = 0.890184
Epoch 49
Validation r2 = 0.874404
Epoch 50
Validation r2 = 0.889809
Epoch 51
Validation r2 = 0.887916
Epoch 52
Validation r2 = 0.881448
Epoch 53
Validation r2 = 0.891748
Epoch 54
Validation r2 = 0.891541
Epoch 55
Validation r2 = 0.890532
Epoch 56
Validation r2 = 0.876307
Epoch 57
Validation r2 = 0.890051
Epoch 58
Validation r2 = 0.887392
Epoch 59
Validation r2 = 0.888289
Epoch 60
Validation r2 = 0.892288
Epoch 61
Validation r2 = 0.888709
Epoch 62
Validation r2 = 0.892899
Epoch 63
Validation r2 = 0.895627
Epoch 64
Validation r2 = 0.884383
Epoch 65
Validation r2 = 0.892223
Epoch 66
Validation r2 = 0.881421
Epoch 67
Validation r2 = 0.888536
Epoch 68
Validation r2 = 0.896766
Epoch 69
Validation r2 = 0.885836
Epoch 70
Validation r2 = 0.891506
Epoch 71
Validation r2 = 0.895405
Epoch 72
Validation r2 = 0.893275
Epoch 73
Validation r2 = 0.897384
Epoch 74
Validation r2 = 0.894959
Epoch 75
Validation r2 = 0.890227
Epoch 76
Validation r2 = 0.897873
Epoch 77
Validation r2 = 0.895665
Epoch 78
Validation r2 = 0.886672
Epoch 79
Validation r2 = 0.893914
Epoch 80
Validation r2 = 0.894751
Epoch 81
Validation r2 = 0.893991
Epoch 82
Validation r2 = 0.895787
Epoch 83
Validation r2 = 0.895048
Epoch 84
Validation r2 = 0.896735
Epoch 85
Validation r2 = 0.896979
Epoch 86
Validation r2 = 0.893865
Epoch 87
Validation r2 = 0.893851
Epoch 88
Validation r2 = 0.896525
Epoch 89
Validation r2 = 0.892346
Epoch 90
Validation r2 = 0.894127
Epoch 91
Validation r2 = 0.895223
Epoch 92
Validation r2 = 0.893543
Epoch 93
Validation r2 = 0.898409
Epoch 94
Validation r2 = 0.896425
Epoch 95
Validation r2 = 0.891876
Epoch 96
Validation r2 = 0.897309
Epoch 97
Validation r2 = 0.895571
Epoch 98
Validation r2 = 0.895143
Epoch 99
Validation r2 = 0.897186
Model 0 best validation r2 = 0.898409 on epoch 93
Moving model to cuda
Model 0 test mae = 0.155178
Model 0 test mse = 0.052672
Model 0 test r2 = 0.884102
Ensemble test mae = 0.155178
Ensemble test mse = 0.052672
Ensemble test r2 = 0.884102
1-fold cross validation
Seed 0 ==> test r2 = 0.884102
Overall test r2 = 0.884102 +/- 0.000000
