Fold 0
Loading data
Number of tasks = 1
Splitting data with seed 0
Total size = 2,768 | train size = 2,214 | val size = 554 | test size = 1,187
Fitting scaler
Building model 0
MoleculeModel(
  (encoder): MPN(
    (encoder): MPNEncoder(
      (dropout_layer): Dropout(p=0.0, inplace=False)
      (act_func): ReLU()
      (W_i_atom): Linear(in_features=133, out_features=300, bias=False)
      (W_i_bond): Linear(in_features=147, out_features=300, bias=False)
      (W_h_atom): Linear(in_features=447, out_features=300, bias=False)
      (W_h_0): Linear(in_features=300, out_features=300, bias=False)
      (W_h_1): Linear(in_features=300, out_features=300, bias=False)
      (W_o): Linear(in_features=600, out_features=300, bias=True)
      (gru): BatchGRU(
        (gru): GRU(300, 300, batch_first=True, bidirectional=True)
      )
      (lr): Linear(in_features=900, out_features=300, bias=False)
    )
  )
  (ffn): Sequential(
    (0): Dropout(p=0.0, inplace=False)
    (1): Linear(in_features=300, out_features=300, bias=True)
    (2): ReLU()
    (3): Dropout(p=0.0, inplace=False)
    (4): Linear(in_features=300, out_features=1, bias=True)
  )
)
Number of parameters = 2,022,901
Moving model to cuda
Epoch 0
Validation r2 = -0.011464
Epoch 1
Validation r2 = 0.010623
Epoch 2
Validation r2 = 0.141147
Epoch 3
Validation r2 = 0.413156
Epoch 4
Validation r2 = 0.434882
Epoch 5
Validation r2 = 0.649675
Epoch 6
Validation r2 = 0.635077
Epoch 7
Validation r2 = 0.747441
Epoch 8
Validation r2 = 0.782612
Epoch 9
Validation r2 = 0.683953
Epoch 10
Validation r2 = 0.766347
Epoch 11
Validation r2 = 0.796108
Epoch 12
Validation r2 = 0.797079
Epoch 13
Validation r2 = 0.789263
Epoch 14
Validation r2 = 0.819935
Epoch 15
Validation r2 = 0.827709
Epoch 16
Validation r2 = 0.834555
Epoch 17
Validation r2 = 0.835095
Epoch 18
Validation r2 = 0.844854
Epoch 19
Validation r2 = 0.826839
Epoch 20
Validation r2 = 0.846519
Epoch 21
Validation r2 = 0.835809
Epoch 22
Validation r2 = 0.854804
Epoch 23
Validation r2 = 0.845504
Epoch 24
Validation r2 = 0.852789
Epoch 25
Validation r2 = 0.851485
Epoch 26
Validation r2 = 0.855993
Epoch 27
Validation r2 = 0.864079
Epoch 28
Validation r2 = 0.864856
Epoch 29
Validation r2 = 0.864279
Epoch 30
Validation r2 = 0.867918
Epoch 31
Validation r2 = 0.853032
Epoch 32
Validation r2 = 0.866246
Epoch 33
Validation r2 = 0.872490
Epoch 34
Validation r2 = 0.879263
Epoch 35
Validation r2 = 0.883548
Epoch 36
Validation r2 = 0.866928
Epoch 37
Validation r2 = 0.876053
Epoch 38
Validation r2 = 0.889618
Epoch 39
Validation r2 = 0.891178
Epoch 40
Validation r2 = 0.884407
Epoch 41
Validation r2 = 0.894770
Epoch 42
Validation r2 = 0.891455
Epoch 43
Validation r2 = 0.896323
Epoch 44
Validation r2 = 0.890755
Epoch 45
Validation r2 = 0.896184
Epoch 46
Validation r2 = 0.906081
Epoch 47
Validation r2 = 0.897219
Epoch 48
Validation r2 = 0.905327
Epoch 49
Validation r2 = 0.907001
Epoch 50
Validation r2 = 0.910016
Epoch 51
Validation r2 = 0.910384
Epoch 52
Validation r2 = 0.912197
Epoch 53
Validation r2 = 0.915281
Epoch 54
Validation r2 = 0.911305
Epoch 55
Validation r2 = 0.910297
Epoch 56
Validation r2 = 0.916209
Epoch 57
Validation r2 = 0.912888
Epoch 58
Validation r2 = 0.917416
Epoch 59
Validation r2 = 0.917137
Epoch 60
Validation r2 = 0.921110
Epoch 61
Validation r2 = 0.924297
Epoch 62
Validation r2 = 0.922588
Epoch 63
Validation r2 = 0.923167
Epoch 64
Validation r2 = 0.921932
Epoch 65
Validation r2 = 0.917375
Epoch 66
Validation r2 = 0.925477
Epoch 67
Validation r2 = 0.925633
Epoch 68
Validation r2 = 0.923945
Epoch 69
Validation r2 = 0.926596
Epoch 70
Validation r2 = 0.929352
Epoch 71
Validation r2 = 0.928625
Epoch 72
Validation r2 = 0.927703
Epoch 73
Validation r2 = 0.929617
Epoch 74
Validation r2 = 0.931150
Epoch 75
Validation r2 = 0.929774
Epoch 76
Validation r2 = 0.928983
Epoch 77
Validation r2 = 0.932247
Epoch 78
Validation r2 = 0.931626
Epoch 79
Validation r2 = 0.931928
Epoch 80
Validation r2 = 0.932861
Epoch 81
Validation r2 = 0.929193
Epoch 82
Validation r2 = 0.930429
Epoch 83
Validation r2 = 0.931449
Epoch 84
Validation r2 = 0.933768
Epoch 85
Validation r2 = 0.933211
Epoch 86
Validation r2 = 0.932556
Epoch 87
Validation r2 = 0.934326
Epoch 88
Validation r2 = 0.934464
Epoch 89
Validation r2 = 0.933438
Epoch 90
Validation r2 = 0.933898
Epoch 91
Validation r2 = 0.934310
Epoch 92
Validation r2 = 0.935062
Epoch 93
Validation r2 = 0.935742
Epoch 94
Validation r2 = 0.935574
Epoch 95
Validation r2 = 0.935691
Epoch 96
Validation r2 = 0.936596
Epoch 97
Validation r2 = 0.935961
Epoch 98
Validation r2 = 0.936589
Epoch 99
Validation r2 = 0.934980
Model 0 best validation r2 = 0.936596 on epoch 96
Moving model to cuda
Model 0 test mae = 0.185359
Model 0 test mse = 0.066543
Model 0 test r2 = 0.934860
Ensemble test mae = 0.185359
Ensemble test mse = 0.066543
Ensemble test r2 = 0.934860
1-fold cross validation
Seed 0 ==> test r2 = 0.934860
Overall test r2 = 0.934860 +/- 0.000000
