Fold 0
Loading data
Number of tasks = 1
Splitting data with seed 0
Total size = 2,768 | train size = 2,214 | val size = 554 | test size = 1,187
Fitting scaler
Building model 0
MoleculeModel(
  (encoder): MPN(
    (encoder): MPNEncoder(
      (dropout_layer): Dropout(p=0.0, inplace=False)
      (act_func): ReLU()
      (W_i_atom): Linear(in_features=133, out_features=300, bias=False)
      (W_i_bond): Linear(in_features=147, out_features=300, bias=False)
      (W_h_atom): Linear(in_features=447, out_features=300, bias=False)
      (W_h_0): Linear(in_features=300, out_features=300, bias=False)
      (W_h_1): Linear(in_features=300, out_features=300, bias=False)
      (W_o): Linear(in_features=600, out_features=300, bias=True)
      (gru): BatchGRU(
        (gru): GRU(300, 300, batch_first=True, bidirectional=True)
      )
      (lr): Linear(in_features=900, out_features=300, bias=False)
    )
  )
  (ffn): Sequential(
    (0): Dropout(p=0.0, inplace=False)
    (1): Linear(in_features=2100, out_features=300, bias=True)
    (2): ReLU()
    (3): Dropout(p=0.0, inplace=False)
    (4): Linear(in_features=300, out_features=1, bias=True)
  )
)
Number of parameters = 2,562,901
Moving model to cuda
Epoch 0
Validation r2 = 0.198320
Epoch 1
Validation r2 = 0.510328
Epoch 2
Validation r2 = 0.647113
Epoch 3
Validation r2 = 0.735010
Epoch 4
Validation r2 = 0.745368
Epoch 5
Validation r2 = 0.799651
Epoch 6
Validation r2 = 0.822232
Epoch 7
Validation r2 = 0.827215
Epoch 8
Validation r2 = 0.824421
Epoch 9
Validation r2 = 0.846079
Epoch 10
Validation r2 = 0.850442
Epoch 11
Validation r2 = 0.851301
Epoch 12
Validation r2 = 0.862259
Epoch 13
Validation r2 = 0.863213
Epoch 14
Validation r2 = 0.865806
Epoch 15
Validation r2 = 0.883769
Epoch 16
Validation r2 = 0.872318
Epoch 17
Validation r2 = 0.890191
Epoch 18
Validation r2 = 0.887062
Epoch 19
Validation r2 = 0.894877
Epoch 20
Validation r2 = 0.900690
Epoch 21
Validation r2 = 0.902162
Epoch 22
Validation r2 = 0.904485
Epoch 23
Validation r2 = 0.899166
Epoch 24
Validation r2 = 0.916501
Epoch 25
Validation r2 = 0.920440
Epoch 26
Validation r2 = 0.912883
Epoch 27
Validation r2 = 0.917929
Epoch 28
Validation r2 = 0.925842
Epoch 29
Validation r2 = 0.922788
Epoch 30
Validation r2 = 0.926354
Epoch 31
Validation r2 = 0.932063
Epoch 32
Validation r2 = 0.928037
Epoch 33
Validation r2 = 0.933900
Epoch 34
Validation r2 = 0.931878
Epoch 35
Validation r2 = 0.936071
Epoch 36
Validation r2 = 0.939975
Epoch 37
Validation r2 = 0.935968
Epoch 38
Validation r2 = 0.939509
Epoch 39
Validation r2 = 0.939483
Epoch 40
Validation r2 = 0.934624
Epoch 41
Validation r2 = 0.944076
Epoch 42
Validation r2 = 0.946686
Epoch 43
Validation r2 = 0.941645
Epoch 44
Validation r2 = 0.938161
Epoch 45
Validation r2 = 0.945551
Epoch 46
Validation r2 = 0.945775
Epoch 47
Validation r2 = 0.947708
Epoch 48
Validation r2 = 0.946639
Epoch 49
Validation r2 = 0.948103
Epoch 50
Validation r2 = 0.946468
Epoch 51
Validation r2 = 0.948608
Epoch 52
Validation r2 = 0.948493
Epoch 53
Validation r2 = 0.946728
Epoch 54
Validation r2 = 0.950484
Epoch 55
Validation r2 = 0.949915
Epoch 56
Validation r2 = 0.952030
Epoch 57
Validation r2 = 0.951426
Epoch 58
Validation r2 = 0.950060
Epoch 59
Validation r2 = 0.950365
Epoch 60
Validation r2 = 0.953212
Epoch 61
Validation r2 = 0.952923
Epoch 62
Validation r2 = 0.950033
Epoch 63
Validation r2 = 0.951830
Epoch 64
Validation r2 = 0.951378
Epoch 65
Validation r2 = 0.951551
Epoch 66
Validation r2 = 0.950612
Epoch 67
Validation r2 = 0.950683
Epoch 68
Validation r2 = 0.951997
Epoch 69
Validation r2 = 0.953198
Epoch 70
Validation r2 = 0.952460
Epoch 71
Validation r2 = 0.952567
Epoch 72
Validation r2 = 0.951816
Epoch 73
Validation r2 = 0.953211
Epoch 74
Validation r2 = 0.952767
Epoch 75
Validation r2 = 0.952962
Epoch 76
Validation r2 = 0.952730
Epoch 77
Validation r2 = 0.952964
Epoch 78
Validation r2 = 0.952808
Epoch 79
Validation r2 = 0.952219
Epoch 80
Validation r2 = 0.952811
Epoch 81
Validation r2 = 0.952240
Epoch 82
Validation r2 = 0.952962
Epoch 83
Validation r2 = 0.952708
Epoch 84
Validation r2 = 0.953265
Epoch 85
Validation r2 = 0.953078
Epoch 86
Validation r2 = 0.952052
Epoch 87
Validation r2 = 0.953271
Epoch 88
Validation r2 = 0.953535
Epoch 89
Validation r2 = 0.953653
Epoch 90
Validation r2 = 0.952461
Epoch 91
Validation r2 = 0.952108
Epoch 92
Validation r2 = 0.952911
Epoch 93
Validation r2 = 0.953862
Epoch 94
Validation r2 = 0.953156
Epoch 95
Validation r2 = 0.953126
Epoch 96
Validation r2 = 0.953119
Epoch 97
Validation r2 = 0.953577
Epoch 98
Validation r2 = 0.952303
Epoch 99
Validation r2 = 0.952744
Model 0 best validation r2 = 0.953862 on epoch 93
Moving model to cuda
Model 0 test mae = 0.159098
Model 0 test mse = 0.049234
Model 0 test r2 = 0.950107
Ensemble test mae = 0.159098
Ensemble test mse = 0.049234
Ensemble test r2 = 0.950107
1-fold cross validation
Seed 0 ==> test r2 = 0.950107
Overall test r2 = 0.950107 +/- 0.000000
