Fold 0
Loading data
Number of tasks = 1
Splitting data with seed 0
Total size = 601 | train size = 480 | val size = 121 | test size = 474
Fitting scaler
Building model 0
MoleculeModel(
  (encoder): MPN(
    (encoder): MPNEncoder(
      (dropout_layer): Dropout(p=0.0, inplace=False)
      (act_func): ReLU()
      (W_i_atom): Linear(in_features=133, out_features=300, bias=False)
      (W_i_bond): Linear(in_features=147, out_features=300, bias=False)
      (W_h_atom): Linear(in_features=447, out_features=300, bias=False)
      (W_h_0): Linear(in_features=300, out_features=300, bias=False)
      (W_h_1): Linear(in_features=300, out_features=300, bias=False)
      (W_o): Linear(in_features=600, out_features=300, bias=True)
      (gru): BatchGRU(
        (gru): GRU(300, 300, batch_first=True, bidirectional=True)
      )
      (lr): Linear(in_features=900, out_features=300, bias=False)
    )
  )
  (ffn): Sequential(
    (0): Dropout(p=0.0, inplace=False)
    (1): Linear(in_features=900, out_features=300, bias=True)
    (2): ReLU()
    (3): Dropout(p=0.0, inplace=False)
    (4): Linear(in_features=300, out_features=1, bias=True)
  )
)
Number of parameters = 2,202,901
Moving model to cuda
Epoch 0
Validation r2 = 0.007956
Epoch 1
Validation r2 = 0.129438
Epoch 2
Validation r2 = 0.200915
Epoch 3
Validation r2 = 0.162683
Epoch 4
Validation r2 = 0.259111
Epoch 5
Validation r2 = 0.311118
Epoch 6
Validation r2 = 0.337630
Epoch 7
Validation r2 = 0.558482
Epoch 8
Validation r2 = 0.206261
Epoch 9
Validation r2 = 0.679636
Epoch 10
Validation r2 = 0.650471
Epoch 11
Validation r2 = 0.637066
Epoch 12
Validation r2 = 0.654090
Epoch 13
Validation r2 = 0.747648
Epoch 14
Validation r2 = 0.795605
Epoch 15
Validation r2 = 0.796846
Epoch 16
Validation r2 = 0.804338
Epoch 17
Validation r2 = 0.821760
Epoch 18
Validation r2 = 0.814968
Epoch 19
Validation r2 = 0.822635
Epoch 20
Validation r2 = 0.819164
Epoch 21
Validation r2 = 0.838644
Epoch 22
Validation r2 = 0.839847
Epoch 23
Validation r2 = 0.823728
Epoch 24
Validation r2 = 0.847868
Epoch 25
Validation r2 = 0.852116
Epoch 26
Validation r2 = 0.809980
Epoch 27
Validation r2 = 0.851793
Epoch 28
Validation r2 = 0.846334
Epoch 29
Validation r2 = 0.825548
Epoch 30
Validation r2 = 0.838633
Epoch 31
Validation r2 = 0.851504
Epoch 32
Validation r2 = 0.861373
Epoch 33
Validation r2 = 0.846164
Epoch 34
Validation r2 = 0.850637
Epoch 35
Validation r2 = 0.859147
Epoch 36
Validation r2 = 0.872071
Epoch 37
Validation r2 = 0.868049
Epoch 38
Validation r2 = 0.858766
Epoch 39
Validation r2 = 0.866737
Epoch 40
Validation r2 = 0.870860
Epoch 41
Validation r2 = 0.863967
Epoch 42
Validation r2 = 0.851526
Epoch 43
Validation r2 = 0.853046
Epoch 44
Validation r2 = 0.863436
Epoch 45
Validation r2 = 0.862150
Epoch 46
Validation r2 = 0.856636
Epoch 47
Validation r2 = 0.863889
Epoch 48
Validation r2 = 0.875187
Epoch 49
Validation r2 = 0.875320
Epoch 50
Validation r2 = 0.867020
Epoch 51
Validation r2 = 0.870413
Epoch 52
Validation r2 = 0.866233
Epoch 53
Validation r2 = 0.867375
Epoch 54
Validation r2 = 0.866850
Epoch 55
Validation r2 = 0.871146
Epoch 56
Validation r2 = 0.871441
Epoch 57
Validation r2 = 0.871539
Epoch 58
Validation r2 = 0.873997
Epoch 59
Validation r2 = 0.874595
Epoch 60
Validation r2 = 0.870413
Epoch 61
Validation r2 = 0.869616
Epoch 62
Validation r2 = 0.875042
Epoch 63
Validation r2 = 0.877778
Epoch 64
Validation r2 = 0.876744
Epoch 65
Validation r2 = 0.881911
Epoch 66
Validation r2 = 0.877067
Epoch 67
Validation r2 = 0.876196
Epoch 68
Validation r2 = 0.874446
Epoch 69
Validation r2 = 0.877356
Epoch 70
Validation r2 = 0.881436
Epoch 71
Validation r2 = 0.881557
Epoch 72
Validation r2 = 0.877815
Epoch 73
Validation r2 = 0.865928
Epoch 74
Validation r2 = 0.874447
Epoch 75
Validation r2 = 0.881705
Epoch 76
Validation r2 = 0.881357
Epoch 77
Validation r2 = 0.875927
Epoch 78
Validation r2 = 0.876756
Epoch 79
Validation r2 = 0.878504
Epoch 80
Validation r2 = 0.875943
Epoch 81
Validation r2 = 0.881576
Epoch 82
Validation r2 = 0.881990
Epoch 83
Validation r2 = 0.877853
Epoch 84
Validation r2 = 0.876707
Epoch 85
Validation r2 = 0.878016
Epoch 86
Validation r2 = 0.882045
Epoch 87
Validation r2 = 0.885323
Epoch 88
Validation r2 = 0.884746
Epoch 89
Validation r2 = 0.883498
Epoch 90
Validation r2 = 0.885717
Epoch 91
Validation r2 = 0.888308
Epoch 92
Validation r2 = 0.886298
Epoch 93
Validation r2 = 0.883365
Epoch 94
Validation r2 = 0.883426
Epoch 95
Validation r2 = 0.884515
Epoch 96
Validation r2 = 0.884022
Epoch 97
Validation r2 = 0.882921
Epoch 98
Validation r2 = 0.884214
Epoch 99
Validation r2 = 0.886244
Model 0 best validation r2 = 0.888308 on epoch 91
Moving model to cuda
Model 0 test mae = 0.170722
Model 0 test mse = 0.057485
Model 0 test r2 = 0.884272
Ensemble test mae = 0.170722
Ensemble test mse = 0.057485
Ensemble test r2 = 0.884272
1-fold cross validation
Seed 0 ==> test r2 = 0.884272
Overall test r2 = 0.884272 +/- 0.000000
